#
# There is insufficient memory for the Java Runtime Environment to continue.
# Native memory allocation (malloc) failed to allocate 1185552 bytes. Error detail: Chunk::new
# Possible reasons:
#   The system is out of physical RAM or swap space
#   This process is running with CompressedOops enabled, and the Java Heap may be blocking the growth of the native heap
# Possible solutions:
#   Reduce memory load on the system
#   Increase physical memory or swap space
#   Check if swap backing store is full
#   Decrease Java heap size (-Xmx/-Xms)
#   Decrease number of Java threads
#   Decrease Java thread stack sizes (-Xss)
#   Set larger code cache with -XX:ReservedCodeCacheSize=
#   JVM is running with Unscaled Compressed Oops mode in which the Java heap is
#     placed in the first 4GB address space. The Java Heap base address is the
#     maximum limit for the native heap growth. Please use -XX:HeapBaseMinAddress
#     to set the Java Heap base and to place the Java Heap above 4GB virtual address.
# This output file may be truncated or incomplete.
#
#  Out of Memory Error (arena.cpp:168), pid=9748, tid=13356
#
# JRE version: OpenJDK Runtime Environment (21.0.6) (build 21.0.6+-13368085-b895.109)
# Java VM: OpenJDK 64-Bit Server VM (21.0.6+-13368085-b895.109, mixed mode, tiered, compressed oops, compressed class ptrs, g1 gc, windows-amd64)
# No core dump will be written. Minidumps are not enabled by default on client versions of Windows
#

---------------  S U M M A R Y ------------

Command Line: org.jetbrains.kotlin.cli.jvm.K2JVMCompiler @C:\Users\Ryan\AndroidStudioProjects\SobrevivaANoite\app\build\20250630_5401974631863970857.compiler.options

Host: Intel(R) Pentium(R) Gold 7505 @ 2.00GHz, 4 cores, 3G,  Windows 11 , 64 bit Build 26100 (10.0.26100.4202)
Time: Mon Jun 30 11:38:58 2025 Hora Padrão de Buenos Aires elapsed time: 5.351847 seconds (0d 0h 0m 5s)

---------------  T H R E A D  ---------------

Current thread (0x000001c877899be0):  JavaThread "C2 CompilerThread0" daemon [_thread_in_native, id=13356, stack(0x0000008785500000,0x0000008785600000) (1024K)]


Current CompileTask:
C2:5351 2561       4       org.jetbrains.kotlin.parsing.KotlinExpressionParsing::parseBinaryExpression (70 bytes)

Stack: [0x0000008785500000,0x0000008785600000]
Native frames: (J=compiled Java code, j=interpreted, Vv=VM code, C=native code)
V  [jvm.dll+0x6d0639]
V  [jvm.dll+0x85eb03]
V  [jvm.dll+0x86105e]
V  [jvm.dll+0x861743]
V  [jvm.dll+0x27e6e6]
V  [jvm.dll+0xbff6d]
V  [jvm.dll+0xc04a3]
V  [jvm.dll+0x3b61ab]
V  [jvm.dll+0x1de872]
V  [jvm.dll+0x247dd4]
V  [jvm.dll+0x247251]
V  [jvm.dll+0x1c5f04]
V  [jvm.dll+0x2569ac]
V  [jvm.dll+0x254ef6]
V  [jvm.dll+0x3f0e96]
V  [jvm.dll+0x806ed8]
V  [jvm.dll+0x6cef0d]
C  [ucrtbase.dll+0x37b0]
C  [KERNEL32.DLL+0x2e8d7]
C  [ntdll.dll+0x3c34c]


---------------  P R O C E S S  ---------------

Threads class SMR info:
_java_thread_list=0x000001c877a4a7f0, length=11, elements={
0x000001c861eb97a0, 0x000001c8778acce0, 0x000001c8778b04b0, 0x000001c8778c8f00,
0x000001c8778c9560, 0x000001c8778d1fc0, 0x000001c877899250, 0x000001c877899be0,
0x000001c8778dae10, 0x000001c877a6fa10, 0x000001c877a72240
}

Java Threads: ( => current thread )
  0x000001c861eb97a0 JavaThread "main"                              [_thread_in_vm, id=10356, stack(0x0000008784700000,0x0000008784800000) (1024K)]
  0x000001c8778acce0 JavaThread "Reference Handler"          daemon [_thread_blocked, id=12400, stack(0x0000008784f00000,0x0000008785000000) (1024K)]
  0x000001c8778b04b0 JavaThread "Finalizer"                  daemon [_thread_blocked, id=8596, stack(0x0000008785000000,0x0000008785100000) (1024K)]
  0x000001c8778c8f00 JavaThread "Signal Dispatcher"          daemon [_thread_blocked, id=13612, stack(0x0000008785100000,0x0000008785200000) (1024K)]
  0x000001c8778c9560 JavaThread "Attach Listener"            daemon [_thread_blocked, id=13052, stack(0x0000008785200000,0x0000008785300000) (1024K)]
  0x000001c8778d1fc0 JavaThread "Service Thread"             daemon [_thread_blocked, id=20964, stack(0x0000008785300000,0x0000008785400000) (1024K)]
  0x000001c877899250 JavaThread "Monitor Deflation Thread"   daemon [_thread_blocked, id=12468, stack(0x0000008785400000,0x0000008785500000) (1024K)]
=>0x000001c877899be0 JavaThread "C2 CompilerThread0"         daemon [_thread_in_native, id=13356, stack(0x0000008785500000,0x0000008785600000) (1024K)]
  0x000001c8778dae10 JavaThread "C1 CompilerThread0"         daemon [_thread_blocked, id=16404, stack(0x0000008785600000,0x0000008785700000) (1024K)]
  0x000001c877a6fa10 JavaThread "Notification Thread"        daemon [_thread_blocked, id=17056, stack(0x0000008785700000,0x0000008785800000) (1024K)]
  0x000001c877a72240 JavaThread "Common-Cleaner"             daemon [_thread_blocked, id=13568, stack(0x0000008785800000,0x0000008785900000) (1024K)]
Total: 11

Other Threads:
  0x000001c8776da3b0 VMThread "VM Thread"                           [id=17256, stack(0x0000008784e00000,0x0000008784f00000) (1024K)]
  0x000001c87767c6c0 WatcherThread "VM Periodic Task Thread"        [id=15344, stack(0x0000008784d00000,0x0000008784e00000) (1024K)]
  0x000001c861eef860 WorkerThread "GC Thread#0"                     [id=11732, stack(0x0000008784800000,0x0000008784900000) (1024K)]
  0x000001c87c36b0f0 WorkerThread "GC Thread#1"                     [id=14536, stack(0x0000008785900000,0x0000008785a00000) (1024K)]
  0x000001c87c361460 WorkerThread "GC Thread#2"                     [id=17956, stack(0x0000008785a00000,0x0000008785b00000) (1024K)]
  0x000001c87c37eda0 WorkerThread "GC Thread#3"                     [id=19984, stack(0x0000008785b00000,0x0000008785c00000) (1024K)]
  0x000001c861ef9a90 ConcurrentGCThread "G1 Main Marker"            [id=11300, stack(0x0000008784900000,0x0000008784a00000) (1024K)]
  0x000001c861efa590 WorkerThread "G1 Conc#0"                       [id=15220, stack(0x0000008784a00000,0x0000008784b00000) (1024K)]
  0x000001c861f7d800 ConcurrentGCThread "G1 Refine#0"               [id=3576, stack(0x0000008784b00000,0x0000008784c00000) (1024K)]
  0x000001c861f7e370 ConcurrentGCThread "G1 Service"                [id=21480, stack(0x0000008784c00000,0x0000008784d00000) (1024K)]
Total: 10

Threads with active compile tasks:
C2 CompilerThread0  5457 2561       4       org.jetbrains.kotlin.parsing.KotlinExpressionParsing::parseBinaryExpression (70 bytes)
Total: 1

VM state: not at safepoint (normal execution)

VM Mutex/Monitor currently owned by a thread: None

Heap address: 0x00000000c4000000, size: 960 MB, Compressed Oops mode: 32-bit

CDS archive(s) not mapped
Compressed class space mapped at: 0x0000000100000000-0x0000000140000000, reserved size: 1073741824
Narrow klass base: 0x0000000000000000, Narrow klass shift: 3, Narrow klass range: 0x140000000

GC Precious Log:
 CardTable entry size: 512
 Card Set container configuration: InlinePtr #cards 5 size 8 Array Of Cards #cards 12 size 40 Howl #buckets 4 coarsen threshold 1843 Howl Bitmap #cards 512 size 80 coarsen threshold 460 Card regions per heap region 1 cards per card region 2048
 CPUs: 4 total, 4 available
 Memory: 3838M
 Large Page Support: Disabled
 NUMA Support: Disabled
 Compressed Oops: Enabled (32-bit)
 Heap Region Size: 1M
 Heap Min Capacity: 8M
 Heap Initial Capacity: 60M
 Heap Max Capacity: 960M
 Pre-touch: Disabled
 Parallel Workers: 4
 Concurrent Workers: 1
 Concurrent Refinement Workers: 4
 Periodic GC: Disabled

Heap:
 garbage-first heap   total 47104K, used 32684K [0x00000000c4000000, 0x0000000100000000)
  region size 1024K, 17 young (17408K), 3 survivors (3072K)
 Metaspace       used 43542K, committed 43776K, reserved 1114112K
  class space    used 5039K, committed 5184K, reserved 1048576K

Heap Regions: E=young(eden), S=young(survivor), O=old, HS=humongous(starts), HC=humongous(continues), CS=collection set, F=free, TAMS=top-at-mark-start, PB=parsable bottom
|   0|0x00000000c4000000, 0x00000000c4100000, 0x00000000c4100000|100%|HS|  |TAMS 0x00000000c4000000| PB 0x00000000c4000000| Complete 
|   1|0x00000000c4100000, 0x00000000c4200000, 0x00000000c4200000|100%|HC|  |TAMS 0x00000000c4100000| PB 0x00000000c4100000| Complete 
|   2|0x00000000c4200000, 0x00000000c4300000, 0x00000000c4300000|100%|HC|  |TAMS 0x00000000c4200000| PB 0x00000000c4200000| Complete 
|   3|0x00000000c4300000, 0x00000000c4400000, 0x00000000c4400000|100%| O|  |TAMS 0x00000000c4300000| PB 0x00000000c4300000| Untracked 
|   4|0x00000000c4400000, 0x00000000c4500000, 0x00000000c4500000|100%| O|  |TAMS 0x00000000c4400000| PB 0x00000000c4400000| Untracked 
|   5|0x00000000c4500000, 0x00000000c4600000, 0x00000000c4600000|100%| O|  |TAMS 0x00000000c4500000| PB 0x00000000c4500000| Untracked 
|   6|0x00000000c4600000, 0x00000000c4700000, 0x00000000c4700000|100%| O|  |TAMS 0x00000000c4600000| PB 0x00000000c4600000| Untracked 
|   7|0x00000000c4700000, 0x00000000c4800000, 0x00000000c4800000|100%| O|  |TAMS 0x00000000c4700000| PB 0x00000000c4700000| Untracked 
|   8|0x00000000c4800000, 0x00000000c4900000, 0x00000000c4900000|100%| O|  |TAMS 0x00000000c4800000| PB 0x00000000c4800000| Untracked 
|   9|0x00000000c4900000, 0x00000000c4a00000, 0x00000000c4a00000|100%| O|  |TAMS 0x00000000c4900000| PB 0x00000000c4900000| Untracked 
|  10|0x00000000c4a00000, 0x00000000c4b00000, 0x00000000c4b00000|100%| O|  |TAMS 0x00000000c4a00000| PB 0x00000000c4a00000| Untracked 
|  11|0x00000000c4b00000, 0x00000000c4c00000, 0x00000000c4c00000|100%| O|Cm|TAMS 0x00000000c4b00000| PB 0x00000000c4b00000| Complete 
|  12|0x00000000c4c00000, 0x00000000c4d00000, 0x00000000c4d00000|100%| O|  |TAMS 0x00000000c4c00000| PB 0x00000000c4c00000| Untracked 
|  13|0x00000000c4d00000, 0x00000000c4d66290, 0x00000000c4e00000| 39%| O|  |TAMS 0x00000000c4d00000| PB 0x00000000c4d00000| Untracked 
|  14|0x00000000c4e00000, 0x00000000c4e00000, 0x00000000c4f00000|  0%| F|  |TAMS 0x00000000c4e00000| PB 0x00000000c4e00000| Untracked 
|  15|0x00000000c4f00000, 0x00000000c4f00000, 0x00000000c5000000|  0%| F|  |TAMS 0x00000000c4f00000| PB 0x00000000c4f00000| Untracked 
|  16|0x00000000c5000000, 0x00000000c5000000, 0x00000000c5100000|  0%| F|  |TAMS 0x00000000c5000000| PB 0x00000000c5000000| Untracked 
|  17|0x00000000c5100000, 0x00000000c5100000, 0x00000000c5200000|  0%| F|  |TAMS 0x00000000c5100000| PB 0x00000000c5100000| Untracked 
|  18|0x00000000c5200000, 0x00000000c5200000, 0x00000000c5300000|  0%| F|  |TAMS 0x00000000c5200000| PB 0x00000000c5200000| Untracked 
|  19|0x00000000c5300000, 0x00000000c5385068, 0x00000000c5400000| 51%| S|CS|TAMS 0x00000000c5300000| PB 0x00000000c5300000| Complete 
|  20|0x00000000c5400000, 0x00000000c5500000, 0x00000000c5500000|100%| S|CS|TAMS 0x00000000c5400000| PB 0x00000000c5400000| Complete 
|  21|0x00000000c5500000, 0x00000000c5600000, 0x00000000c5600000|100%| S|CS|TAMS 0x00000000c5500000| PB 0x00000000c5500000| Complete 
|  22|0x00000000c5600000, 0x00000000c5600000, 0x00000000c5700000|  0%| F|  |TAMS 0x00000000c5600000| PB 0x00000000c5600000| Untracked 
|  23|0x00000000c5700000, 0x00000000c5700000, 0x00000000c5800000|  0%| F|  |TAMS 0x00000000c5700000| PB 0x00000000c5700000| Untracked 
|  24|0x00000000c5800000, 0x00000000c5800000, 0x00000000c5900000|  0%| F|  |TAMS 0x00000000c5800000| PB 0x00000000c5800000| Untracked 
|  25|0x00000000c5900000, 0x00000000c5900000, 0x00000000c5a00000|  0%| F|  |TAMS 0x00000000c5900000| PB 0x00000000c5900000| Untracked 
|  26|0x00000000c5a00000, 0x00000000c5a00000, 0x00000000c5b00000|  0%| F|  |TAMS 0x00000000c5a00000| PB 0x00000000c5a00000| Untracked 
|  27|0x00000000c5b00000, 0x00000000c5b00000, 0x00000000c5c00000|  0%| F|  |TAMS 0x00000000c5b00000| PB 0x00000000c5b00000| Untracked 
|  28|0x00000000c5c00000, 0x00000000c5c00000, 0x00000000c5d00000|  0%| F|  |TAMS 0x00000000c5c00000| PB 0x00000000c5c00000| Untracked 
|  29|0x00000000c5d00000, 0x00000000c5d582b8, 0x00000000c5e00000| 34%| E|  |TAMS 0x00000000c5d00000| PB 0x00000000c5d00000| Complete 
|  30|0x00000000c5e00000, 0x00000000c5f00000, 0x00000000c5f00000|100%| E|CS|TAMS 0x00000000c5e00000| PB 0x00000000c5e00000| Complete 
|  31|0x00000000c5f00000, 0x00000000c6000000, 0x00000000c6000000|100%| E|CS|TAMS 0x00000000c5f00000| PB 0x00000000c5f00000| Complete 
|  32|0x00000000c6000000, 0x00000000c6100000, 0x00000000c6100000|100%| E|CS|TAMS 0x00000000c6000000| PB 0x00000000c6000000| Complete 
|  33|0x00000000c6100000, 0x00000000c6200000, 0x00000000c6200000|100%| E|CS|TAMS 0x00000000c6100000| PB 0x00000000c6100000| Complete 
|  34|0x00000000c6200000, 0x00000000c6300000, 0x00000000c6300000|100%| E|CS|TAMS 0x00000000c6200000| PB 0x00000000c6200000| Complete 
|  35|0x00000000c6300000, 0x00000000c6400000, 0x00000000c6400000|100%| E|CS|TAMS 0x00000000c6300000| PB 0x00000000c6300000| Complete 
|  36|0x00000000c6400000, 0x00000000c6500000, 0x00000000c6500000|100%| E|CS|TAMS 0x00000000c6400000| PB 0x00000000c6400000| Complete 
|  37|0x00000000c6500000, 0x00000000c6600000, 0x00000000c6600000|100%| E|CS|TAMS 0x00000000c6500000| PB 0x00000000c6500000| Complete 
|  38|0x00000000c6600000, 0x00000000c6700000, 0x00000000c6700000|100%| E|CS|TAMS 0x00000000c6600000| PB 0x00000000c6600000| Complete 
|  45|0x00000000c6d00000, 0x00000000c6e00000, 0x00000000c6e00000|100%| E|CS|TAMS 0x00000000c6d00000| PB 0x00000000c6d00000| Complete 
|  46|0x00000000c6e00000, 0x00000000c6f00000, 0x00000000c6f00000|100%| E|CS|TAMS 0x00000000c6e00000| PB 0x00000000c6e00000| Complete 
|  47|0x00000000c6f00000, 0x00000000c7000000, 0x00000000c7000000|100%| E|CS|TAMS 0x00000000c6f00000| PB 0x00000000c6f00000| Complete 
|  59|0x00000000c7b00000, 0x00000000c7c00000, 0x00000000c7c00000|100%| E|CS|TAMS 0x00000000c7b00000| PB 0x00000000c7b00000| Complete 
| 957|0x00000000ffd00000, 0x00000000ffe00000, 0x00000000ffe00000|100%| O|  |TAMS 0x00000000ffd00000| PB 0x00000000ffd00000| Untracked 
| 958|0x00000000ffe00000, 0x00000000fff00000, 0x00000000fff00000|100%| O|  |TAMS 0x00000000ffe00000| PB 0x00000000ffe00000| Untracked 
| 959|0x00000000fff00000, 0x0000000100000000, 0x0000000100000000|100%| O|  |TAMS 0x00000000fff00000| PB 0x00000000fff00000| Untracked 

Card table byte_map: [0x000001c874010000,0x000001c8741f0000] _byte_map_base: 0x000001c8739f0000

Marking Bits: (CMBitMap*) 0x000001c861eeff60
 Bits: [0x000001c8741f0000, 0x000001c8750f0000)

Polling page: 0x000001c85fd10000

Metaspace:

Usage:
  Non-class:     37.67 MB used.
      Class:      4.92 MB used.
       Both:     42.59 MB used.

Virtual space:
  Non-class space:       64.00 MB reserved,      37.81 MB ( 59%) committed,  1 nodes.
      Class space:        1.00 GB reserved,       5.06 MB ( <1%) committed,  1 nodes.
             Both:        1.06 GB reserved,      42.88 MB (  4%) committed. 

Chunk freelists:
   Non-Class:  10.11 MB
       Class:  10.91 MB
        Both:  21.02 MB

MaxMetaspaceSize: unlimited
CompressedClassSpaceSize: 1.00 GB
Initial GC threshold: 21.00 MB
Current GC threshold: 59.00 MB
CDS: off
 - commit_granule_bytes: 65536.
 - commit_granule_words: 8192.
 - virtual_space_node_default_size: 8388608.
 - enlarge_chunks_in_place: 1.
 - use_allocation_guard: 0.


Internal statistics:

num_allocs_failed_limit: 6.
num_arena_births: 216.
num_arena_deaths: 0.
num_vsnodes_births: 2.
num_vsnodes_deaths: 0.
num_space_committed: 684.
num_space_uncommitted: 0.
num_chunks_returned_to_freelist: 6.
num_chunks_taken_from_freelist: 1462.
num_chunk_merges: 6.
num_chunk_splits: 1191.
num_chunks_enlarged: 1076.
num_inconsistent_stats: 0.

CodeHeap 'non-profiled nmethods': size=120000Kb used=1116Kb max_used=1116Kb free=118883Kb
 bounds [0x000001c86cae0000, 0x000001c86cd50000, 0x000001c874010000]
CodeHeap 'profiled nmethods': size=120000Kb used=4807Kb max_used=4807Kb free=115192Kb
 bounds [0x000001c865010000, 0x000001c8654d0000, 0x000001c86c540000]
CodeHeap 'non-nmethods': size=5760Kb used=1697Kb max_used=1707Kb free=4062Kb
 bounds [0x000001c86c540000, 0x000001c86c7b0000, 0x000001c86cae0000]
 total_blobs=3138 nmethods=2530 adapters=512
 compilation: enabled
              stopped_count=0, restarted_count=0
 full_count=0

Compilation events (20 events):
Event: 5.243 Thread 0x000001c8778dae10 2658       1       org.jetbrains.kotlin.fir.declarations.builder.FirPropertyBuilder::getDelegate (5 bytes)
Event: 5.243 Thread 0x000001c8778dae10 nmethod 2658 0x000001c86cbf6490 code [0x000001c86cbf6620, 0x000001c86cbf66e8]
Event: 5.243 Thread 0x000001c8778dae10 2659       1       org.jetbrains.kotlin.fir.declarations.builder.FirPropertyBuilder::getBackingField (5 bytes)
Event: 5.243 Thread 0x000001c8778dae10 nmethod 2659 0x000001c86cbf6790 code [0x000001c86cbf6920, 0x000001c86cbf69e8]
Event: 5.243 Thread 0x000001c8778dae10 2660       1       org.jetbrains.kotlin.fir.declarations.impl.FirPropertyImpl::getDelegateFieldSymbol (5 bytes)
Event: 5.243 Thread 0x000001c8778dae10 nmethod 2660 0x000001c86cbf6a90 code [0x000001c86cbf6c20, 0x000001c86cbf6ce8]
Event: 5.243 Thread 0x000001c8778dae10 2661       2       org.jetbrains.kotlin.fir.lightTree.fir.modifier.Modifier::<init> (19 bytes)
Event: 5.243 Thread 0x000001c8778dae10 nmethod 2661 0x000001c8654bfc10 code [0x000001c8654bfdc0, 0x000001c8654c0018]
Event: 5.247 Thread 0x000001c8778dae10 2662       1       org.jetbrains.kotlin.lexer.KtKeywordToken::isSoft (5 bytes)
Event: 5.247 Thread 0x000001c8778dae10 nmethod 2662 0x000001c86cbf6d90 code [0x000001c86cbf6f20, 0x000001c86cbf6ff0]
Event: 5.248 Thread 0x000001c8778dae10 2663       2       kotlin.sequences.FlatteningSequence$iterator$1::ensureItemIterator (109 bytes)
Event: 5.249 Thread 0x000001c8778dae10 nmethod 2663 0x000001c8654c0190 code [0x000001c8654c03a0, 0x000001c8654c07e8]
Event: 5.255 Thread 0x000001c8778dae10 2664       2       org.jetbrains.kotlin.fir.expressions.impl.FirNamedArgumentExpressionImpl::<init> (45 bytes)
Event: 5.256 Thread 0x000001c8778dae10 nmethod 2664 0x000001c8654c0990 code [0x000001c8654c0bc0, 0x000001c8654c11a0]
Event: 5.256 Thread 0x000001c8778dae10 2665       2       org.jetbrains.kotlin.fir.expressions.FirNamedArgumentExpression::<init> (5 bytes)
Event: 5.256 Thread 0x000001c8778dae10 nmethod 2665 0x000001c8654c1490 code [0x000001c8654c1620, 0x000001c8654c1728]
Event: 5.256 Thread 0x000001c8778dae10 2666       2       org.jetbrains.kotlin.fir.expressions.FirWrappedArgumentExpression::<init> (5 bytes)
Event: 5.256 Thread 0x000001c8778dae10 nmethod 2666 0x000001c8654c1810 code [0x000001c8654c19a0, 0x000001c8654c1aa8]
Event: 5.269 Thread 0x000001c8778dae10 2667       2       kotlin.collections.AbstractList$IteratorImpl::next (36 bytes)
Event: 5.270 Thread 0x000001c8778dae10 nmethod 2667 0x000001c8654c1b90 code [0x000001c8654c1d60, 0x000001c8654c1fc8]

GC Heap History (16 events):
Event: 0.861 GC heap before
{Heap before GC invocations=0 (full 0):
 garbage-first heap   total 61440K, used 16384K [0x00000000c4000000, 0x0000000100000000)
  region size 1024K, 13 young (13312K), 0 survivors (0K)
 Metaspace       used 11186K, committed 11328K, reserved 1114112K
  class space    used 941K, committed 1024K, reserved 1048576K
}
Event: 0.868 GC heap after
{Heap after GC invocations=1 (full 0):
 garbage-first heap   total 61440K, used 5504K [0x00000000c4000000, 0x0000000100000000)
  region size 1024K, 2 young (2048K), 2 survivors (2048K)
 Metaspace       used 11186K, committed 11328K, reserved 1114112K
  class space    used 941K, committed 1024K, reserved 1048576K
}
Event: 1.264 GC heap before
{Heap before GC invocations=1 (full 0):
 garbage-first heap   total 61440K, used 24960K [0x00000000c4000000, 0x0000000100000000)
  region size 1024K, 22 young (22528K), 2 survivors (2048K)
 Metaspace       used 17055K, committed 17216K, reserved 1114112K
  class space    used 1659K, committed 1728K, reserved 1048576K
}
Event: 1.269 GC heap after
{Heap after GC invocations=2 (full 0):
 garbage-first heap   total 61440K, used 6914K [0x00000000c4000000, 0x0000000100000000)
  region size 1024K, 2 young (2048K), 2 survivors (2048K)
 Metaspace       used 17055K, committed 17216K, reserved 1114112K
  class space    used 1659K, committed 1728K, reserved 1048576K
}
Event: 1.589 GC heap before
{Heap before GC invocations=2 (full 0):
 garbage-first heap   total 61440K, used 17154K [0x00000000c4000000, 0x0000000100000000)
  region size 1024K, 14 young (14336K), 2 survivors (2048K)
 Metaspace       used 21306K, committed 21504K, reserved 1114112K
  class space    used 2165K, committed 2240K, reserved 1048576K
}
Event: 1.592 GC heap after
{Heap after GC invocations=3 (full 0):
 garbage-first heap   total 61440K, used 7508K [0x00000000c4000000, 0x0000000100000000)
  region size 1024K, 3 young (3072K), 3 survivors (3072K)
 Metaspace       used 21306K, committed 21504K, reserved 1114112K
  class space    used 2165K, committed 2240K, reserved 1048576K
}
Event: 2.022 GC heap before
{Heap before GC invocations=4 (full 0):
 garbage-first heap   total 30720K, used 29012K [0x00000000c4000000, 0x0000000100000000)
  region size 1024K, 24 young (24576K), 3 survivors (3072K)
 Metaspace       used 25201K, committed 25408K, reserved 1114112K
  class space    used 2651K, committed 2752K, reserved 1048576K
}
Event: 2.033 GC heap after
{Heap after GC invocations=5 (full 0):
 garbage-first heap   total 38912K, used 13525K [0x00000000c4000000, 0x0000000100000000)
  region size 1024K, 5 young (5120K), 5 survivors (5120K)
 Metaspace       used 25201K, committed 25408K, reserved 1114112K
  class space    used 2651K, committed 2752K, reserved 1048576K
}
Event: 2.291 GC heap before
{Heap before GC invocations=5 (full 0):
 garbage-first heap   total 38912K, used 27861K [0x00000000c4000000, 0x0000000100000000)
  region size 1024K, 19 young (19456K), 5 survivors (5120K)
 Metaspace       used 28188K, committed 28416K, reserved 1114112K
  class space    used 3016K, committed 3136K, reserved 1048576K
}
Event: 2.302 GC heap after
{Heap after GC invocations=6 (full 0):
 garbage-first heap   total 38912K, used 16300K [0x00000000c4000000, 0x0000000100000000)
  region size 1024K, 3 young (3072K), 3 survivors (3072K)
 Metaspace       used 28188K, committed 28416K, reserved 1114112K
  class space    used 3016K, committed 3136K, reserved 1048576K
}
Event: 2.619 GC heap before
{Heap before GC invocations=6 (full 0):
 garbage-first heap   total 38912K, used 27564K [0x00000000c4000000, 0x0000000100000000)
  region size 1024K, 15 young (15360K), 3 survivors (3072K)
 Metaspace       used 32570K, committed 32832K, reserved 1114112K
  class space    used 3964K, committed 4096K, reserved 1048576K
}
Event: 2.625 GC heap after
{Heap after GC invocations=7 (full 0):
 garbage-first heap   total 47104K, used 17067K [0x00000000c4000000, 0x0000000100000000)
  region size 1024K, 1 young (1024K), 1 survivors (1024K)
 Metaspace       used 32570K, committed 32832K, reserved 1114112K
  class space    used 3964K, committed 4096K, reserved 1048576K
}
Event: 3.140 GC heap before
{Heap before GC invocations=7 (full 0):
 garbage-first heap   total 47104K, used 31403K [0x00000000c4000000, 0x0000000100000000)
  region size 1024K, 17 young (17408K), 1 survivors (1024K)
 Metaspace       used 35897K, committed 36096K, reserved 1114112K
  class space    used 4298K, committed 4416K, reserved 1048576K
}
Event: 3.144 GC heap after
{Heap after GC invocations=8 (full 0):
 garbage-first heap   total 47104K, used 18519K [0x00000000c4000000, 0x0000000100000000)
  region size 1024K, 3 young (3072K), 3 survivors (3072K)
 Metaspace       used 35897K, committed 36096K, reserved 1114112K
  class space    used 4298K, committed 4416K, reserved 1048576K
}
Event: 4.562 GC heap before
{Heap before GC invocations=9 (full 0):
 garbage-first heap   total 47104K, used 35927K [0x00000000c4000000, 0x0000000100000000)
  region size 1024K, 21 young (21504K), 3 survivors (3072K)
 Metaspace       used 40869K, committed 41152K, reserved 1114112K
  class space    used 4794K, committed 4928K, reserved 1048576K
}
Event: 4.568 GC heap after
{Heap after GC invocations=10 (full 0):
 garbage-first heap   total 47104K, used 19372K [0x00000000c4000000, 0x0000000100000000)
  region size 1024K, 3 young (3072K), 3 survivors (3072K)
 Metaspace       used 40869K, committed 41152K, reserved 1114112K
  class space    used 4794K, committed 4928K, reserved 1048576K
}

Dll operation events (3 events):
Event: 0.010 Loaded shared library C:\Program Files\Android\Android Studio\jbr\bin\java.dll
Event: 0.016 Loaded shared library C:\Program Files\Android\Android Studio\jbr\bin\zip.dll
Event: 1.833 Loaded shared library C:\Program Files\Android\Android Studio\jbr\bin\verify.dll

Deoptimization events (20 events):
Event: 5.226 Thread 0x000001c861eb97a0 Uncommon trap: trap_request=0xffffff45 fr.pc=0x000001c86cb0f2b4 relative=0x0000000000000114
Event: 5.226 Thread 0x000001c861eb97a0 Uncommon trap: reason=unstable_if action=reinterpret pc=0x000001c86cb0f2b4 method=java.lang.String.getBytes([BIB)V @ 5 c2
Event: 5.226 Thread 0x000001c861eb97a0 DEOPT PACKING pc=0x000001c86cb0f2b4 sp=0x00000087847fb860
Event: 5.226 Thread 0x000001c861eb97a0 DEOPT UNPACKING pc=0x000001c86c597da2 sp=0x00000087847fb808 mode 2
Event: 5.226 Thread 0x000001c861eb97a0 Uncommon trap: trap_request=0xffffff45 fr.pc=0x000001c86cb28ff0 relative=0x0000000000000510
Event: 5.226 Thread 0x000001c861eb97a0 Uncommon trap: reason=unstable_if action=reinterpret pc=0x000001c86cb28ff0 method=java.lang.AbstractStringBuilder.isLatin1()Z @ 10 c2
Event: 5.226 Thread 0x000001c861eb97a0 DEOPT PACKING pc=0x000001c86cb28ff0 sp=0x00000087847fb930
Event: 5.226 Thread 0x000001c861eb97a0 DEOPT UNPACKING pc=0x000001c86c597da2 sp=0x00000087847fb880 mode 2
Event: 5.232 Thread 0x000001c861eb97a0 Uncommon trap: trap_request=0xfffffff4 fr.pc=0x000001c86cbdcacc relative=0x000000000000104c
Event: 5.232 Thread 0x000001c861eb97a0 Uncommon trap: reason=null_check action=make_not_entrant pc=0x000001c86cbdcacc method=org.jetbrains.kotlin.parsing.AbstractKotlinParsing.at(Lorg/jetbrains/kotlin/com/intellij/psi/tree/IElementType;)Z @ 80 c2
Event: 5.232 Thread 0x000001c861eb97a0 DEOPT PACKING pc=0x000001c86cbdcacc sp=0x00000087847fd540
Event: 5.232 Thread 0x000001c861eb97a0 DEOPT UNPACKING pc=0x000001c86c597da2 sp=0x00000087847fd510 mode 2
Event: 5.232 Thread 0x000001c861eb97a0 Uncommon trap: trap_request=0xffffff45 fr.pc=0x000001c86cbb1904 relative=0x00000000000000e4
Event: 5.232 Thread 0x000001c861eb97a0 Uncommon trap: reason=unstable_if action=reinterpret pc=0x000001c86cbb1904 method=org.jetbrains.kotlin.com.intellij.psi.tree.TokenSet.contains(Lorg/jetbrains/kotlin/com/intellij/psi/tree/IElementType;)Z @ 1 c2
Event: 5.232 Thread 0x000001c861eb97a0 DEOPT PACKING pc=0x000001c86cbb1904 sp=0x00000087847fd760
Event: 5.232 Thread 0x000001c861eb97a0 DEOPT UNPACKING pc=0x000001c86c597da2 sp=0x00000087847fd6e8 mode 2
Event: 5.232 Thread 0x000001c861eb97a0 Uncommon trap: trap_request=0xffffff45 fr.pc=0x000001c86cbe70d0 relative=0x0000000000000730
Event: 5.232 Thread 0x000001c861eb97a0 Uncommon trap: reason=unstable_if action=reinterpret pc=0x000001c86cbe70d0 method=org.jetbrains.kotlin.parsing.SemanticWhitespaceAwarePsiBuilderImpl.newlineBeforeCurrentToken()Z @ 22 c2
Event: 5.232 Thread 0x000001c861eb97a0 DEOPT PACKING pc=0x000001c86cbe70d0 sp=0x00000087847fd750
Event: 5.232 Thread 0x000001c861eb97a0 DEOPT UNPACKING pc=0x000001c86c597da2 sp=0x00000087847fd6d0 mode 2

Classes loaded (20 events):
Event: 3.643 Loading class sun/nio/ch/Util$BufferCache
Event: 3.644 Loading class sun/nio/ch/Util$BufferCache done
Event: 3.644 Loading class java/nio/DirectByteBuffer$Deallocator
Event: 3.644 Loading class java/nio/DirectByteBuffer$Deallocator done
Event: 3.771 Loading class java/util/function/IntConsumer
Event: 3.771 Loading class java/util/function/IntConsumer done
Event: 3.775 Loading class java/util/PrimitiveIterator$OfInt
Event: 3.775 Loading class java/util/PrimitiveIterator
Event: 3.775 Loading class java/util/PrimitiveIterator done
Event: 3.775 Loading class java/util/PrimitiveIterator$OfInt done
Event: 3.794 Loading class java/util/BitSet
Event: 3.797 Loading class java/util/BitSet done
Event: 3.860 Loading class java/io/InvalidObjectException
Event: 3.860 Loading class java/io/InvalidObjectException done
Event: 3.914 Loading class java/util/function/IntUnaryOperator
Event: 3.915 Loading class java/util/function/IntUnaryOperator done
Event: 4.356 Loading class java/util/ArrayList$ListItr
Event: 4.356 Loading class java/util/ArrayList$ListItr done
Event: 4.522 Loading class java/math/RoundingMode
Event: 4.524 Loading class java/math/RoundingMode done

Classes unloaded (0 events):
No events

Classes redefined (0 events):
No events

Internal exceptions (20 events):
Event: 1.457 Thread 0x000001c861eb97a0 Exception <a 'java/lang/NoSuchMethodError'{0x00000000c7474910}: 'int java.lang.invoke.DirectMethodHandle$Holder.invokeStatic(java.lang.Object)'> (0x00000000c7474910) 
thrown [s\src\hotspot\share\interpreter\linkResolver.cpp, line 784]
Event: 1.458 Thread 0x000001c861eb97a0 Exception <a 'java/lang/NoSuchMethodError'{0x00000000c7477d58}: 'int java.lang.invoke.DirectMethodHandle$Holder.invokeStaticInit(java.lang.Object)'> (0x00000000c7477d58) 
thrown [s\src\hotspot\share\interpreter\linkResolver.cpp, line 784]
Event: 1.625 Thread 0x000001c861eb97a0 Exception <a 'java/lang/NoSuchMethodError'{0x00000000c5903a08}: 'void java.lang.invoke.DirectMethodHandle$Holder.invokeStatic(java.lang.Object, java.lang.Object, java.lang.Object, java.lang.Object)'> (0x00000000c5903a08) 
thrown [s\src\hotspot\share\interpreter\linkResolver.cpp, line 784]
Event: 1.668 Thread 0x000001c861eb97a0 Exception <a 'java/lang/NoSuchMethodError'{0x00000000c585be18}: 'java.lang.Object java.lang.invoke.DirectMethodHandle$Holder.invokeInterface(java.lang.Object, java.lang.Object)'> (0x00000000c585be18) 
thrown [s\src\hotspot\share\interpreter\linkResolver.cpp, line 784]
Event: 1.721 Thread 0x000001c861eb97a0 Exception <a 'java/lang/NoSuchMethodError'{0x00000000c56fc4f8}: 'void java.lang.invoke.DirectMethodHandle$Holder.invokeStaticInit(java.lang.Object, java.lang.Object)'> (0x00000000c56fc4f8) 
thrown [s\src\hotspot\share\interpreter\linkResolver.cpp, line 784]
Event: 1.766 Thread 0x000001c861eb97a0 Exception <a 'java/lang/NoSuchMethodError'{0x00000000c54df420}: 'int java.lang.invoke.DirectMethodHandle$Holder.invokeVirtual(java.lang.Object, java.lang.Object, java.lang.Object)'> (0x00000000c54df420) 
thrown [s\src\hotspot\share\interpreter\linkResolver.cpp, line 784]
Event: 1.805 Thread 0x000001c861eb97a0 Exception <a 'java/lang/NoSuchMethodError'{0x00000000c52ba058}: 'void java.lang.invoke.Invokers$Holder.invokeExact_MT(java.lang.Object, int, java.lang.Object)'> (0x00000000c52ba058) 
thrown [s\src\hotspot\share\interpreter\linkResolver.cpp, line 784]
Event: 1.860 Thread 0x000001c861eb97a0 Exception <a 'java/lang/NoSuchMethodError'{0x00000000c4f2e530}: 'void java.lang.invoke.DirectMethodHandle$Holder.invokeVirtual(java.lang.Object, java.lang.Object)'> (0x00000000c4f2e530) 
thrown [s\src\hotspot\share\interpreter\linkResolver.cpp, line 784]
Event: 1.894 Thread 0x000001c861eb97a0 Exception <a 'java/lang/NoSuchMethodError'{0x00000000c4fa2118}: 'long java.lang.invoke.DirectMethodHandle$Holder.invokeStatic(java.lang.Object, java.lang.Object, int)'> (0x00000000c4fa2118) 
thrown [s\src\hotspot\share\interpreter\linkResolver.cpp, line 784]
Event: 1.895 Thread 0x000001c861eb97a0 Exception <a 'java/lang/NoSuchMethodError'{0x00000000c4fad100}: 'java.lang.Object java.lang.invoke.DelegatingMethodHandle$Holder.reinvoke_L(java.lang.Object, int, long, java.lang.Object, java.lang.Object, int, java.lang.Object)'> (0x00000000c4fad100) 
thrown [s\src\hotspot\share\interpreter\linkResolver.cpp, line 784]
Event: 1.902 Thread 0x000001c861eb97a0 Exception <a 'java/lang/NoSuchMethodError'{0x00000000c4fd4660}: 'java.lang.Object java.lang.invoke.DirectMethodHandle$Holder.invokeStatic(java.lang.Object, java.lang.Object, int)'> (0x00000000c4fd4660) 
thrown [s\src\hotspot\share\interpreter\linkResolver.cpp, line 784]
Event: 1.904 Thread 0x000001c861eb97a0 Exception <a 'java/lang/NoSuchMethodError'{0x00000000c4fdfcc0}: 'void java.lang.invoke.DelegatingMethodHandle$Holder.delegate(java.lang.Object, java.lang.Object, int, java.lang.Object)'> (0x00000000c4fdfcc0) 
thrown [s\src\hotspot\share\interpreter\linkResolver.cpp, line 784]
Event: 2.097 Thread 0x000001c861eb97a0 Exception <a 'java/lang/NoSuchMethodError'{0x00000000c58d6ba0}: 'java.lang.Object java.lang.invoke.DirectMethodHandle$Holder.invokeStatic(java.lang.Object, java.lang.Object, int, java.lang.Object)'> (0x00000000c58d6ba0) 
thrown [s\src\hotspot\share\interpreter\linkResolver.cpp, line 784]
Event: 2.266 Thread 0x000001c861eb97a0 Exception <a 'java/lang/NoSuchMethodError'{0x00000000c51c7880}: 'java.lang.Object java.lang.invoke.DirectMethodHandle$Holder.newInvokeSpecial(java.lang.Object, java.lang.Object, java.lang.Object, java.lang.Object, java.lang.Object, java.lang.Object)'> (0x00000000c51c7880) 
thrown [s\src\hotspot\share\interpreter\linkResolver.cpp, line 784]
Event: 2.938 Thread 0x000001c861eb97a0 Exception <a 'java/lang/NoSuchMethodError'{0x00000000c61458b0}: 'java.lang.Object java.lang.invoke.DirectMethodHandle$Holder.newInvokeSpecial(java.lang.Object, java.lang.Object, java.lang.Object, java.lang.Object, java.lang.Object, java.lang.Object, java.lang.Object)'> (0x00000000c61458b0) 
thrown [s\src\hotspot\share\interpreter\linkResolver.cpp, line 784]
Event: 3.750 Thread 0x000001c861eb97a0 Exception <a 'java/lang/NoSuchMethodError'{0x00000000c616a618}: 'java.lang.Object java.lang.invoke.DirectMethodHandle$Holder.invokeVirtual(java.lang.Object, java.lang.Object, java.lang.Object)'> (0x00000000c616a618) 
thrown [s\src\hotspot\share\interpreter\linkResolver.cpp, line 784]
Event: 3.917 Thread 0x000001c861eb97a0 Exception <a 'java/lang/NoSuchMethodError'{0x00000000c60dead8}: 'java.lang.Object java.lang.invoke.DirectMethodHandle$Holder.newInvokeSpecial(java.lang.Object, java.lang.Object, int)'> (0x00000000c60dead8) 
thrown [s\src\hotspot\share\interpreter\linkResolver.cpp, line 784]
Event: 4.610 Thread 0x000001c861eb97a0 Exception <a 'java/lang/NoSuchMethodError'{0x00000000c7b6a2a0}: 'int java.lang.invoke.DirectMethodHandle$Holder.invokeStaticInit(java.lang.Object, int)'> (0x00000000c7b6a2a0) 
thrown [s\src\hotspot\share\interpreter\linkResolver.cpp, line 784]
Event: 5.232 Thread 0x000001c861eb97a0 Implicit null exception at 0x000001c86cbdbda0 to 0x000001c86cbdcabc
Event: 5.232 Thread 0x000001c861eb97a0 Implicit null exception at 0x000001c86cbb1863 to 0x000001c86cbb18f5

ZGC Phase Switch (0 events):
No events

VM Operations (20 events):
Event: 2.619 Executing VM operation: G1CollectForAllocation (G1 Evacuation Pause)
Event: 2.625 Executing VM operation: G1CollectForAllocation (G1 Evacuation Pause) done
Event: 2.815 Executing VM operation: HandshakeAllThreads (Deoptimize)
Event: 2.815 Executing VM operation: HandshakeAllThreads (Deoptimize) done
Event: 3.140 Executing VM operation: CollectForMetadataAllocation (Metadata GC Threshold)
Event: 3.144 Executing VM operation: CollectForMetadataAllocation (Metadata GC Threshold) done
Event: 3.168 Executing VM operation: G1PauseRemark
Event: 3.171 Executing VM operation: G1PauseRemark done
Event: 3.176 Executing VM operation: G1PauseCleanup
Event: 3.177 Executing VM operation: G1PauseCleanup done
Event: 4.177 Executing VM operation: Cleanup
Event: 4.177 Executing VM operation: Cleanup done
Event: 4.357 Executing VM operation: HandshakeAllThreads (Deoptimize)
Event: 4.357 Executing VM operation: HandshakeAllThreads (Deoptimize) done
Event: 4.561 Executing VM operation: G1CollectForAllocation (G1 Evacuation Pause)
Event: 4.568 Executing VM operation: G1CollectForAllocation (G1 Evacuation Pause) done
Event: 4.858 Executing VM operation: HandshakeAllThreads (Deoptimize)
Event: 4.858 Executing VM operation: HandshakeAllThreads (Deoptimize) done
Event: 5.151 Executing VM operation: HandshakeAllThreads (Deoptimize)
Event: 5.152 Executing VM operation: HandshakeAllThreads (Deoptimize) done

Memory protections (0 events):
No events

Nmethod flushes (20 events):
Event: 3.170 Thread 0x000001c8776da3b0 flushing  nmethod 0x000001c865051210
Event: 3.170 Thread 0x000001c8776da3b0 flushing  nmethod 0x000001c865062190
Event: 3.170 Thread 0x000001c8776da3b0 flushing  nmethod 0x000001c865077290
Event: 3.170 Thread 0x000001c8776da3b0 flushing  nmethod 0x000001c865077e90
Event: 3.170 Thread 0x000001c8776da3b0 flushing  nmethod 0x000001c865078a10
Event: 3.170 Thread 0x000001c8776da3b0 flushing  nmethod 0x000001c86507b810
Event: 3.170 Thread 0x000001c8776da3b0 flushing  nmethod 0x000001c86507c310
Event: 3.170 Thread 0x000001c8776da3b0 flushing  nmethod 0x000001c86507c690
Event: 3.170 Thread 0x000001c8776da3b0 flushing  nmethod 0x000001c86507ce90
Event: 3.170 Thread 0x000001c8776da3b0 flushing  nmethod 0x000001c865089b90
Event: 3.170 Thread 0x000001c8776da3b0 flushing  nmethod 0x000001c865089f10
Event: 3.170 Thread 0x000001c8776da3b0 flushing  nmethod 0x000001c86508c110
Event: 3.170 Thread 0x000001c8776da3b0 flushing  nmethod 0x000001c86509d990
Event: 3.170 Thread 0x000001c8776da3b0 flushing  nmethod 0x000001c86509ea90
Event: 3.170 Thread 0x000001c8776da3b0 flushing  nmethod 0x000001c86509f410
Event: 3.170 Thread 0x000001c8776da3b0 flushing  nmethod 0x000001c86509f910
Event: 3.170 Thread 0x000001c8776da3b0 flushing  nmethod 0x000001c8650a0990
Event: 3.170 Thread 0x000001c8776da3b0 flushing  nmethod 0x000001c8650aae10
Event: 3.170 Thread 0x000001c8776da3b0 flushing  nmethod 0x000001c8650ee910
Event: 3.170 Thread 0x000001c8776da3b0 flushing  nmethod 0x000001c8650f4010

Events (15 events):
Event: 0.014 Thread 0x000001c861eb97a0 Thread added: 0x000001c861eb97a0
Event: 0.069 Thread 0x000001c861eb97a0 Thread added: 0x000001c8778acce0
Event: 0.070 Thread 0x000001c861eb97a0 Thread added: 0x000001c8778b04b0
Event: 0.071 Thread 0x000001c861eb97a0 Thread added: 0x000001c8778c8f00
Event: 0.071 Thread 0x000001c861eb97a0 Thread added: 0x000001c8778c9560
Event: 0.071 Thread 0x000001c861eb97a0 Thread added: 0x000001c8778d1fc0
Event: 0.071 Thread 0x000001c861eb97a0 Thread added: 0x000001c877899250
Event: 0.071 Thread 0x000001c861eb97a0 Thread added: 0x000001c877899be0
Event: 0.071 Thread 0x000001c861eb97a0 Thread added: 0x000001c8778dae10
Event: 0.142 Thread 0x000001c861eb97a0 Thread added: 0x000001c877a6fa10
Event: 0.147 Thread 0x000001c861eb97a0 Thread added: 0x000001c877a72240
Event: 0.153 Loaded shared library C:\Program Files\Android\Android Studio\jbr\bin\net.dll
Event: 0.155 Loaded shared library C:\Program Files\Android\Android Studio\jbr\bin\nio.dll
Event: 0.288 Loaded shared library C:\Program Files\Android\Android Studio\jbr\bin\zip.dll
Event: 0.326 Loaded shared library C:\Program Files\Android\Android Studio\jbr\bin\jimage.dll


Dynamic libraries:
0x00007ff6978e0000 - 0x00007ff6978ea000 	C:\Program Files\Android\Android Studio\jbr\bin\java.exe
0x00007ffcbadc0000 - 0x00007ffcbb025000 	C:\WINDOWS\SYSTEM32\ntdll.dll
0x00007ffcba330000 - 0x00007ffcba3f9000 	C:\WINDOWS\System32\KERNEL32.DLL
0x00007ffcb7f10000 - 0x00007ffcb82f8000 	C:\WINDOWS\System32\KERNELBASE.dll
0x00007ffcb8a10000 - 0x00007ffcb8b5b000 	C:\WINDOWS\System32\ucrtbase.dll
0x00007ffca99a0000 - 0x00007ffca99bb000 	C:\Program Files\Android\Android Studio\jbr\bin\VCRUNTIME140.dll
0x00007ffca9d80000 - 0x00007ffca9d98000 	C:\Program Files\Android\Android Studio\jbr\bin\jli.dll
0x00007ffcb9fc0000 - 0x00007ffcba18a000 	C:\WINDOWS\System32\USER32.dll
0x00007ffcb8440000 - 0x00007ffcb8467000 	C:\WINDOWS\System32\win32u.dll
0x00007ffca3e60000 - 0x00007ffca40fa000 	C:\WINDOWS\WinSxS\amd64_microsoft.windows.common-controls_6595b64144ccf1df_6.0.26100.4202_none_3e0698d4e335f517\COMCTL32.dll
0x00007ffcb8e00000 - 0x00007ffcb8e2b000 	C:\WINDOWS\System32\GDI32.dll
0x00007ffcb9be0000 - 0x00007ffcb9c89000 	C:\WINDOWS\System32\msvcrt.dll
0x00007ffcb8300000 - 0x00007ffcb8437000 	C:\WINDOWS\System32\gdi32full.dll
0x00007ffcb8500000 - 0x00007ffcb85a3000 	C:\WINDOWS\System32\msvcp_win.dll
0x00007ffcb9ef0000 - 0x00007ffcb9f20000 	C:\WINDOWS\System32\IMM32.DLL
0x00007ffca9cf0000 - 0x00007ffca9cfc000 	C:\Program Files\Android\Android Studio\jbr\bin\vcruntime140_1.dll
0x00007ffc909f0000 - 0x00007ffc90a7d000 	C:\Program Files\Android\Android Studio\jbr\bin\msvcp140.dll
0x00007ffc356e0000 - 0x00007ffc3636b000 	C:\Program Files\Android\Android Studio\jbr\bin\server\jvm.dll
0x00007ffcb9d10000 - 0x00007ffcb9dc3000 	C:\WINDOWS\System32\ADVAPI32.dll
0x00007ffcbab60000 - 0x00007ffcbac06000 	C:\WINDOWS\System32\sechost.dll
0x00007ffcba1a0000 - 0x00007ffcba2b5000 	C:\WINDOWS\System32\RPCRT4.dll
0x00007ffcb9520000 - 0x00007ffcb9594000 	C:\WINDOWS\System32\WS2_32.dll
0x00007ffcb58f0000 - 0x00007ffcb5925000 	C:\WINDOWS\SYSTEM32\WINMM.dll
0x00007ffca7c60000 - 0x00007ffca7c6b000 	C:\WINDOWS\SYSTEM32\VERSION.dll
0x00007ffcb7d60000 - 0x00007ffcb7dbe000 	C:\WINDOWS\SYSTEM32\POWRPROF.dll
0x00007ffcb7d40000 - 0x00007ffcb7d54000 	C:\WINDOWS\SYSTEM32\UMPDC.dll
0x00007ffcb6cd0000 - 0x00007ffcb6ceb000 	C:\WINDOWS\SYSTEM32\kernel.appcore.dll
0x00007ffcb46b0000 - 0x00007ffcb46ba000 	C:\Program Files\Android\Android Studio\jbr\bin\jimage.dll
0x00007ffcb5620000 - 0x00007ffcb5861000 	C:\WINDOWS\SYSTEM32\DBGHELP.DLL
0x00007ffcb9190000 - 0x00007ffcb9515000 	C:\WINDOWS\System32\combase.dll
0x00007ffcbac90000 - 0x00007ffcbad71000 	C:\WINDOWS\System32\OLEAUT32.dll
0x00007ffcb58b0000 - 0x00007ffcb58e9000 	C:\WINDOWS\SYSTEM32\dbgcore.DLL
0x00007ffcb8670000 - 0x00007ffcb8709000 	C:\WINDOWS\System32\bcryptPrimitives.dll
0x00007ffca7ab0000 - 0x00007ffca7ad0000 	C:\Program Files\Android\Android Studio\jbr\bin\java.dll
0x00007ffca41d0000 - 0x00007ffca41e8000 	C:\Program Files\Android\Android Studio\jbr\bin\zip.dll
0x00007ffcba400000 - 0x00007ffcbab42000 	C:\WINDOWS\System32\SHELL32.dll
0x00007ffcb8710000 - 0x00007ffcb8884000 	C:\WINDOWS\System32\wintypes.dll
0x00007ffcb5b50000 - 0x00007ffcb63a8000 	C:\WINDOWS\SYSTEM32\windows.storage.dll
0x00007ffcb8eb0000 - 0x00007ffcb8fa1000 	C:\WINDOWS\System32\SHCORE.dll
0x00007ffcba2c0000 - 0x00007ffcba32a000 	C:\WINDOWS\System32\shlwapi.dll
0x00007ffcb7e20000 - 0x00007ffcb7e4f000 	C:\WINDOWS\SYSTEM32\profapi.dll
0x00007ffcb2600000 - 0x00007ffcb2610000 	C:\Program Files\Android\Android Studio\jbr\bin\net.dll
0x00007ffcaa090000 - 0x00007ffcaa1ae000 	C:\WINDOWS\SYSTEM32\WINHTTP.dll
0x00007ffcb7240000 - 0x00007ffcb72aa000 	C:\WINDOWS\system32\mswsock.dll
0x00007ffca22d0000 - 0x00007ffca22e6000 	C:\Program Files\Android\Android Studio\jbr\bin\nio.dll
0x00007ffca9d50000 - 0x00007ffca9d60000 	C:\Program Files\Android\Android Studio\jbr\bin\verify.dll

dbghelp: loaded successfully - version: 4.0.5 - missing functions: none
symbol engine: initialized successfully - sym options: 0x614 - pdb path: .;C:\Program Files\Android\Android Studio\jbr\bin;C:\WINDOWS\SYSTEM32;C:\WINDOWS\WinSxS\amd64_microsoft.windows.common-controls_6595b64144ccf1df_6.0.26100.4202_none_3e0698d4e335f517;C:\Program Files\Android\Android Studio\jbr\bin\server

VM Arguments:
java_command: org.jetbrains.kotlin.cli.jvm.K2JVMCompiler @C:\Users\Ryan\AndroidStudioProjects\SobrevivaANoite\app\build\20250630_5401974631863970857.compiler.options
java_class_path (initial): C:\Users\Ryan\.gradle\caches\modules-2\files-2.1\org.jetbrains.kotlin\kotlin-compiler-embeddable\2.0.21\79346ed53db48b18312a472602eb5c057070c54d\kotlin-compiler-embeddable-2.0.21.jar;C:\Users\Ryan\.gradle\caches\modules-2\files-2.1\org.jetbrains.kotlin\kotlin-stdlib\2.0.21\618b539767b4899b4660a83006e052b63f1db551\kotlin-stdlib-2.0.21.jar;C:\Users\Ryan\.gradle\caches\modules-2\files-2.1\org.jetbrains.kotlin\kotlin-script-runtime\2.0.21\c9b044380ad41f89aa89aa896c2d32a8c0b2129d\kotlin-script-runtime-2.0.21.jar;C:\Users\Ryan\.gradle\caches\modules-2\files-2.1\org.jetbrains.kotlin\kotlin-reflect\1.6.10\1cbe9c92c12a94eea200d23c2bbaedaf3daf5132\kotlin-reflect-1.6.10.jar;C:\Users\Ryan\.gradle\caches\modules-2\files-2.1\org.jetbrains.kotlin\kotlin-daemon-embeddable\2.0.21\c9e933b23287de9b5a17e2116b4657bb91aea72c\kotlin-daemon-embeddable-2.0.21.jar;C:\Users\Ryan\.gradle\caches\modules-2\files-2.1\org.jetbrains.intellij.deps\trove4j\1.0.20200330\3afb14d5f9ceb459d724e907a21145e8ff394f02\trove4j-1.0.20200330.jar;C:\Users\Ryan\.gradle\caches\modules-2\files-2.1\org.jetbrains.kotlinx\kotlinx-coroutines-core-jvm\1.6.4\2c997cd1c0ef33f3e751d3831929aeff1390cb30\kotlinx-coroutines-core-jvm-1.6.4.jar;C:\Users\Ryan\.gradle\caches\modules-2\files-2.1\org.jetbrains\annotations\13.0\919f0dfe192fb4e063e7dacadee7f8bb9a2672a9\annotations-13.0.jar
Launcher Type: SUN_STANDARD

[Global flags]
     intx CICompilerCount                          = 3                                         {product} {ergonomic}
     uint ConcGCThreads                            = 1                                         {product} {ergonomic}
     uint G1ConcRefinementThreads                  = 4                                         {product} {ergonomic}
   size_t G1HeapRegionSize                         = 1048576                                   {product} {ergonomic}
    uintx GCDrainStackTargetSize                   = 64                                        {product} {ergonomic}
   size_t InitialHeapSize                          = 62914560                                  {product} {ergonomic}
   size_t MarkStackSize                            = 4194304                                   {product} {ergonomic}
   size_t MaxHeapSize                              = 1006632960                                {product} {ergonomic}
   size_t MaxNewSize                               = 603979776                                 {product} {ergonomic}
   size_t MinHeapDeltaBytes                        = 1048576                                   {product} {ergonomic}
   size_t MinHeapSize                              = 8388608                                   {product} {ergonomic}
    uintx NonNMethodCodeHeapSize                   = 5832780                                {pd product} {ergonomic}
    uintx NonProfiledCodeHeapSize                  = 122912730                              {pd product} {ergonomic}
    uintx ProfiledCodeHeapSize                     = 122912730                              {pd product} {ergonomic}
    uintx ReservedCodeCacheSize                    = 251658240                              {pd product} {ergonomic}
     bool SegmentedCodeCache                       = true                                      {product} {ergonomic}
   size_t SoftMaxHeapSize                          = 1006632960                             {manageable} {ergonomic}
     bool UseCompressedOops                        = true                           {product lp64_product} {ergonomic}
     bool UseG1GC                                  = true                                      {product} {ergonomic}
     bool UseLargePagesIndividualAllocation        = false                                  {pd product} {ergonomic}

Logging:
Log output configuration:
 #0: stdout all=warning uptime,level,tags foldmultilines=false
 #1: stderr all=off uptime,level,tags foldmultilines=false

Environment Variables:
JAVA_HOME=C:\Program Files\Java\jdk-21
PATH=C:\Program Files\Common Files\Oracle\Java\javapath;C:\WINDOWS\system32;C:\WINDOWS;C:\WINDOWS\System32\Wbem;C:\WINDOWS\System32\WindowsPowerShell\v1.0\;C:\WINDOWS\System32\OpenSSH\;C:\Program Files\Git\cmd;C:\Program Files\Docker\Docker\resources\bin;C:\Program Files\nodejs\;C:\Program Files\apache-maven-3.9.9\bin;C:\Program Files\Java\jdk-21\bin;C:\Users\Ryan\.cargo\bin;C:\Program Files\MySQL\MySQL Shell 8.0\bin\;C:\Users\Ryan\AppData\Local\Microsoft\WindowsApps;C:\Users\Ryan\AppData\Local\Programs\Microsoft VS Code\bin;C:\Users\Ryan\AppData\Roaming\npm;C:\Users\Ryan\AppData\Local\gitkraken\bin;C:\ffmpeg-7.0.2-essentials_build\bin;;C:\Program Files\JetBrains\IntelliJ IDEA 2024.3.1.1\bin;;C:\Users\Ryan\AppData\Local\Microsoft\WindowsApps
USERNAME=Ryan
OS=Windows_NT
PROCESSOR_IDENTIFIER=Intel64 Family 6 Model 140 Stepping 1, GenuineIntel
TMP=C:\Users\Ryan\AppData\Local\Temp
TEMP=C:\Users\Ryan\AppData\Local\Temp




Periodic native trim disabled

JNI global refs:
JNI global refs: 9, weak refs: 13

JNI global refs memory usage: 835, weak refs: 833

Process memory usage:
Resident Set Size: 178032K (4% of 3930916K total physical memory with 88748K free physical memory)

OOME stack traces (most recent first):
Classloader memory used:
Loader jdk.internal.loader.ClassLoaders$AppClassLoader                                 : 33084K
Loader bootstrap                                                                       : 10278K
Loader java.net.URLClassLoader                                                         : 258K

---------------  S Y S T E M  ---------------

OS:
 Windows 11 , 64 bit Build 26100 (10.0.26100.4202)
OS uptime: 0 days 22:35 hours
Hyper-V role detected

CPU: total 4 (initial active 4) (2 cores per cpu, 2 threads per core) family 6 model 140 stepping 1 microcode 0xbc, cx8, cmov, fxsr, ht, mmx, 3dnowpref, sse, sse2, sse3, ssse3, sse4.1, sse4.2, popcnt, lzcnt, tsc, tscinvbit, avx, avx2, aes, erms, clmul, bmi1, bmi2, adx, avx512f, avx512dq, avx512cd, avx512bw, avx512vl, sha, fma, vzeroupper, avx512_vpopcntdq, avx512_vpclmulqdq, avx512_vaes, avx512_vnni, clflush, clflushopt, clwb, avx512_vbmi2, avx512_vbmi, hv, rdtscp, rdpid, fsrm, gfni, avx512_bitalg, f16c, cet_ibt, cet_ss, avx512_ifma
Processor Information for the first 4 processors :
  Max Mhz: 1997, Current Mhz: 1997, Mhz Limit: 1997

Memory: 4k page, system-wide physical 3838M (86M free)
TotalPageFile size 15614M (AvailPageFile size 6M)
current process WorkingSet (physical memory assigned to process): 173M, peak: 174M
current process commit charge ("private bytes"): 200M, peak: 202M

vm_info: OpenJDK 64-Bit Server VM (21.0.6+-13368085-b895.109) for windows-amd64 JRE (21.0.6+-13368085-b895.109), built on 2025-04-16T17:01:31Z by "builder" with MS VC++ 16.10 / 16.11 (VS2019)

END.
