#
# There is insufficient memory for the Java Runtime Environment to continue.
# Native memory allocation (malloc) failed to allocate 1058304 bytes. Error detail: Chunk::new
# Possible reasons:
#   The system is out of physical RAM or swap space
#   This process is running with CompressedOops enabled, and the Java Heap may be blocking the growth of the native heap
# Possible solutions:
#   Reduce memory load on the system
#   Increase physical memory or swap space
#   Check if swap backing store is full
#   Decrease Java heap size (-Xmx/-Xms)
#   Decrease number of Java threads
#   Decrease Java thread stack sizes (-Xss)
#   Set larger code cache with -XX:ReservedCodeCacheSize=
#   JVM is running with Unscaled Compressed Oops mode in which the Java heap is
#     placed in the first 4GB address space. The Java Heap base address is the
#     maximum limit for the native heap growth. Please use -XX:HeapBaseMinAddress
#     to set the Java Heap base and to place the Java Heap above 4GB virtual address.
# This output file may be truncated or incomplete.
#
#  Out of Memory Error (arena.cpp:168), pid=16620, tid=16780
#
# JRE version: OpenJDK Runtime Environment (21.0.6) (build 21.0.6+-13368085-b895.109)
# Java VM: OpenJDK 64-Bit Server VM (21.0.6+-13368085-b895.109, mixed mode, tiered, compressed oops, compressed class ptrs, g1 gc, windows-amd64)
# No core dump will be written. Minidumps are not enabled by default on client versions of Windows
#

---------------  S U M M A R Y ------------

Command Line: org.jetbrains.kotlin.cli.jvm.K2JVMCompiler @C:\Users\Ryan\AndroidStudioProjects\SobrevivaANoite\app\build\20250709_18207703782240610244.compiler.options

Host: Intel(R) Pentium(R) Gold 7505 @ 2.00GHz, 4 cores, 3G,  Windows 11 , 64 bit Build 26100 (10.0.26100.4202)
Time: Wed Jul  9 16:55:44 2025 Hora Padrão de Buenos Aires elapsed time: 11.679058 seconds (0d 0h 0m 11s)

---------------  T H R E A D  ---------------

Current thread (0x000001fff1433710):  JavaThread "C2 CompilerThread0" daemon [_thread_in_native, id=16780, stack(0x0000007ad3500000,0x0000007ad3600000) (1024K)]


Current CompileTask:
C2:11679 8073       4       org.jetbrains.kotlin.protobuf.GeneratedMessageLite::parseUnknownField (518 bytes)

Stack: [0x0000007ad3500000,0x0000007ad3600000]
Native frames: (J=compiled Java code, j=interpreted, Vv=VM code, C=native code)
V  [jvm.dll+0x6d0639]
V  [jvm.dll+0x85eb03]
V  [jvm.dll+0x86105e]
V  [jvm.dll+0x861743]
V  [jvm.dll+0x27e6e6]
V  [jvm.dll+0xbff6d]
V  [jvm.dll+0xc04a3]
V  [jvm.dll+0x3b61ab]
V  [jvm.dll+0x3820c7]
V  [jvm.dll+0x38153a]
V  [jvm.dll+0x247c82]
V  [jvm.dll+0x247251]
V  [jvm.dll+0x1c5f04]
V  [jvm.dll+0x2569ac]
V  [jvm.dll+0x254ef6]
V  [jvm.dll+0x3f0e96]
V  [jvm.dll+0x806ed8]
V  [jvm.dll+0x6cef0d]
C  [ucrtbase.dll+0x37b0]
C  [KERNEL32.DLL+0x2e8d7]
C  [ntdll.dll+0x3c34c]


---------------  P R O C E S S  ---------------

Threads class SMR info:
_java_thread_list=0x000001fff15ad460, length=11, elements={
0x000001ffd97914a0, 0x000001fff1414ac0, 0x000001fff1417620, 0x000001fff142da80,
0x000001fff142f4e0, 0x000001fff142ff30, 0x000001fff1430980, 0x000001fff1433710,
0x000001fff14381c0, 0x000001fff11fdcf0, 0x000001fff15df6e0
}

Java Threads: ( => current thread )
  0x000001ffd97914a0 JavaThread "main"                              [_thread_in_Java, id=7340, stack(0x0000007ad2700000,0x0000007ad2800000) (1024K)]
  0x000001fff1414ac0 JavaThread "Reference Handler"          daemon [_thread_blocked, id=11268, stack(0x0000007ad2f00000,0x0000007ad3000000) (1024K)]
  0x000001fff1417620 JavaThread "Finalizer"                  daemon [_thread_blocked, id=21220, stack(0x0000007ad3000000,0x0000007ad3100000) (1024K)]
  0x000001fff142da80 JavaThread "Signal Dispatcher"          daemon [_thread_blocked, id=19012, stack(0x0000007ad3100000,0x0000007ad3200000) (1024K)]
  0x000001fff142f4e0 JavaThread "Attach Listener"            daemon [_thread_blocked, id=14632, stack(0x0000007ad3200000,0x0000007ad3300000) (1024K)]
  0x000001fff142ff30 JavaThread "Service Thread"             daemon [_thread_blocked, id=19412, stack(0x0000007ad3300000,0x0000007ad3400000) (1024K)]
  0x000001fff1430980 JavaThread "Monitor Deflation Thread"   daemon [_thread_blocked, id=7036, stack(0x0000007ad3400000,0x0000007ad3500000) (1024K)]
=>0x000001fff1433710 JavaThread "C2 CompilerThread0"         daemon [_thread_in_native, id=16780, stack(0x0000007ad3500000,0x0000007ad3600000) (1024K)]
  0x000001fff14381c0 JavaThread "C1 CompilerThread0"         daemon [_thread_in_native, id=15172, stack(0x0000007ad3600000,0x0000007ad3700000) (1024K)]
  0x000001fff11fdcf0 JavaThread "Notification Thread"        daemon [_thread_blocked, id=12992, stack(0x0000007ad3700000,0x0000007ad3800000) (1024K)]
  0x000001fff15df6e0 JavaThread "Common-Cleaner"             daemon [_thread_blocked, id=19704, stack(0x0000007ad3800000,0x0000007ad3900000) (1024K)]
Total: 11

Other Threads:
  0x000001fff1260230 VMThread "VM Thread"                           [id=17472, stack(0x0000007ad2e00000,0x0000007ad2f00000) (1024K)]
  0x000001fff11fcea0 WatcherThread "VM Periodic Task Thread"        [id=20884, stack(0x0000007ad2d00000,0x0000007ad2e00000) (1024K)]
  0x000001ffdba6d480 WorkerThread "GC Thread#0"                     [id=6616, stack(0x0000007ad2800000,0x0000007ad2900000) (1024K)]
  0x000001fff1b28b60 WorkerThread "GC Thread#1"                     [id=15576, stack(0x0000007ad3900000,0x0000007ad3a00000) (1024K)]
  0x000001fff1b57a20 WorkerThread "GC Thread#2"                     [id=10144, stack(0x0000007ad3a00000,0x0000007ad3b00000) (1024K)]
  0x000001fff1b57dc0 WorkerThread "GC Thread#3"                     [id=21460, stack(0x0000007ad3b00000,0x0000007ad3c00000) (1024K)]
  0x000001ffdba77a50 ConcurrentGCThread "G1 Main Marker"            [id=12268, stack(0x0000007ad2900000,0x0000007ad2a00000) (1024K)]
  0x000001ffdba78550 WorkerThread "G1 Conc#0"                       [id=11020, stack(0x0000007ad2a00000,0x0000007ad2b00000) (1024K)]
  0x000001fff10c10a0 ConcurrentGCThread "G1 Refine#0"               [id=12056, stack(0x0000007ad2b00000,0x0000007ad2c00000) (1024K)]
  0x000001fff10c1ab0 ConcurrentGCThread "G1 Service"                [id=19904, stack(0x0000007ad2c00000,0x0000007ad2d00000) (1024K)]
Total: 10

Threads with active compile tasks:
C2 CompilerThread0  11806 8073       4       org.jetbrains.kotlin.protobuf.GeneratedMessageLite::parseUnknownField (518 bytes)
C1 CompilerThread0  11806 8120       3       org.jetbrains.kotlin.fir.types.TypeUtilsKt::captureFromExpressionInternal (591 bytes)
Total: 2

VM state: not at safepoint (normal execution)

VM Mutex/Monitor currently owned by a thread: None

Heap address: 0x00000000c4000000, size: 960 MB, Compressed Oops mode: 32-bit

CDS archive(s) not mapped
Compressed class space mapped at: 0x0000000100000000-0x0000000140000000, reserved size: 1073741824
Narrow klass base: 0x0000000000000000, Narrow klass shift: 3, Narrow klass range: 0x140000000

GC Precious Log:
 CardTable entry size: 512
 Card Set container configuration: InlinePtr #cards 5 size 8 Array Of Cards #cards 12 size 40 Howl #buckets 4 coarsen threshold 1843 Howl Bitmap #cards 512 size 80 coarsen threshold 460 Card regions per heap region 1 cards per card region 2048
 CPUs: 4 total, 4 available
 Memory: 3838M
 Large Page Support: Disabled
 NUMA Support: Disabled
 Compressed Oops: Enabled (32-bit)
 Heap Region Size: 1M
 Heap Min Capacity: 8M
 Heap Initial Capacity: 60M
 Heap Max Capacity: 960M
 Pre-touch: Disabled
 Parallel Workers: 4
 Concurrent Workers: 1
 Concurrent Refinement Workers: 4
 Periodic GC: Disabled

Heap:
 garbage-first heap   total 129024K, used 96768K [0x00000000c4000000, 0x0000000100000000)
  region size 1024K, 33 young (33792K), 6 survivors (6144K)
 Metaspace       used 57866K, committed 58176K, reserved 1114112K
  class space    used 6396K, committed 6528K, reserved 1048576K

Heap Regions: E=young(eden), S=young(survivor), O=old, HS=humongous(starts), HC=humongous(continues), CS=collection set, F=free, TAMS=top-at-mark-start, PB=parsable bottom
|   0|0x00000000c4000000, 0x00000000c4100000, 0x00000000c4100000|100%|HS|  |TAMS 0x00000000c4000000| PB 0x00000000c4000000| Complete 
|   1|0x00000000c4100000, 0x00000000c4200000, 0x00000000c4200000|100%|HC|  |TAMS 0x00000000c4100000| PB 0x00000000c4100000| Complete 
|   2|0x00000000c4200000, 0x00000000c4300000, 0x00000000c4300000|100%|HC|  |TAMS 0x00000000c4200000| PB 0x00000000c4200000| Complete 
|   3|0x00000000c4300000, 0x00000000c4400000, 0x00000000c4400000|100%| O|  |TAMS 0x00000000c4300000| PB 0x00000000c4300000| Untracked 
|   4|0x00000000c4400000, 0x00000000c4500000, 0x00000000c4500000|100%| O|  |TAMS 0x00000000c4400000| PB 0x00000000c4400000| Untracked 
|   5|0x00000000c4500000, 0x00000000c4600000, 0x00000000c4600000|100%| O|  |TAMS 0x00000000c4500000| PB 0x00000000c4500000| Untracked 
|   6|0x00000000c4600000, 0x00000000c4700000, 0x00000000c4700000|100%| O|  |TAMS 0x00000000c4600000| PB 0x00000000c4600000| Untracked 
|   7|0x00000000c4700000, 0x00000000c4800000, 0x00000000c4800000|100%| O|  |TAMS 0x00000000c4700000| PB 0x00000000c4700000| Untracked 
|   8|0x00000000c4800000, 0x00000000c4900000, 0x00000000c4900000|100%| O|  |TAMS 0x00000000c4800000| PB 0x00000000c4800000| Untracked 
|   9|0x00000000c4900000, 0x00000000c4a00000, 0x00000000c4a00000|100%| O|  |TAMS 0x00000000c4900000| PB 0x00000000c4900000| Untracked 
|  10|0x00000000c4a00000, 0x00000000c4b00000, 0x00000000c4b00000|100%| O|  |TAMS 0x00000000c4a00000| PB 0x00000000c4a00000| Untracked 
|  11|0x00000000c4b00000, 0x00000000c4c00000, 0x00000000c4c00000|100%| O|  |TAMS 0x00000000c4b00000| PB 0x00000000c4b00000| Untracked 
|  12|0x00000000c4c00000, 0x00000000c4d00000, 0x00000000c4d00000|100%| O|  |TAMS 0x00000000c4c00000| PB 0x00000000c4c00000| Untracked 
|  13|0x00000000c4d00000, 0x00000000c4e00000, 0x00000000c4e00000|100%| O|  |TAMS 0x00000000c4d00000| PB 0x00000000c4d00000| Untracked 
|  14|0x00000000c4e00000, 0x00000000c4f00000, 0x00000000c4f00000|100%| O|  |TAMS 0x00000000c4e00000| PB 0x00000000c4e00000| Untracked 
|  15|0x00000000c4f00000, 0x00000000c5000000, 0x00000000c5000000|100%| O|  |TAMS 0x00000000c4f00000| PB 0x00000000c4f00000| Untracked 
|  16|0x00000000c5000000, 0x00000000c5100000, 0x00000000c5100000|100%| O|  |TAMS 0x00000000c5000000| PB 0x00000000c5000000| Untracked 
|  17|0x00000000c5100000, 0x00000000c5200000, 0x00000000c5200000|100%| O|  |TAMS 0x00000000c5100000| PB 0x00000000c5100000| Untracked 
|  18|0x00000000c5200000, 0x00000000c5300000, 0x00000000c5300000|100%| O|  |TAMS 0x00000000c5200000| PB 0x00000000c5200000| Untracked 
|  19|0x00000000c5300000, 0x00000000c5400000, 0x00000000c5400000|100%| O|  |TAMS 0x00000000c5300000| PB 0x00000000c5300000| Untracked 
|  20|0x00000000c5400000, 0x00000000c5500000, 0x00000000c5500000|100%| O|  |TAMS 0x00000000c5400000| PB 0x00000000c5400000| Untracked 
|  21|0x00000000c5500000, 0x00000000c5600000, 0x00000000c5600000|100%| O|  |TAMS 0x00000000c5500000| PB 0x00000000c5500000| Untracked 
|  22|0x00000000c5600000, 0x00000000c5700000, 0x00000000c5700000|100%| O|  |TAMS 0x00000000c5600000| PB 0x00000000c5600000| Untracked 
|  23|0x00000000c5700000, 0x00000000c5800000, 0x00000000c5800000|100%| O|  |TAMS 0x00000000c5700000| PB 0x00000000c5700000| Untracked 
|  24|0x00000000c5800000, 0x00000000c5900000, 0x00000000c5900000|100%| O|  |TAMS 0x00000000c5800000| PB 0x00000000c5800000| Untracked 
|  25|0x00000000c5900000, 0x00000000c5a00000, 0x00000000c5a00000|100%| O|  |TAMS 0x00000000c5900000| PB 0x00000000c5900000| Untracked 
|  26|0x00000000c5a00000, 0x00000000c5b00000, 0x00000000c5b00000|100%| O|  |TAMS 0x00000000c5a00000| PB 0x00000000c5a00000| Untracked 
|  27|0x00000000c5b00000, 0x00000000c5c00000, 0x00000000c5c00000|100%| O|  |TAMS 0x00000000c5b00000| PB 0x00000000c5b00000| Untracked 
|  28|0x00000000c5c00000, 0x00000000c5d00000, 0x00000000c5d00000|100%| O|  |TAMS 0x00000000c5c00000| PB 0x00000000c5c00000| Untracked 
|  29|0x00000000c5d00000, 0x00000000c5e00000, 0x00000000c5e00000|100%| O|  |TAMS 0x00000000c5d00000| PB 0x00000000c5d00000| Untracked 
|  30|0x00000000c5e00000, 0x00000000c5f00000, 0x00000000c5f00000|100%| O|  |TAMS 0x00000000c5e00000| PB 0x00000000c5e00000| Untracked 
|  31|0x00000000c5f00000, 0x00000000c6000000, 0x00000000c6000000|100%| O|  |TAMS 0x00000000c5f00000| PB 0x00000000c5f00000| Untracked 
|  32|0x00000000c6000000, 0x00000000c6100000, 0x00000000c6100000|100%| O|  |TAMS 0x00000000c6000000| PB 0x00000000c6000000| Untracked 
|  33|0x00000000c6100000, 0x00000000c6200000, 0x00000000c6200000|100%| O|  |TAMS 0x00000000c6100000| PB 0x00000000c6100000| Untracked 
|  34|0x00000000c6200000, 0x00000000c6300000, 0x00000000c6300000|100%| O|Cm|TAMS 0x00000000c6200000| PB 0x00000000c6200000| Complete 
|  35|0x00000000c6300000, 0x00000000c6400000, 0x00000000c6400000|100%| O|  |TAMS 0x00000000c6300000| PB 0x00000000c6300000| Untracked 
|  36|0x00000000c6400000, 0x00000000c6500000, 0x00000000c6500000|100%| O|  |TAMS 0x00000000c6400000| PB 0x00000000c6400000| Untracked 
|  37|0x00000000c6500000, 0x00000000c6600000, 0x00000000c6600000|100%| O|  |TAMS 0x00000000c6500000| PB 0x00000000c6500000| Untracked 
|  38|0x00000000c6600000, 0x00000000c6700000, 0x00000000c6700000|100%| O|  |TAMS 0x00000000c6600000| PB 0x00000000c6600000| Untracked 
|  39|0x00000000c6700000, 0x00000000c6800000, 0x00000000c6800000|100%| O|  |TAMS 0x00000000c6700000| PB 0x00000000c6700000| Untracked 
|  40|0x00000000c6800000, 0x00000000c6900000, 0x00000000c6900000|100%| O|  |TAMS 0x00000000c6800000| PB 0x00000000c6800000| Untracked 
|  41|0x00000000c6900000, 0x00000000c6a00000, 0x00000000c6a00000|100%| O|  |TAMS 0x00000000c6900000| PB 0x00000000c6900000| Untracked 
|  42|0x00000000c6a00000, 0x00000000c6b00000, 0x00000000c6b00000|100%| O|  |TAMS 0x00000000c6a00000| PB 0x00000000c6a00000| Untracked 
|  43|0x00000000c6b00000, 0x00000000c6c00000, 0x00000000c6c00000|100%| O|  |TAMS 0x00000000c6b00000| PB 0x00000000c6b00000| Untracked 
|  44|0x00000000c6c00000, 0x00000000c6d00000, 0x00000000c6d00000|100%| O|  |TAMS 0x00000000c6c00000| PB 0x00000000c6c00000| Untracked 
|  45|0x00000000c6d00000, 0x00000000c6e00000, 0x00000000c6e00000|100%| O|Cm|TAMS 0x00000000c6d00000| PB 0x00000000c6d00000| Complete 
|  46|0x00000000c6e00000, 0x00000000c6f00000, 0x00000000c6f00000|100%| O|  |TAMS 0x00000000c6e00000| PB 0x00000000c6e00000| Untracked 
|  47|0x00000000c6f00000, 0x00000000c7000000, 0x00000000c7000000|100%| O|  |TAMS 0x00000000c6f00000| PB 0x00000000c6f00000| Untracked 
|  48|0x00000000c7000000, 0x00000000c7100000, 0x00000000c7100000|100%| O|  |TAMS 0x00000000c7000000| PB 0x00000000c7000000| Untracked 
|  49|0x00000000c7100000, 0x00000000c7200000, 0x00000000c7200000|100%| O|  |TAMS 0x00000000c7100000| PB 0x00000000c7100000| Untracked 
|  50|0x00000000c7200000, 0x00000000c7300000, 0x00000000c7300000|100%| O|  |TAMS 0x00000000c7200000| PB 0x00000000c7200000| Untracked 
|  51|0x00000000c7300000, 0x00000000c7400000, 0x00000000c7400000|100%| O|  |TAMS 0x00000000c7300000| PB 0x00000000c7300000| Untracked 
|  52|0x00000000c7400000, 0x00000000c7500000, 0x00000000c7500000|100%| O|  |TAMS 0x00000000c7400000| PB 0x00000000c7400000| Untracked 
|  53|0x00000000c7500000, 0x00000000c7600000, 0x00000000c7600000|100%| O|  |TAMS 0x00000000c7500000| PB 0x00000000c7500000| Untracked 
|  54|0x00000000c7600000, 0x00000000c7700000, 0x00000000c7700000|100%| O|  |TAMS 0x00000000c7600000| PB 0x00000000c7600000| Untracked 
|  55|0x00000000c7700000, 0x00000000c7800000, 0x00000000c7800000|100%| O|  |TAMS 0x00000000c7700000| PB 0x00000000c7700000| Untracked 
|  56|0x00000000c7800000, 0x00000000c7900000, 0x00000000c7900000|100%| O|  |TAMS 0x00000000c7800000| PB 0x00000000c7800000| Untracked 
|  57|0x00000000c7900000, 0x00000000c7a00000, 0x00000000c7a00000|100%| O|  |TAMS 0x00000000c7900000| PB 0x00000000c7900000| Untracked 
|  58|0x00000000c7a00000, 0x00000000c7b00000, 0x00000000c7b00000|100%| O|  |TAMS 0x00000000c7a00000| PB 0x00000000c7a00000| Untracked 
|  59|0x00000000c7b00000, 0x00000000c7c00000, 0x00000000c7c00000|100%| O|  |TAMS 0x00000000c7b00000| PB 0x00000000c7b00000| Untracked 
|  60|0x00000000c7c00000, 0x00000000c7c80000, 0x00000000c7d00000| 50%| O|  |TAMS 0x00000000c7c00000| PB 0x00000000c7c00000| Untracked 
|  61|0x00000000c7d00000, 0x00000000c7d00000, 0x00000000c7e00000|  0%| F|  |TAMS 0x00000000c7d00000| PB 0x00000000c7d00000| Untracked 
|  62|0x00000000c7e00000, 0x00000000c7e00000, 0x00000000c7f00000|  0%| F|  |TAMS 0x00000000c7e00000| PB 0x00000000c7e00000| Untracked 
|  63|0x00000000c7f00000, 0x00000000c7f00000, 0x00000000c8000000|  0%| F|  |TAMS 0x00000000c7f00000| PB 0x00000000c7f00000| Untracked 
|  64|0x00000000c8000000, 0x00000000c8000000, 0x00000000c8100000|  0%| F|  |TAMS 0x00000000c8000000| PB 0x00000000c8000000| Untracked 
|  65|0x00000000c8100000, 0x00000000c8100000, 0x00000000c8200000|  0%| F|  |TAMS 0x00000000c8100000| PB 0x00000000c8100000| Untracked 
|  66|0x00000000c8200000, 0x00000000c8200000, 0x00000000c8300000|  0%| F|  |TAMS 0x00000000c8200000| PB 0x00000000c8200000| Untracked 
|  67|0x00000000c8300000, 0x00000000c8300000, 0x00000000c8400000|  0%| F|  |TAMS 0x00000000c8300000| PB 0x00000000c8300000| Untracked 
|  68|0x00000000c8400000, 0x00000000c8400000, 0x00000000c8500000|  0%| F|  |TAMS 0x00000000c8400000| PB 0x00000000c8400000| Untracked 
|  69|0x00000000c8500000, 0x00000000c8500000, 0x00000000c8600000|  0%| F|  |TAMS 0x00000000c8500000| PB 0x00000000c8500000| Untracked 
|  70|0x00000000c8600000, 0x00000000c8600000, 0x00000000c8700000|  0%| F|  |TAMS 0x00000000c8600000| PB 0x00000000c8600000| Untracked 
|  71|0x00000000c8700000, 0x00000000c8700000, 0x00000000c8800000|  0%| F|  |TAMS 0x00000000c8700000| PB 0x00000000c8700000| Untracked 
|  72|0x00000000c8800000, 0x00000000c8800000, 0x00000000c8900000|  0%| F|  |TAMS 0x00000000c8800000| PB 0x00000000c8800000| Untracked 
|  73|0x00000000c8900000, 0x00000000c8900000, 0x00000000c8a00000|  0%| F|  |TAMS 0x00000000c8900000| PB 0x00000000c8900000| Untracked 
|  74|0x00000000c8a00000, 0x00000000c8a00000, 0x00000000c8b00000|  0%| F|  |TAMS 0x00000000c8a00000| PB 0x00000000c8a00000| Untracked 
|  75|0x00000000c8b00000, 0x00000000c8b00000, 0x00000000c8c00000|  0%| F|  |TAMS 0x00000000c8b00000| PB 0x00000000c8b00000| Untracked 
|  76|0x00000000c8c00000, 0x00000000c8c00000, 0x00000000c8d00000|  0%| F|  |TAMS 0x00000000c8c00000| PB 0x00000000c8c00000| Untracked 
|  77|0x00000000c8d00000, 0x00000000c8d00000, 0x00000000c8e00000|  0%| F|  |TAMS 0x00000000c8d00000| PB 0x00000000c8d00000| Untracked 
|  78|0x00000000c8e00000, 0x00000000c8e00000, 0x00000000c8f00000|  0%| F|  |TAMS 0x00000000c8e00000| PB 0x00000000c8e00000| Untracked 
|  79|0x00000000c8f00000, 0x00000000c8f00000, 0x00000000c9000000|  0%| F|  |TAMS 0x00000000c8f00000| PB 0x00000000c8f00000| Untracked 
|  80|0x00000000c9000000, 0x00000000c9000000, 0x00000000c9100000|  0%| F|  |TAMS 0x00000000c9000000| PB 0x00000000c9000000| Untracked 
|  81|0x00000000c9100000, 0x00000000c9100000, 0x00000000c9200000|  0%| F|  |TAMS 0x00000000c9100000| PB 0x00000000c9100000| Untracked 
|  82|0x00000000c9200000, 0x00000000c9300000, 0x00000000c9300000|100%| S|CS|TAMS 0x00000000c9200000| PB 0x00000000c9200000| Complete 
|  83|0x00000000c9300000, 0x00000000c9400000, 0x00000000c9400000|100%| S|CS|TAMS 0x00000000c9300000| PB 0x00000000c9300000| Complete 
|  84|0x00000000c9400000, 0x00000000c9500000, 0x00000000c9500000|100%| S|CS|TAMS 0x00000000c9400000| PB 0x00000000c9400000| Complete 
|  85|0x00000000c9500000, 0x00000000c9600000, 0x00000000c9600000|100%| S|CS|TAMS 0x00000000c9500000| PB 0x00000000c9500000| Complete 
|  86|0x00000000c9600000, 0x00000000c9700000, 0x00000000c9700000|100%| S|CS|TAMS 0x00000000c9600000| PB 0x00000000c9600000| Complete 
|  87|0x00000000c9700000, 0x00000000c9800000, 0x00000000c9800000|100%| S|CS|TAMS 0x00000000c9700000| PB 0x00000000c9700000| Complete 
|  88|0x00000000c9800000, 0x00000000c9800000, 0x00000000c9900000|  0%| F|  |TAMS 0x00000000c9800000| PB 0x00000000c9800000| Untracked 
|  89|0x00000000c9900000, 0x00000000c9900000, 0x00000000c9a00000|  0%| F|  |TAMS 0x00000000c9900000| PB 0x00000000c9900000| Untracked 
|  90|0x00000000c9a00000, 0x00000000c9a00000, 0x00000000c9b00000|  0%| F|  |TAMS 0x00000000c9a00000| PB 0x00000000c9a00000| Untracked 
|  91|0x00000000c9b00000, 0x00000000c9b00000, 0x00000000c9c00000|  0%| F|  |TAMS 0x00000000c9b00000| PB 0x00000000c9b00000| Untracked 
|  92|0x00000000c9c00000, 0x00000000c9c00000, 0x00000000c9d00000|  0%| F|  |TAMS 0x00000000c9c00000| PB 0x00000000c9c00000| Untracked 
|  93|0x00000000c9d00000, 0x00000000c9d00000, 0x00000000c9e00000|  0%| F|  |TAMS 0x00000000c9d00000| PB 0x00000000c9d00000| Untracked 
|  94|0x00000000c9e00000, 0x00000000c9e00000, 0x00000000c9f00000|  0%| F|  |TAMS 0x00000000c9e00000| PB 0x00000000c9e00000| Untracked 
|  95|0x00000000c9f00000, 0x00000000c9f00000, 0x00000000ca000000|  0%| F|  |TAMS 0x00000000c9f00000| PB 0x00000000c9f00000| Untracked 
|  96|0x00000000ca000000, 0x00000000ca080000, 0x00000000ca100000| 50%| E|  |TAMS 0x00000000ca000000| PB 0x00000000ca000000| Complete 
|  97|0x00000000ca100000, 0x00000000ca200000, 0x00000000ca200000|100%| E|CS|TAMS 0x00000000ca100000| PB 0x00000000ca100000| Complete 
|  98|0x00000000ca200000, 0x00000000ca300000, 0x00000000ca300000|100%| E|CS|TAMS 0x00000000ca200000| PB 0x00000000ca200000| Complete 
|  99|0x00000000ca300000, 0x00000000ca400000, 0x00000000ca400000|100%| E|CS|TAMS 0x00000000ca300000| PB 0x00000000ca300000| Complete 
| 100|0x00000000ca400000, 0x00000000ca500000, 0x00000000ca500000|100%| E|CS|TAMS 0x00000000ca400000| PB 0x00000000ca400000| Complete 
| 101|0x00000000ca500000, 0x00000000ca600000, 0x00000000ca600000|100%| E|CS|TAMS 0x00000000ca500000| PB 0x00000000ca500000| Complete 
| 102|0x00000000ca600000, 0x00000000ca700000, 0x00000000ca700000|100%| E|CS|TAMS 0x00000000ca600000| PB 0x00000000ca600000| Complete 
| 103|0x00000000ca700000, 0x00000000ca800000, 0x00000000ca800000|100%| E|CS|TAMS 0x00000000ca700000| PB 0x00000000ca700000| Complete 
| 104|0x00000000ca800000, 0x00000000ca900000, 0x00000000ca900000|100%| E|CS|TAMS 0x00000000ca800000| PB 0x00000000ca800000| Complete 
| 105|0x00000000ca900000, 0x00000000caa00000, 0x00000000caa00000|100%| E|CS|TAMS 0x00000000ca900000| PB 0x00000000ca900000| Complete 
| 106|0x00000000caa00000, 0x00000000cab00000, 0x00000000cab00000|100%| E|CS|TAMS 0x00000000caa00000| PB 0x00000000caa00000| Complete 
| 107|0x00000000cab00000, 0x00000000cac00000, 0x00000000cac00000|100%| E|CS|TAMS 0x00000000cab00000| PB 0x00000000cab00000| Complete 
| 108|0x00000000cac00000, 0x00000000cad00000, 0x00000000cad00000|100%| E|CS|TAMS 0x00000000cac00000| PB 0x00000000cac00000| Complete 
| 109|0x00000000cad00000, 0x00000000cae00000, 0x00000000cae00000|100%| E|CS|TAMS 0x00000000cad00000| PB 0x00000000cad00000| Complete 
| 110|0x00000000cae00000, 0x00000000caf00000, 0x00000000caf00000|100%| E|CS|TAMS 0x00000000cae00000| PB 0x00000000cae00000| Complete 
| 111|0x00000000caf00000, 0x00000000cb000000, 0x00000000cb000000|100%| E|CS|TAMS 0x00000000caf00000| PB 0x00000000caf00000| Complete 
| 112|0x00000000cb000000, 0x00000000cb100000, 0x00000000cb100000|100%| E|CS|TAMS 0x00000000cb000000| PB 0x00000000cb000000| Complete 
| 113|0x00000000cb100000, 0x00000000cb200000, 0x00000000cb200000|100%| E|CS|TAMS 0x00000000cb100000| PB 0x00000000cb100000| Complete 
| 114|0x00000000cb200000, 0x00000000cb300000, 0x00000000cb300000|100%| E|CS|TAMS 0x00000000cb200000| PB 0x00000000cb200000| Complete 
| 115|0x00000000cb300000, 0x00000000cb400000, 0x00000000cb400000|100%| E|CS|TAMS 0x00000000cb300000| PB 0x00000000cb300000| Complete 
| 116|0x00000000cb400000, 0x00000000cb500000, 0x00000000cb500000|100%| E|CS|TAMS 0x00000000cb400000| PB 0x00000000cb400000| Complete 
| 117|0x00000000cb500000, 0x00000000cb600000, 0x00000000cb600000|100%| E|CS|TAMS 0x00000000cb500000| PB 0x00000000cb500000| Complete 
| 118|0x00000000cb600000, 0x00000000cb700000, 0x00000000cb700000|100%| E|CS|TAMS 0x00000000cb600000| PB 0x00000000cb600000| Complete 
| 119|0x00000000cb700000, 0x00000000cb800000, 0x00000000cb800000|100%| E|CS|TAMS 0x00000000cb700000| PB 0x00000000cb700000| Complete 
| 120|0x00000000cb800000, 0x00000000cb900000, 0x00000000cb900000|100%| E|CS|TAMS 0x00000000cb800000| PB 0x00000000cb800000| Complete 
| 121|0x00000000cb900000, 0x00000000cba00000, 0x00000000cba00000|100%| E|CS|TAMS 0x00000000cb900000| PB 0x00000000cb900000| Complete 
| 122|0x00000000cba00000, 0x00000000cbb00000, 0x00000000cbb00000|100%| E|CS|TAMS 0x00000000cba00000| PB 0x00000000cba00000| Complete 
| 123|0x00000000cbb00000, 0x00000000cbc00000, 0x00000000cbc00000|100%| E|CS|TAMS 0x00000000cbb00000| PB 0x00000000cbb00000| Complete 
| 958|0x00000000ffe00000, 0x00000000fff00000, 0x00000000fff00000|100%| O|  |TAMS 0x00000000ffe00000| PB 0x00000000ffe00000| Untracked 
| 959|0x00000000fff00000, 0x0000000100000000, 0x0000000100000000|100%| O|  |TAMS 0x00000000fff00000| PB 0x00000000fff00000| Untracked 

Card table byte_map: [0x000001ffedb90000,0x000001ffedd70000] _byte_map_base: 0x000001ffed570000

Marking Bits: (CMBitMap*) 0x000001ffdba6e390
 Bits: [0x000001ffedd70000, 0x000001ffeec70000)

Polling page: 0x000001ffd98c0000

Metaspace:

Usage:
  Non-class:     50.26 MB used.
      Class:      6.25 MB used.
       Both:     56.51 MB used.

Virtual space:
  Non-class space:       64.00 MB reserved,      50.44 MB ( 79%) committed,  1 nodes.
      Class space:        1.00 GB reserved,       6.38 MB ( <1%) committed,  1 nodes.
             Both:        1.06 GB reserved,      56.81 MB (  5%) committed. 

Chunk freelists:
   Non-Class:  13.33 MB
       Class:  9.57 MB
        Both:  22.90 MB

MaxMetaspaceSize: unlimited
CompressedClassSpaceSize: 1.00 GB
Initial GC threshold: 21.00 MB
Current GC threshold: 92.94 MB
CDS: off
 - commit_granule_bytes: 65536.
 - commit_granule_words: 8192.
 - virtual_space_node_default_size: 8388608.
 - enlarge_chunks_in_place: 1.
 - use_allocation_guard: 0.


Internal statistics:

num_allocs_failed_limit: 6.
num_arena_births: 316.
num_arena_deaths: 0.
num_vsnodes_births: 2.
num_vsnodes_deaths: 0.
num_space_committed: 908.
num_space_uncommitted: 0.
num_chunks_returned_to_freelist: 6.
num_chunks_taken_from_freelist: 2079.
num_chunk_merges: 6.
num_chunk_splits: 1687.
num_chunks_enlarged: 1517.
num_inconsistent_stats: 0.

CodeHeap 'non-profiled nmethods': size=120000Kb used=3392Kb max_used=3392Kb free=116607Kb
 bounds [0x000001ffe6660000, 0x000001ffe69c0000, 0x000001ffedb90000]
CodeHeap 'profiled nmethods': size=120000Kb used=22701Kb max_used=22701Kb free=97298Kb
 bounds [0x000001ffdeb90000, 0x000001ffe01c0000, 0x000001ffe60c0000]
CodeHeap 'non-nmethods': size=5760Kb used=1817Kb max_used=1854Kb free=3942Kb
 bounds [0x000001ffe60c0000, 0x000001ffe6330000, 0x000001ffe6660000]
 total_blobs=8183 nmethods=7502 adapters=582
 compilation: enabled
              stopped_count=0, restarted_count=0
 full_count=0

Compilation events (20 events):
Event: 11.384 Thread 0x000001fff14381c0 nmethod 8065 0x000001ffe0142390 code [0x000001ffe0142b60, 0x000001ffe01465b8]
Event: 11.385 Thread 0x000001fff14381c0 8052       3       org.jetbrains.kotlin.fir.resolve.transformers.body.resolve.FirExpressionsResolveTransformerKt::addReceiversFromExtensions (231 bytes)
Event: 11.385 Thread 0x000001fff1433710 nmethod 8067 0x000001ffe69af490 code [0x000001ffe69af620, 0x000001ffe69af798]
Event: 11.385 Thread 0x000001fff1433710 8068       4       org.jetbrains.kotlin.protobuf.GeneratedMessageLite$ExtendableMessage::parseUnknownField (17 bytes)
Event: 11.386 Thread 0x000001fff1433710 nmethod 8068 0x000001ffe69af890 code [0x000001ffe69afa20, 0x000001ffe69afb20]
Event: 11.386 Thread 0x000001fff1433710 8071       4       org.jetbrains.kotlin.metadata.deserialization.Flags$EnumLiteFlagField::get (77 bytes)
Event: 11.387 Thread 0x000001fff14381c0 nmethod 8052 0x000001ffe0147d10 code [0x000001ffe01482e0, 0x000001ffe014af40]
Event: 11.387 Thread 0x000001fff14381c0 8070       3       org.jetbrains.kotlin.fir.deserialization.FirTypeDeserializer::typeParameterSymbol (46 bytes)
Event: 11.387 Thread 0x000001fff14381c0 nmethod 8070 0x000001ffe014be10 code [0x000001ffe014c020, 0x000001ffe014c658]
Event: 11.387 Thread 0x000001fff14381c0 8060       3       org.jetbrains.kotlin.fir.resolve.calls.candidate.CallInfo::equals (299 bytes)
Event: 11.387 Thread 0x000001fff1433710 nmethod 8071 0x000001ffe69afc10 code [0x000001ffe69afda0, 0x000001ffe69aff30]
Event: 11.387 Thread 0x000001fff1433710 8073       4       org.jetbrains.kotlin.protobuf.GeneratedMessageLite::parseUnknownField (518 bytes)
Event: 11.389 Thread 0x000001fff14381c0 nmethod 8060 0x000001ffe014c890 code [0x000001ffe014cd00, 0x000001ffe014f0e0]
Event: 11.389 Thread 0x000001fff14381c0 8075       3       org.jetbrains.kotlin.name.ClassId::getOutermostClassId (37 bytes)
Event: 11.389 Thread 0x000001fff14381c0 nmethod 8075 0x000001ffe014f690 code [0x000001ffe014f880, 0x000001ffe014fce8]
Event: 11.389 Thread 0x000001fff14381c0 8072       3       org.jetbrains.kotlin.metadata.ProtoBuf$Class::initFields (160 bytes)
Event: 11.390 Thread 0x000001fff14381c0 nmethod 8072 0x000001ffe014ff10 code [0x000001ffe01501e0, 0x000001ffe01511f8]
Event: 11.390 Thread 0x000001fff14381c0 8056       1       org.jetbrains.kotlin.fir.declarations.impl.FirSimpleFunctionImpl::getSource (5 bytes)
Event: 11.390 Thread 0x000001fff14381c0 nmethod 8056 0x000001ffe69b0090 code [0x000001ffe69b0220, 0x000001ffe69b02e8]
Event: 11.393 Thread 0x000001fff14381c0 8077       3       org.jetbrains.kotlin.fir.deserialization.ClassDeserializationKt::deserializeClassToSymbol (2868 bytes)

GC Heap History (20 events):
Event: 6.183 GC heap before
{Heap before GC invocations=15 (full 0):
 garbage-first heap   total 41984K, used 35483K [0x00000000c4000000, 0x0000000100000000)
  region size 1024K, 13 young (13312K), 2 survivors (2048K)
 Metaspace       used 49141K, committed 49472K, reserved 1114112K
  class space    used 5607K, committed 5760K, reserved 1048576K
}
Event: 6.193 GC heap after
{Heap after GC invocations=16 (full 0):
 garbage-first heap   total 41984K, used 27648K [0x00000000c4000000, 0x0000000100000000)
  region size 1024K, 2 young (2048K), 2 survivors (2048K)
 Metaspace       used 49141K, committed 49472K, reserved 1114112K
  class space    used 5607K, committed 5760K, reserved 1048576K
}
Event: 6.346 GC heap before
{Heap before GC invocations=16 (full 0):
 garbage-first heap   total 41984K, used 35840K [0x00000000c4000000, 0x0000000100000000)
  region size 1024K, 10 young (10240K), 2 survivors (2048K)
 Metaspace       used 49753K, committed 50048K, reserved 1114112K
  class space    used 5660K, committed 5824K, reserved 1048576K
}
Event: 6.352 GC heap after
{Heap after GC invocations=17 (full 0):
 garbage-first heap   total 51200K, used 29544K [0x00000000c4000000, 0x0000000100000000)
  region size 1024K, 2 young (2048K), 2 survivors (2048K)
 Metaspace       used 49753K, committed 50048K, reserved 1114112K
  class space    used 5660K, committed 5824K, reserved 1048576K
}
Event: 6.515 GC heap before
{Heap before GC invocations=18 (full 0):
 garbage-first heap   total 51200K, used 41832K [0x00000000c4000000, 0x0000000100000000)
  region size 1024K, 14 young (14336K), 2 survivors (2048K)
 Metaspace       used 49911K, committed 50240K, reserved 1114112K
  class space    used 5667K, committed 5824K, reserved 1048576K
}
Event: 6.523 GC heap after
{Heap after GC invocations=19 (full 0):
 garbage-first heap   total 51200K, used 34450K [0x00000000c4000000, 0x0000000100000000)
  region size 1024K, 2 young (2048K), 2 survivors (2048K)
 Metaspace       used 49911K, committed 50240K, reserved 1114112K
  class space    used 5667K, committed 5824K, reserved 1048576K
}
Event: 6.574 GC heap before
{Heap before GC invocations=19 (full 0):
 garbage-first heap   total 51200K, used 42642K [0x00000000c4000000, 0x0000000100000000)
  region size 1024K, 11 young (11264K), 2 survivors (2048K)
 Metaspace       used 49944K, committed 50304K, reserved 1114112K
  class space    used 5667K, committed 5824K, reserved 1048576K
}
Event: 6.581 GC heap after
{Heap after GC invocations=20 (full 0):
 garbage-first heap   total 51200K, used 37663K [0x00000000c4000000, 0x0000000100000000)
  region size 1024K, 2 young (2048K), 2 survivors (2048K)
 Metaspace       used 49944K, committed 50304K, reserved 1114112K
  class space    used 5667K, committed 5824K, reserved 1048576K
}
Event: 6.631 GC heap before
{Heap before GC invocations=20 (full 0):
 garbage-first heap   total 51200K, used 44831K [0x00000000c4000000, 0x0000000100000000)
  region size 1024K, 9 young (9216K), 2 survivors (2048K)
 Metaspace       used 49991K, committed 50304K, reserved 1114112K
  class space    used 5667K, committed 5824K, reserved 1048576K
}
Event: 6.637 GC heap after
{Heap after GC invocations=21 (full 0):
 garbage-first heap   total 51200K, used 40306K [0x00000000c4000000, 0x0000000100000000)
  region size 1024K, 2 young (2048K), 2 survivors (2048K)
 Metaspace       used 49991K, committed 50304K, reserved 1114112K
  class space    used 5667K, committed 5824K, reserved 1048576K
}
Event: 6.729 GC heap before
{Heap before GC invocations=21 (full 0):
 garbage-first heap   total 68608K, used 45426K [0x00000000c4000000, 0x0000000100000000)
  region size 1024K, 7 young (7168K), 2 survivors (2048K)
 Metaspace       used 50102K, committed 50432K, reserved 1114112K
  class space    used 5672K, committed 5824K, reserved 1048576K
}
Event: 6.733 GC heap after
{Heap after GC invocations=22 (full 0):
 garbage-first heap   total 68608K, used 41665K [0x00000000c4000000, 0x0000000100000000)
  region size 1024K, 1 young (1024K), 1 survivors (1024K)
 Metaspace       used 50102K, committed 50432K, reserved 1114112K
  class space    used 5672K, committed 5824K, reserved 1048576K
}
Event: 6.829 GC heap before
{Heap before GC invocations=23 (full 0):
 garbage-first heap   total 68608K, used 56001K [0x00000000c4000000, 0x0000000100000000)
  region size 1024K, 15 young (15360K), 1 survivors (1024K)
 Metaspace       used 50181K, committed 50496K, reserved 1114112K
  class space    used 5674K, committed 5824K, reserved 1048576K
}
Event: 6.836 GC heap after
{Heap after GC invocations=24 (full 0):
 garbage-first heap   total 129024K, used 46755K [0x00000000c4000000, 0x0000000100000000)
  region size 1024K, 2 young (2048K), 2 survivors (2048K)
 Metaspace       used 50181K, committed 50496K, reserved 1114112K
  class space    used 5674K, committed 5824K, reserved 1048576K
}
Event: 8.152 GC heap before
{Heap before GC invocations=24 (full 0):
 garbage-first heap   total 129024K, used 92835K [0x00000000c4000000, 0x0000000100000000)
  region size 1024K, 47 young (48128K), 2 survivors (2048K)
 Metaspace       used 54835K, committed 55168K, reserved 1114112K
  class space    used 6150K, committed 6272K, reserved 1048576K
}
Event: 8.169 GC heap after
{Heap after GC invocations=25 (full 0):
 garbage-first heap   total 129024K, used 54268K [0x00000000c4000000, 0x0000000100000000)
  region size 1024K, 6 young (6144K), 6 survivors (6144K)
 Metaspace       used 54835K, committed 55168K, reserved 1114112K
  class space    used 6150K, committed 6272K, reserved 1048576K
}
Event: 9.285 GC heap before
{Heap before GC invocations=25 (full 0):
 garbage-first heap   total 129024K, used 97276K [0x00000000c4000000, 0x0000000100000000)
  region size 1024K, 48 young (49152K), 6 survivors (6144K)
 Metaspace       used 56624K, committed 56896K, reserved 1114112K
  class space    used 6345K, committed 6464K, reserved 1048576K
}
Event: 9.304 GC heap after
{Heap after GC invocations=26 (full 0):
 garbage-first heap   total 129024K, used 64512K [0x00000000c4000000, 0x0000000100000000)
  region size 1024K, 6 young (6144K), 6 survivors (6144K)
 Metaspace       used 56624K, committed 56896K, reserved 1114112K
  class space    used 6345K, committed 6464K, reserved 1048576K
}
Event: 10.869 GC heap before
{Heap before GC invocations=27 (full 0):
 garbage-first heap   total 129024K, used 100352K [0x00000000c4000000, 0x0000000100000000)
  region size 1024K, 42 young (43008K), 6 survivors (6144K)
 Metaspace       used 57589K, committed 57920K, reserved 1114112K
  class space    used 6383K, committed 6528K, reserved 1048576K
}
Event: 10.887 GC heap after
{Heap after GC invocations=28 (full 0):
 garbage-first heap   total 129024K, used 70144K [0x00000000c4000000, 0x0000000100000000)
  region size 1024K, 6 young (6144K), 6 survivors (6144K)
 Metaspace       used 57589K, committed 57920K, reserved 1114112K
  class space    used 6383K, committed 6528K, reserved 1048576K
}

Dll operation events (3 events):
Event: 0.062 Loaded shared library C:\Program Files\Android\Android Studio\jbr\bin\java.dll
Event: 0.070 Loaded shared library C:\Program Files\Android\Android Studio\jbr\bin\zip.dll
Event: 1.915 Loaded shared library C:\Program Files\Android\Android Studio\jbr\bin\verify.dll

Deoptimization events (20 events):
Event: 10.465 Thread 0x000001ffd97914a0 DEOPT PACKING pc=0x000001ffe693d11c sp=0x0000007ad27fbf50
Event: 10.465 Thread 0x000001ffd97914a0 DEOPT UNPACKING pc=0x000001ffe6117da2 sp=0x0000007ad27fbee8 mode 2
Event: 10.465 Thread 0x000001ffd97914a0 Uncommon trap: trap_request=0xffffffde fr.pc=0x000001ffe693d11c relative=0x00000000000000fc
Event: 10.465 Thread 0x000001ffd97914a0 Uncommon trap: reason=class_check action=maybe_recompile pc=0x000001ffe693d11c method=org.jetbrains.kotlin.fir.scopes.impl.FirAbstractStarImportingScope.isExcluded(Lorg/jetbrains/kotlin/fir/declarations/FirResolvedImport;Lorg/jetbrains/kotlin/name/Name;)Z
Event: 10.465 Thread 0x000001ffd97914a0 DEOPT PACKING pc=0x000001ffe693d11c sp=0x0000007ad27fbf50
Event: 10.465 Thread 0x000001ffd97914a0 DEOPT UNPACKING pc=0x000001ffe6117da2 sp=0x0000007ad27fbee8 mode 2
Event: 10.556 Thread 0x000001ffd97914a0 Uncommon trap: trap_request=0xffffff6e fr.pc=0x000001ffe689f4c4 relative=0x0000000000000424
Event: 10.556 Thread 0x000001ffd97914a0 Uncommon trap: reason=loop_limit_check action=maybe_recompile pc=0x000001ffe689f4c4 method=java.util.regex.Pattern$Start.match(Ljava/util/regex/Matcher;ILjava/lang/CharSequence;)Z @ 34 c2
Event: 10.556 Thread 0x000001ffd97914a0 DEOPT PACKING pc=0x000001ffe689f4c4 sp=0x0000007ad27f63e0
Event: 10.556 Thread 0x000001ffd97914a0 DEOPT UNPACKING pc=0x000001ffe6117da2 sp=0x0000007ad27f6340 mode 2
Event: 10.564 Thread 0x000001ffd97914a0 DEOPT PACKING pc=0x000001ffdede22e6 sp=0x0000007ad27f7010
Event: 10.564 Thread 0x000001ffd97914a0 DEOPT UNPACKING pc=0x000001ffe61188e2 sp=0x0000007ad27f6558 mode 0
Event: 10.590 Thread 0x000001ffd97914a0 Uncommon trap: trap_request=0xffffff45 fr.pc=0x000001ffe694a690 relative=0x00000000000000f0
Event: 10.590 Thread 0x000001ffd97914a0 Uncommon trap: reason=unstable_if action=reinterpret pc=0x000001ffe694a690 method=org.jetbrains.kotlin.kotlinx.collections.immutable.implementations.immutableMap.TrieNode.containsKey(ILjava/lang/Object;I)Z @ 39 c2
Event: 10.590 Thread 0x000001ffd97914a0 DEOPT PACKING pc=0x000001ffe694a690 sp=0x0000007ad27f9010
Event: 10.590 Thread 0x000001ffd97914a0 DEOPT UNPACKING pc=0x000001ffe6117da2 sp=0x0000007ad27f8f90 mode 2
Event: 10.972 Thread 0x000001ffd97914a0 DEOPT PACKING pc=0x000001ffdede22e6 sp=0x0000007ad27f3660
Event: 10.972 Thread 0x000001ffd97914a0 DEOPT UNPACKING pc=0x000001ffe61188e2 sp=0x0000007ad27f2ba8 mode 0
Event: 11.121 Thread 0x000001ffd97914a0 DEOPT PACKING pc=0x000001ffdf5baab2 sp=0x0000007ad27f8a50
Event: 11.121 Thread 0x000001ffd97914a0 DEOPT UNPACKING pc=0x000001ffe61188e2 sp=0x0000007ad27f7f38 mode 0

Classes loaded (20 events):
Event: 5.793 Loading class java/text/CharacterIterator done
Event: 5.793 Loading class java/text/StringCharacterIterator done
Event: 6.092 Loading class java/util/ArrayList$SubList$1
Event: 6.092 Loading class java/util/ArrayList$SubList$1 done
Event: 6.200 Loading class java/util/AbstractList$ListItr
Event: 6.201 Loading class java/util/AbstractList$ListItr done
Event: 6.926 Loading class java/util/AbstractMap$SimpleImmutableEntry
Event: 6.926 Loading class java/util/AbstractMap$SimpleImmutableEntry done
Event: 7.065 Loading class java/security/CodeSigner
Event: 7.066 Loading class java/security/CodeSigner done
Event: 7.197 Loading class java/util/AbstractList$RandomAccessSubList
Event: 7.197 Loading class java/util/AbstractList$SubList
Event: 7.197 Loading class java/util/AbstractList$SubList done
Event: 7.197 Loading class java/util/AbstractList$RandomAccessSubList done
Event: 7.224 Loading class java/util/AbstractList$SubList$1
Event: 7.224 Loading class java/util/AbstractList$SubList$1 done
Event: 9.135 Loading class java/lang/Byte$ByteCache
Event: 9.136 Loading class java/lang/Byte$ByteCache done
Event: 9.321 Loading class java/lang/Short$ShortCache
Event: 9.324 Loading class java/lang/Short$ShortCache done

Classes unloaded (0 events):
No events

Classes redefined (0 events):
No events

Internal exceptions (20 events):
Event: 5.697 Thread 0x000001ffd97914a0 Implicit null exception at 0x000001ffe6753b3d to 0x000001ffe6753bb9
Event: 7.018 Thread 0x000001ffd97914a0 Exception <a 'java/lang/NoSuchMethodError'{0x00000000cb3cd958}: 'java.lang.Object java.lang.invoke.DirectMethodHandle$Holder.newInvokeSpecial(java.lang.Object, java.lang.Object, java.lang.Object, java.lang.Object, int, java.lang.Object, java.lang.Object)'> (0x00000000cb3cd958) 
thrown [s\src\hotspot\share\interpreter\linkResolver.cpp, line 784]
Event: 7.019 Thread 0x000001ffd97914a0 Exception <a 'java/lang/NoSuchMethodError'{0x00000000cb3d5b38}: 'java.lang.Object java.lang.invoke.Invokers$Holder.linkToTargetMethod(java.lang.Object, java.lang.Object, java.lang.Object, int, java.lang.Object, java.lang.Object, java.lang.Object)'> (0x00000000cb3d5b38) 
thrown [s\src\hotspot\share\interpreter\linkResolver.cpp, line 784]
Event: 7.251 Thread 0x000001ffd97914a0 Exception <a 'java/lang/NoSuchMethodError'{0x00000000ca922300}: 'java.lang.Object java.lang.invoke.DirectMethodHandle$Holder.newInvokeSpecial(java.lang.Object, java.lang.Object, java.lang.Object, java.lang.Object, int)'> (0x00000000ca922300) 
thrown [s\src\hotspot\share\interpreter\linkResolver.cpp, line 784]
Event: 7.252 Thread 0x000001ffd97914a0 Exception <a 'java/lang/NoSuchMethodError'{0x00000000ca926748}: 'java.lang.Object java.lang.invoke.DirectMethodHandle$Holder.invokeSpecial(java.lang.Object, java.lang.Object, java.lang.Object, java.lang.Object, java.lang.Object, int)'> (0x00000000ca926748) 
thrown [s\src\hotspot\share\interpreter\linkResolver.cpp, line 784]
Event: 7.252 Thread 0x000001ffd97914a0 Exception <a 'java/lang/NoSuchMethodError'{0x00000000ca92a488}: 'java.lang.Object java.lang.invoke.Invokers$Holder.linkToTargetMethod(java.lang.Object, java.lang.Object, java.lang.Object, int, java.lang.Object)'> (0x00000000ca92a488) 
thrown [s\src\hotspot\share\interpreter\linkResolver.cpp, line 784]
Event: 7.735 Thread 0x000001ffd97914a0 Exception <a 'java/lang/NoSuchMethodError'{0x00000000c9bcf648}: 'java.lang.Object java.lang.invoke.DirectMethodHandle$Holder.invokeSpecial(java.lang.Object, java.lang.Object, int, java.lang.Object, java.lang.Object)'> (0x00000000c9bcf648) 
thrown [s\src\hotspot\share\interpreter\linkResolver.cpp, line 784]
Event: 8.440 Thread 0x000001ffd97914a0 Exception <a 'java/lang/NoSuchMethodError'{0x00000000ca5dc078}: 'java.lang.Object java.lang.invoke.DirectMethodHandle$Holder.newInvokeSpecial(java.lang.Object, java.lang.Object, java.lang.Object, java.lang.Object, java.lang.Object, java.lang.Object, java.lang.Object, java.lang.Object, java.lang.Object)'> (0x00000000ca5dc078) 
thrown [s\src\hotspot\share\interpreter\linkResolver.cpp, line 784]
Event: 8.443 Thread 0x000001ffd97914a0 Exception <a 'java/lang/NoSuchMethodError'{0x00000000ca5efff0}: 'java.lang.Object java.lang.invoke.DirectMethodHandle$Holder.newInvokeSpecial(java.lang.Object, java.lang.Object, java.lang.Object, int)'> (0x00000000ca5efff0) 
thrown [s\src\hotspot\share\interpreter\linkResolver.cpp, line 784]
Event: 8.443 Thread 0x000001ffd97914a0 Exception <a 'java/lang/NoSuchMethodError'{0x00000000ca5f3e50}: 'java.lang.Object java.lang.invoke.DirectMethodHandle$Holder.invokeSpecial(java.lang.Object, java.lang.Object, java.lang.Object, java.lang.Object, int)'> (0x00000000ca5f3e50) 
thrown [s\src\hotspot\share\interpreter\linkResolver.cpp, line 784]
Event: 8.444 Thread 0x000001ffd97914a0 Exception <a 'java/lang/NoSuchMethodError'{0x00000000ca5f7598}: 'java.lang.Object java.lang.invoke.Invokers$Holder.linkToTargetMethod(java.lang.Object, java.lang.Object, int, java.lang.Object)'> (0x00000000ca5f7598) 
thrown [s\src\hotspot\share\interpreter\linkResolver.cpp, line 784]
Event: 8.447 Thread 0x000001ffd97914a0 Exception <a 'java/lang/NoSuchMethodError'{0x00000000ca406af8}: 'java.lang.Object java.lang.invoke.DirectMethodHandle$Holder.newInvokeSpecial(java.lang.Object, int, java.lang.Object)'> (0x00000000ca406af8) 
thrown [s\src\hotspot\share\interpreter\linkResolver.cpp, line 784]
Event: 8.461 Thread 0x000001ffd97914a0 Exception <a 'java/lang/NoSuchMethodError'{0x00000000ca436d58}: 'java.lang.Object java.lang.invoke.DirectMethodHandle$Holder.invokeStatic(java.lang.Object, int, java.lang.Object, java.lang.Object)'> (0x00000000ca436d58) 
thrown [s\src\hotspot\share\interpreter\linkResolver.cpp, line 784]
Event: 8.559 Thread 0x000001ffd97914a0 Exception <a 'java/lang/NoSuchMethodError'{0x00000000ca2a9538}: 'java.lang.Object java.lang.invoke.DirectMethodHandle$Holder.invokeStatic(java.lang.Object, java.lang.Object, java.lang.Object, int, java.lang.Object, java.lang.Object)'> (0x00000000ca2a9538) 
thrown [s\src\hotspot\share\interpreter\linkResolver.cpp, line 784]
Event: 8.620 Thread 0x000001ffd97914a0 Exception <a 'java/lang/NoSuchMethodError'{0x00000000ca0a99b0}: 'java.lang.Object java.lang.invoke.DirectMethodHandle$Holder.invokeStatic(java.lang.Object, int, java.lang.Object)'> (0x00000000ca0a99b0) 
thrown [s\src\hotspot\share\interpreter\linkResolver.cpp, line 784]
Event: 8.631 Thread 0x000001ffd97914a0 Exception <a 'java/lang/NoSuchMethodError'{0x00000000ca0d0218}: 'java.lang.Object java.lang.invoke.DirectMethodHandle$Holder.newInvokeSpecial(java.lang.Object, java.lang.Object, java.lang.Object, java.lang.Object, java.lang.Object, int)'> (0x00000000ca0d0218) 
thrown [s\src\hotspot\share\interpreter\linkResolver.cpp, line 784]
Event: 8.632 Thread 0x000001ffd97914a0 Exception <a 'java/lang/NoSuchMethodError'{0x00000000ca0d4cb0}: 'java.lang.Object java.lang.invoke.DirectMethodHandle$Holder.invokeSpecial(java.lang.Object, java.lang.Object, java.lang.Object, java.lang.Object, java.lang.Object, java.lang.Object, int)'> (0x00000000ca0d4cb0) 
thrown [s\src\hotspot\share\interpreter\linkResolver.cpp, line 784]
Event: 8.632 Thread 0x000001ffd97914a0 Exception <a 'java/lang/NoSuchMethodError'{0x00000000ca0d9048}: 'java.lang.Object java.lang.invoke.Invokers$Holder.linkToTargetMethod(java.lang.Object, java.lang.Object, java.lang.Object, java.lang.Object, int, java.lang.Object)'> (0x00000000ca0d9048) 
thrown [s\src\hotspot\share\interpreter\linkResolver.cpp, line 784]
Event: 10.139 Thread 0x000001ffd97914a0 Exception <a 'java/lang/NoSuchMethodError'{0x00000000cb067a00}: 'java.lang.Object java.lang.invoke.DirectMethodHandle$Holder.newInvokeSpecial(java.lang.Object, int, java.lang.Object, java.lang.Object, java.lang.Object)'> (0x00000000cb067a00) 
thrown [s\src\hotspot\share\interpreter\linkResolver.cpp, line 784]
Event: 10.140 Thread 0x000001ffd97914a0 Exception <a 'java/lang/NoSuchMethodError'{0x00000000cb06f930}: 'java.lang.Object java.lang.invoke.Invokers$Holder.linkToTargetMethod(int, java.lang.Object, java.lang.Object, java.lang.Object, java.lang.Object)'> (0x00000000cb06f930) 
thrown [s\src\hotspot\share\interpreter\linkResolver.cpp, line 784]

ZGC Phase Switch (0 events):
No events

VM Operations (20 events):
Event: 10.469 Executing VM operation: HandshakeAllThreads (Deoptimize)
Event: 10.469 Executing VM operation: HandshakeAllThreads (Deoptimize) done
Event: 10.474 Executing VM operation: HandshakeAllThreads (Deoptimize)
Event: 10.474 Executing VM operation: HandshakeAllThreads (Deoptimize) done
Event: 10.477 Executing VM operation: HandshakeAllThreads (Deoptimize)
Event: 10.477 Executing VM operation: HandshakeAllThreads (Deoptimize) done
Event: 10.479 Executing VM operation: HandshakeAllThreads (Deoptimize)
Event: 10.479 Executing VM operation: HandshakeAllThreads (Deoptimize) done
Event: 10.482 Executing VM operation: HandshakeAllThreads (Deoptimize)
Event: 10.482 Executing VM operation: HandshakeAllThreads (Deoptimize) done
Event: 10.488 Executing VM operation: HandshakeAllThreads (Deoptimize)
Event: 10.488 Executing VM operation: HandshakeAllThreads (Deoptimize) done
Event: 10.577 Executing VM operation: ICBufferFull
Event: 10.577 Executing VM operation: ICBufferFull done
Event: 10.869 Executing VM operation: G1CollectForAllocation (G1 Evacuation Pause)
Event: 10.887 Executing VM operation: G1CollectForAllocation (G1 Evacuation Pause) done
Event: 11.227 Executing VM operation: ICBufferFull
Event: 11.228 Executing VM operation: ICBufferFull done
Event: 11.374 Executing VM operation: ICBufferFull
Event: 11.374 Executing VM operation: ICBufferFull done

Memory protections (0 events):
No events

Nmethod flushes (20 events):
Event: 6.712 Thread 0x000001fff1260230 flushing  nmethod 0x000001ffdf0b0390
Event: 6.712 Thread 0x000001fff1260230 flushing  nmethod 0x000001ffdf0e7790
Event: 6.712 Thread 0x000001fff1260230 flushing  nmethod 0x000001ffdf133910
Event: 6.712 Thread 0x000001fff1260230 flushing  nmethod 0x000001ffdf14c490
Event: 6.712 Thread 0x000001fff1260230 flushing  nmethod 0x000001ffdf14e590
Event: 6.712 Thread 0x000001fff1260230 flushing  nmethod 0x000001ffdf14e910
Event: 6.712 Thread 0x000001fff1260230 flushing  nmethod 0x000001ffdf15ea10
Event: 9.423 Thread 0x000001fff1260230 flushing  nmethod 0x000001ffdec70910
Event: 9.423 Thread 0x000001fff1260230 flushing  nmethod 0x000001ffdf087c90
Event: 9.423 Thread 0x000001fff1260230 flushing  nmethod 0x000001ffdf089210
Event: 9.423 Thread 0x000001fff1260230 flushing  nmethod 0x000001ffe67b4490
Event: 9.423 Thread 0x000001fff1260230 flushing  nmethod 0x000001ffdedfa310
Event: 9.423 Thread 0x000001fff1260230 flushing  nmethod 0x000001ffdee2ae90
Event: 9.423 Thread 0x000001fff1260230 flushing  nmethod 0x000001ffdee94f10
Event: 9.423 Thread 0x000001fff1260230 flushing  nmethod 0x000001ffdf079f90
Event: 9.423 Thread 0x000001fff1260230 flushing  nmethod 0x000001ffdf10f210
Event: 9.423 Thread 0x000001fff1260230 flushing  nmethod 0x000001ffdf14af90
Event: 9.423 Thread 0x000001fff1260230 flushing  nmethod 0x000001ffe67b1410
Event: 9.423 Thread 0x000001fff1260230 flushing  nmethod 0x000001ffdef8cf10
Event: 9.423 Thread 0x000001fff1260230 flushing  nmethod 0x000001ffdf0e7c10

Events (15 events):
Event: 0.068 Thread 0x000001ffd97914a0 Thread added: 0x000001ffd97914a0
Event: 0.124 Thread 0x000001ffd97914a0 Thread added: 0x000001fff1414ac0
Event: 0.124 Thread 0x000001ffd97914a0 Thread added: 0x000001fff1417620
Event: 0.126 Thread 0x000001ffd97914a0 Thread added: 0x000001fff142da80
Event: 0.126 Thread 0x000001ffd97914a0 Thread added: 0x000001fff142f4e0
Event: 0.126 Thread 0x000001ffd97914a0 Thread added: 0x000001fff142ff30
Event: 0.126 Thread 0x000001ffd97914a0 Thread added: 0x000001fff1430980
Event: 0.126 Thread 0x000001ffd97914a0 Thread added: 0x000001fff1433710
Event: 0.127 Thread 0x000001ffd97914a0 Thread added: 0x000001fff14381c0
Event: 0.177 Thread 0x000001ffd97914a0 Thread added: 0x000001fff11fdcf0
Event: 0.184 Thread 0x000001ffd97914a0 Thread added: 0x000001fff15df6e0
Event: 0.196 Loaded shared library C:\Program Files\Android\Android Studio\jbr\bin\net.dll
Event: 0.199 Loaded shared library C:\Program Files\Android\Android Studio\jbr\bin\nio.dll
Event: 0.241 Loaded shared library C:\Program Files\Android\Android Studio\jbr\bin\zip.dll
Event: 0.287 Loaded shared library C:\Program Files\Android\Android Studio\jbr\bin\jimage.dll


Dynamic libraries:
0x00007ff7ee4c0000 - 0x00007ff7ee4ca000 	C:\Program Files\Android\Android Studio\jbr\bin\java.exe
0x00007ffd59e80000 - 0x00007ffd5a0e5000 	C:\WINDOWS\SYSTEM32\ntdll.dll
0x00007ffd59860000 - 0x00007ffd59929000 	C:\WINDOWS\System32\KERNEL32.DLL
0x00007ffd57400000 - 0x00007ffd577e8000 	C:\WINDOWS\System32\KERNELBASE.dll
0x00007ffd57a20000 - 0x00007ffd57b6b000 	C:\WINDOWS\System32\ucrtbase.dll
0x00007ffd40ec0000 - 0x00007ffd40ed8000 	C:\Program Files\Android\Android Studio\jbr\bin\jli.dll
0x00007ffd588f0000 - 0x00007ffd58aba000 	C:\WINDOWS\System32\USER32.dll
0x00007ffd579f0000 - 0x00007ffd57a17000 	C:\WINDOWS\System32\win32u.dll
0x00007ffd590f0000 - 0x00007ffd5911b000 	C:\WINDOWS\System32\GDI32.dll
0x00007ffd578b0000 - 0x00007ffd579e7000 	C:\WINDOWS\System32\gdi32full.dll
0x00007ffd57b70000 - 0x00007ffd57c13000 	C:\WINDOWS\System32\msvcp_win.dll
0x00007ffd47540000 - 0x00007ffd4755b000 	C:\Program Files\Android\Android Studio\jbr\bin\VCRUNTIME140.dll
0x00007ffd43640000 - 0x00007ffd438da000 	C:\WINDOWS\WinSxS\amd64_microsoft.windows.common-controls_6595b64144ccf1df_6.0.26100.4202_none_3e0698d4e335f517\COMCTL32.dll
0x00007ffd59d90000 - 0x00007ffd59e39000 	C:\WINDOWS\System32\msvcrt.dll
0x00007ffd58b40000 - 0x00007ffd58b70000 	C:\WINDOWS\System32\IMM32.DLL
0x00007ffd538a0000 - 0x00007ffd538ac000 	C:\Program Files\Android\Android Studio\jbr\bin\vcruntime140_1.dll
0x00007ffd0d9d0000 - 0x00007ffd0da5d000 	C:\Program Files\Android\Android Studio\jbr\bin\msvcp140.dll
0x00007ffd05bf0000 - 0x00007ffd0687b000 	C:\Program Files\Android\Android Studio\jbr\bin\server\jvm.dll
0x00007ffd59c40000 - 0x00007ffd59cf3000 	C:\WINDOWS\System32\ADVAPI32.dll
0x00007ffd596c0000 - 0x00007ffd59766000 	C:\WINDOWS\System32\sechost.dll
0x00007ffd59b20000 - 0x00007ffd59c35000 	C:\WINDOWS\System32\RPCRT4.dll
0x00007ffd58ac0000 - 0x00007ffd58b34000 	C:\WINDOWS\System32\WS2_32.dll
0x00007ffd56e20000 - 0x00007ffd56e7e000 	C:\WINDOWS\SYSTEM32\POWRPROF.dll
0x00007ffd54860000 - 0x00007ffd54895000 	C:\WINDOWS\SYSTEM32\WINMM.dll
0x00007ffd47ce0000 - 0x00007ffd47ceb000 	C:\WINDOWS\SYSTEM32\VERSION.dll
0x00007ffd56e00000 - 0x00007ffd56e14000 	C:\WINDOWS\SYSTEM32\UMPDC.dll
0x00007ffd55d90000 - 0x00007ffd55dab000 	C:\WINDOWS\SYSTEM32\kernel.appcore.dll
0x00007ffd49400000 - 0x00007ffd4940a000 	C:\Program Files\Android\Android Studio\jbr\bin\jimage.dll
0x00007ffd54570000 - 0x00007ffd547b1000 	C:\WINDOWS\SYSTEM32\DBGHELP.DLL
0x00007ffd58b80000 - 0x00007ffd58f05000 	C:\WINDOWS\System32\combase.dll
0x00007ffd59770000 - 0x00007ffd59851000 	C:\WINDOWS\System32\OLEAUT32.dll
0x00007ffd54820000 - 0x00007ffd54859000 	C:\WINDOWS\SYSTEM32\dbgcore.DLL
0x00007ffd571e0000 - 0x00007ffd57279000 	C:\WINDOWS\System32\bcryptPrimitives.dll
0x00007ffd47500000 - 0x00007ffd47520000 	C:\Program Files\Android\Android Studio\jbr\bin\java.dll
0x00007ffd47400000 - 0x00007ffd47418000 	C:\Program Files\Android\Android Studio\jbr\bin\zip.dll
0x00007ffd57cb0000 - 0x00007ffd583f2000 	C:\WINDOWS\System32\SHELL32.dll
0x00007ffd57280000 - 0x00007ffd573f4000 	C:\WINDOWS\System32\wintypes.dll
0x00007ffd54c30000 - 0x00007ffd55488000 	C:\WINDOWS\SYSTEM32\windows.storage.dll
0x00007ffd59a20000 - 0x00007ffd59b11000 	C:\WINDOWS\System32\SHCORE.dll
0x00007ffd59d00000 - 0x00007ffd59d6a000 	C:\WINDOWS\System32\shlwapi.dll
0x00007ffd56ee0000 - 0x00007ffd56f0f000 	C:\WINDOWS\SYSTEM32\profapi.dll
0x00007ffd472d0000 - 0x00007ffd472e0000 	C:\Program Files\Android\Android Studio\jbr\bin\net.dll
0x00007ffd48fb0000 - 0x00007ffd490ce000 	C:\WINDOWS\SYSTEM32\WINHTTP.dll
0x00007ffd56300000 - 0x00007ffd5636a000 	C:\WINDOWS\system32\mswsock.dll
0x00007ffd43ec0000 - 0x00007ffd43ed6000 	C:\Program Files\Android\Android Studio\jbr\bin\nio.dll
0x00007ffd475c0000 - 0x00007ffd475d0000 	C:\Program Files\Android\Android Studio\jbr\bin\verify.dll

dbghelp: loaded successfully - version: 4.0.5 - missing functions: none
symbol engine: initialized successfully - sym options: 0x614 - pdb path: .;C:\Program Files\Android\Android Studio\jbr\bin;C:\WINDOWS\SYSTEM32;C:\WINDOWS\WinSxS\amd64_microsoft.windows.common-controls_6595b64144ccf1df_6.0.26100.4202_none_3e0698d4e335f517;C:\Program Files\Android\Android Studio\jbr\bin\server

VM Arguments:
java_command: org.jetbrains.kotlin.cli.jvm.K2JVMCompiler @C:\Users\Ryan\AndroidStudioProjects\SobrevivaANoite\app\build\20250709_18207703782240610244.compiler.options
java_class_path (initial): C:\Users\Ryan\.gradle\caches\modules-2\files-2.1\org.jetbrains.kotlin\kotlin-compiler-embeddable\2.0.21\79346ed53db48b18312a472602eb5c057070c54d\kotlin-compiler-embeddable-2.0.21.jar;C:\Users\Ryan\.gradle\caches\modules-2\files-2.1\org.jetbrains.kotlin\kotlin-stdlib\2.0.21\618b539767b4899b4660a83006e052b63f1db551\kotlin-stdlib-2.0.21.jar;C:\Users\Ryan\.gradle\caches\modules-2\files-2.1\org.jetbrains.kotlin\kotlin-script-runtime\2.0.21\c9b044380ad41f89aa89aa896c2d32a8c0b2129d\kotlin-script-runtime-2.0.21.jar;C:\Users\Ryan\.gradle\caches\modules-2\files-2.1\org.jetbrains.kotlin\kotlin-reflect\1.6.10\1cbe9c92c12a94eea200d23c2bbaedaf3daf5132\kotlin-reflect-1.6.10.jar;C:\Users\Ryan\.gradle\caches\modules-2\files-2.1\org.jetbrains.kotlin\kotlin-daemon-embeddable\2.0.21\c9e933b23287de9b5a17e2116b4657bb91aea72c\kotlin-daemon-embeddable-2.0.21.jar;C:\Users\Ryan\.gradle\caches\modules-2\files-2.1\org.jetbrains.intellij.deps\trove4j\1.0.20200330\3afb14d5f9ceb459d724e907a21145e8ff394f02\trove4j-1.0.20200330.jar;C:\Users\Ryan\.gradle\caches\modules-2\files-2.1\org.jetbrains.kotlinx\kotlinx-coroutines-core-jvm\1.6.4\2c997cd1c0ef33f3e751d3831929aeff1390cb30\kotlinx-coroutines-core-jvm-1.6.4.jar;C:\Users\Ryan\.gradle\caches\modules-2\files-2.1\org.jetbrains\annotations\13.0\919f0dfe192fb4e063e7dacadee7f8bb9a2672a9\annotations-13.0.jar
Launcher Type: SUN_STANDARD

[Global flags]
     intx CICompilerCount                          = 3                                         {product} {ergonomic}
     uint ConcGCThreads                            = 1                                         {product} {ergonomic}
     uint G1ConcRefinementThreads                  = 4                                         {product} {ergonomic}
   size_t G1HeapRegionSize                         = 1048576                                   {product} {ergonomic}
    uintx GCDrainStackTargetSize                   = 64                                        {product} {ergonomic}
   size_t InitialHeapSize                          = 62914560                                  {product} {ergonomic}
   size_t MarkStackSize                            = 4194304                                   {product} {ergonomic}
   size_t MaxHeapSize                              = 1006632960                                {product} {ergonomic}
   size_t MaxNewSize                               = 603979776                                 {product} {ergonomic}
   size_t MinHeapDeltaBytes                        = 1048576                                   {product} {ergonomic}
   size_t MinHeapSize                              = 8388608                                   {product} {ergonomic}
    uintx NonNMethodCodeHeapSize                   = 5832780                                {pd product} {ergonomic}
    uintx NonProfiledCodeHeapSize                  = 122912730                              {pd product} {ergonomic}
    uintx ProfiledCodeHeapSize                     = 122912730                              {pd product} {ergonomic}
    uintx ReservedCodeCacheSize                    = 251658240                              {pd product} {ergonomic}
     bool SegmentedCodeCache                       = true                                      {product} {ergonomic}
   size_t SoftMaxHeapSize                          = 1006632960                             {manageable} {ergonomic}
     bool UseCompressedOops                        = true                           {product lp64_product} {ergonomic}
     bool UseG1GC                                  = true                                      {product} {ergonomic}
     bool UseLargePagesIndividualAllocation        = false                                  {pd product} {ergonomic}

Logging:
Log output configuration:
 #0: stdout all=warning uptime,level,tags foldmultilines=false
 #1: stderr all=off uptime,level,tags foldmultilines=false

Environment Variables:
JAVA_HOME=C:\Program Files\Java\jdk-21
PATH=C:\Program Files\Common Files\Oracle\Java\javapath;C:\WINDOWS\system32;C:\WINDOWS;C:\WINDOWS\System32\Wbem;C:\WINDOWS\System32\WindowsPowerShell\v1.0\;C:\WINDOWS\System32\OpenSSH\;C:\Program Files\Git\cmd;C:\Program Files\Docker\Docker\resources\bin;C:\Program Files\nodejs\;C:\Program Files\apache-maven-3.9.9\bin;C:\Program Files\Java\jdk-21\bin;C:\Users\Ryan\.cargo\bin;C:\Program Files\MySQL\MySQL Shell 8.0\bin\;C:\Users\Ryan\AppData\Local\Microsoft\WindowsApps;C:\Users\Ryan\AppData\Local\Programs\Microsoft VS Code\bin;C:\Users\Ryan\AppData\Roaming\npm;C:\Users\Ryan\AppData\Local\gitkraken\bin;C:\ffmpeg-7.0.2-essentials_build\bin;;C:\Program Files\JetBrains\IntelliJ IDEA 2024.3.1.1\bin;;C:\Users\Ryan\AppData\Local\Microsoft\WindowsApps
USERNAME=Ryan
OS=Windows_NT
PROCESSOR_IDENTIFIER=Intel64 Family 6 Model 140 Stepping 1, GenuineIntel
TMP=C:\Users\Ryan\AppData\Local\Temp
TEMP=C:\Users\Ryan\AppData\Local\Temp




Periodic native trim disabled

JNI global refs:
JNI global refs: 11, weak refs: 35

JNI global refs memory usage: 835, weak refs: 833

Process memory usage:
Resident Set Size: 263216K (6% of 3930916K total physical memory with 139536K free physical memory)

OOME stack traces (most recent first):
Classloader memory used:
Loader jdk.internal.loader.ClassLoaders$AppClassLoader                                 : 46864K
Loader bootstrap                                                                       : 10743K
Loader java.net.URLClassLoader                                                         : 258K

---------------  S Y S T E M  ---------------

OS:
 Windows 11 , 64 bit Build 26100 (10.0.26100.4202)
OS uptime: 6 days 5:31 hours
Hyper-V role detected

CPU: total 4 (initial active 4) (2 cores per cpu, 2 threads per core) family 6 model 140 stepping 1 microcode 0xbc, cx8, cmov, fxsr, ht, mmx, 3dnowpref, sse, sse2, sse3, ssse3, sse4.1, sse4.2, popcnt, lzcnt, tsc, tscinvbit, avx, avx2, aes, erms, clmul, bmi1, bmi2, adx, avx512f, avx512dq, avx512cd, avx512bw, avx512vl, sha, fma, vzeroupper, avx512_vpopcntdq, avx512_vpclmulqdq, avx512_vaes, avx512_vnni, clflush, clflushopt, clwb, avx512_vbmi2, avx512_vbmi, hv, rdtscp, rdpid, fsrm, gfni, avx512_bitalg, f16c, cet_ibt, cet_ss, avx512_ifma
Processor Information for processor 0
  Max Mhz: 1997, Current Mhz: 1997, Mhz Limit: 1997
Processor Information for processor 1
  Max Mhz: 1997, Current Mhz: 1997, Mhz Limit: 1997
Processor Information for processor 2
  Max Mhz: 1997, Current Mhz: 1997, Mhz Limit: 1997
Processor Information for processor 3
  Max Mhz: 1997, Current Mhz: 1198, Mhz Limit: 1997

Memory: 4k page, system-wide physical 3838M (136M free)
TotalPageFile size 15614M (AvailPageFile size 7M)
current process WorkingSet (physical memory assigned to process): 257M, peak: 268M
current process commit charge ("private bytes"): 326M, peak: 327M

vm_info: OpenJDK 64-Bit Server VM (21.0.6+-13368085-b895.109) for windows-amd64 JRE (21.0.6+-13368085-b895.109), built on 2025-04-16T17:01:31Z by "builder" with MS VC++ 16.10 / 16.11 (VS2019)

END.
