#
# There is insufficient memory for the Java Runtime Environment to continue.
# Native memory allocation (malloc) failed to allocate 585296 bytes. Error detail: Chunk::new
# Possible reasons:
#   The system is out of physical RAM or swap space
#   This process is running with CompressedOops enabled, and the Java Heap may be blocking the growth of the native heap
# Possible solutions:
#   Reduce memory load on the system
#   Increase physical memory or swap space
#   Check if swap backing store is full
#   Decrease Java heap size (-Xmx/-Xms)
#   Decrease number of Java threads
#   Decrease Java thread stack sizes (-Xss)
#   Set larger code cache with -XX:ReservedCodeCacheSize=
#   JVM is running with Unscaled Compressed Oops mode in which the Java heap is
#     placed in the first 4GB address space. The Java Heap base address is the
#     maximum limit for the native heap growth. Please use -XX:HeapBaseMinAddress
#     to set the Java Heap base and to place the Java Heap above 4GB virtual address.
# This output file may be truncated or incomplete.
#
#  Out of Memory Error (arena.cpp:168), pid=11268, tid=2140
#
# JRE version: OpenJDK Runtime Environment (21.0.6) (build 21.0.6+-13368085-b895.109)
# Java VM: OpenJDK 64-Bit Server VM (21.0.6+-13368085-b895.109, mixed mode, tiered, compressed oops, compressed class ptrs, g1 gc, windows-amd64)
# No core dump will be written. Minidumps are not enabled by default on client versions of Windows
#

---------------  S U M M A R Y ------------

Command Line: org.jetbrains.kotlin.cli.jvm.K2JVMCompiler @C:\Users\Ryan\AndroidStudioProjects\SobrevivaANoite\app\build\20250709_5210384778762012597.compiler.options

Host: Intel(R) Pentium(R) Gold 7505 @ 2.00GHz, 4 cores, 3G,  Windows 11 , 64 bit Build 26100 (10.0.26100.4202)
Time: Wed Jul  9 18:36:55 2025 Hora Padrão de Buenos Aires elapsed time: 76.536298 seconds (0d 0h 1m 16s)

---------------  T H R E A D  ---------------

Current thread (0x0000019ed657ac40):  JavaThread "C2 CompilerThread0" daemon [_thread_in_native, id=2140, stack(0x0000002d14a00000,0x0000002d14b00000) (1024K)]


Current CompileTask:
C2:76536 12109       4       org.jetbrains.kotlin.fir.declarations.builder.FirValueParameterBuilder::build (94 bytes)

Stack: [0x0000002d14a00000,0x0000002d14b00000]
Native frames: (J=compiled Java code, j=interpreted, Vv=VM code, C=native code)
V  [jvm.dll+0x6d0639]
V  [jvm.dll+0x85eb03]
V  [jvm.dll+0x86105e]
V  [jvm.dll+0x861743]
V  [jvm.dll+0x27e6e6]
V  [jvm.dll+0xbff6d]
V  [jvm.dll+0xc04a3]
V  [jvm.dll+0x3b6171]
V  [jvm.dll+0x3820c7]
V  [jvm.dll+0x38153a]
V  [jvm.dll+0x247c82]
V  [jvm.dll+0x247251]
V  [jvm.dll+0x1c5f04]
V  [jvm.dll+0x2569ac]
V  [jvm.dll+0x254ef6]
V  [jvm.dll+0x3f0e96]
V  [jvm.dll+0x806ed8]
V  [jvm.dll+0x6cef0d]
C  [ucrtbase.dll+0x37b0]
C  [KERNEL32.DLL+0x2e8d7]
C  [ntdll.dll+0x3c34c]


---------------  P R O C E S S  ---------------

Threads class SMR info:
_java_thread_list=0x0000019ed6705710, length=11, elements={
0x0000019ebe7421a0, 0x0000019ed658fa90, 0x0000019ed65906d0, 0x0000019ed643dd10,
0x0000019ed643e760, 0x0000019ed6579470, 0x0000019ed6579ec0, 0x0000019ed657ac40,
0x0000019ed657d6e0, 0x0000019ed672b810, 0x0000019ed672d040
}

Java Threads: ( => current thread )
  0x0000019ebe7421a0 JavaThread "main"                              [_thread_in_vm, id=12760, stack(0x0000002d13c00000,0x0000002d13d00000) (1024K)]
  0x0000019ed658fa90 JavaThread "Reference Handler"          daemon [_thread_blocked, id=18916, stack(0x0000002d14400000,0x0000002d14500000) (1024K)]
  0x0000019ed65906d0 JavaThread "Finalizer"                  daemon [_thread_blocked, id=16884, stack(0x0000002d14500000,0x0000002d14600000) (1024K)]
  0x0000019ed643dd10 JavaThread "Signal Dispatcher"          daemon [_thread_blocked, id=5944, stack(0x0000002d14600000,0x0000002d14700000) (1024K)]
  0x0000019ed643e760 JavaThread "Attach Listener"            daemon [_thread_blocked, id=14744, stack(0x0000002d14700000,0x0000002d14800000) (1024K)]
  0x0000019ed6579470 JavaThread "Service Thread"             daemon [_thread_blocked, id=1272, stack(0x0000002d14800000,0x0000002d14900000) (1024K)]
  0x0000019ed6579ec0 JavaThread "Monitor Deflation Thread"   daemon [_thread_blocked, id=11288, stack(0x0000002d14900000,0x0000002d14a00000) (1024K)]
=>0x0000019ed657ac40 JavaThread "C2 CompilerThread0"         daemon [_thread_in_native, id=2140, stack(0x0000002d14a00000,0x0000002d14b00000) (1024K)]
  0x0000019ed657d6e0 JavaThread "C1 CompilerThread0"         daemon [_thread_in_native, id=13304, stack(0x0000002d14b00000,0x0000002d14c00000) (1024K)]
  0x0000019ed672b810 JavaThread "Notification Thread"        daemon [_thread_blocked, id=5332, stack(0x0000002d14c00000,0x0000002d14d00000) (1024K)]
  0x0000019ed672d040 JavaThread "Common-Cleaner"             daemon [_thread_blocked, id=8468, stack(0x0000002d14d00000,0x0000002d14e00000) (1024K)]
Total: 11

Other Threads:
  0x0000019ed63dfde0 VMThread "VM Thread"                           [id=19556, stack(0x0000002d14300000,0x0000002d14400000) (1024K)]
  0x0000019ec0b99270 WatcherThread "VM Periodic Task Thread"        [id=13036, stack(0x0000002d14200000,0x0000002d14300000) (1024K)]
  0x0000019ec0b1d290 WorkerThread "GC Thread#0"                     [id=1632, stack(0x0000002d13d00000,0x0000002d13e00000) (1024K)]
  0x0000019edb30b4f0 WorkerThread "GC Thread#1"                     [id=9624, stack(0x0000002d14e00000,0x0000002d14f00000) (1024K)]
  0x0000019edb343440 WorkerThread "GC Thread#2"                     [id=5840, stack(0x0000002d14f00000,0x0000002d15000000) (1024K)]
  0x0000019edb3437e0 WorkerThread "GC Thread#3"                     [id=18752, stack(0x0000002d15000000,0x0000002d15100000) (1024K)]
  0x0000019ec0b27290 ConcurrentGCThread "G1 Main Marker"            [id=19792, stack(0x0000002d13e00000,0x0000002d13f00000) (1024K)]
  0x0000019ec0b27d90 WorkerThread "G1 Conc#0"                       [id=12272, stack(0x0000002d13f00000,0x0000002d14000000) (1024K)]
  0x0000019ec0b7f8b0 ConcurrentGCThread "G1 Refine#0"               [id=6204, stack(0x0000002d14000000,0x0000002d14100000) (1024K)]
  0x0000019ec0b81430 ConcurrentGCThread "G1 Service"                [id=21308, stack(0x0000002d14100000,0x0000002d14200000) (1024K)]
Total: 10

Threads with active compile tasks:
C2 CompilerThread0  76689 12109       4       org.jetbrains.kotlin.fir.declarations.builder.FirValueParameterBuilder::build (94 bytes)
C1 CompilerThread0  76689 12119       3       org.jetbrains.kotlin.fir.lazy.Fir2IrLazyProperty::<init> (1616 bytes)
Total: 2

VM state: not at safepoint (normal execution)

VM Mutex/Monitor currently owned by a thread:  ([mutex/lock_event])
[0x00007ffd0679e2a0] CodeCache_lock - owner thread: 0x0000019ebe7421a0

Heap address: 0x00000000c4000000, size: 960 MB, Compressed Oops mode: 32-bit

CDS archive(s) not mapped
Compressed class space mapped at: 0x0000000100000000-0x0000000140000000, reserved size: 1073741824
Narrow klass base: 0x0000000000000000, Narrow klass shift: 3, Narrow klass range: 0x140000000

GC Precious Log:
 CardTable entry size: 512
 Card Set container configuration: InlinePtr #cards 5 size 8 Array Of Cards #cards 12 size 40 Howl #buckets 4 coarsen threshold 1843 Howl Bitmap #cards 512 size 80 coarsen threshold 460 Card regions per heap region 1 cards per card region 2048
 CPUs: 4 total, 4 available
 Memory: 3838M
 Large Page Support: Disabled
 NUMA Support: Disabled
 Compressed Oops: Enabled (32-bit)
 Heap Region Size: 1M
 Heap Min Capacity: 8M
 Heap Initial Capacity: 60M
 Heap Max Capacity: 960M
 Pre-touch: Disabled
 Parallel Workers: 4
 Concurrent Workers: 1
 Concurrent Refinement Workers: 4
 Periodic GC: Disabled

Heap:
 garbage-first heap   total 210944K, used 107515K [0x00000000c4000000, 0x0000000100000000)
  region size 1024K, 17 young (17408K), 6 survivors (6144K)
 Metaspace       used 74052K, committed 74432K, reserved 1179648K
  class space    used 7724K, committed 7872K, reserved 1048576K

Heap Regions: E=young(eden), S=young(survivor), O=old, HS=humongous(starts), HC=humongous(continues), CS=collection set, F=free, TAMS=top-at-mark-start, PB=parsable bottom
|   0|0x00000000c4000000, 0x00000000c4100000, 0x00000000c4100000|100%|HS|  |TAMS 0x00000000c4000000| PB 0x00000000c4000000| Complete 
|   1|0x00000000c4100000, 0x00000000c4200000, 0x00000000c4200000|100%|HC|  |TAMS 0x00000000c4100000| PB 0x00000000c4100000| Complete 
|   2|0x00000000c4200000, 0x00000000c4300000, 0x00000000c4300000|100%|HC|  |TAMS 0x00000000c4200000| PB 0x00000000c4200000| Complete 
|   3|0x00000000c4300000, 0x00000000c4400000, 0x00000000c4400000|100%| O|  |TAMS 0x00000000c4300000| PB 0x00000000c4300000| Untracked 
|   4|0x00000000c4400000, 0x00000000c4500000, 0x00000000c4500000|100%| O|  |TAMS 0x00000000c4400000| PB 0x00000000c4400000| Untracked 
|   5|0x00000000c4500000, 0x00000000c4600000, 0x00000000c4600000|100%| O|  |TAMS 0x00000000c4500000| PB 0x00000000c4500000| Untracked 
|   6|0x00000000c4600000, 0x00000000c4700000, 0x00000000c4700000|100%| O|  |TAMS 0x00000000c4600000| PB 0x00000000c4600000| Untracked 
|   7|0x00000000c4700000, 0x00000000c4800000, 0x00000000c4800000|100%| O|  |TAMS 0x00000000c4700000| PB 0x00000000c4700000| Untracked 
|   8|0x00000000c4800000, 0x00000000c4900000, 0x00000000c4900000|100%| O|  |TAMS 0x00000000c4800000| PB 0x00000000c4800000| Untracked 
|   9|0x00000000c4900000, 0x00000000c4a00000, 0x00000000c4a00000|100%| O|  |TAMS 0x00000000c4900000| PB 0x00000000c4900000| Untracked 
|  10|0x00000000c4a00000, 0x00000000c4b00000, 0x00000000c4b00000|100%| O|  |TAMS 0x00000000c4a00000| PB 0x00000000c4a00000| Untracked 
|  11|0x00000000c4b00000, 0x00000000c4c00000, 0x00000000c4c00000|100%| O|  |TAMS 0x00000000c4b00000| PB 0x00000000c4b00000| Untracked 
|  12|0x00000000c4c00000, 0x00000000c4d00000, 0x00000000c4d00000|100%| O|  |TAMS 0x00000000c4c00000| PB 0x00000000c4c00000| Untracked 
|  13|0x00000000c4d00000, 0x00000000c4e00000, 0x00000000c4e00000|100%| O|  |TAMS 0x00000000c4d00000| PB 0x00000000c4d00000| Untracked 
|  14|0x00000000c4e00000, 0x00000000c4f00000, 0x00000000c4f00000|100%| O|  |TAMS 0x00000000c4e00000| PB 0x00000000c4e00000| Untracked 
|  15|0x00000000c4f00000, 0x00000000c5000000, 0x00000000c5000000|100%| O|  |TAMS 0x00000000c4f00000| PB 0x00000000c4f00000| Untracked 
|  16|0x00000000c5000000, 0x00000000c5100000, 0x00000000c5100000|100%| O|  |TAMS 0x00000000c5000000| PB 0x00000000c5000000| Untracked 
|  17|0x00000000c5100000, 0x00000000c5200000, 0x00000000c5200000|100%| O|  |TAMS 0x00000000c5100000| PB 0x00000000c5100000| Untracked 
|  18|0x00000000c5200000, 0x00000000c5300000, 0x00000000c5300000|100%| O|  |TAMS 0x00000000c5200000| PB 0x00000000c5200000| Untracked 
|  19|0x00000000c5300000, 0x00000000c5400000, 0x00000000c5400000|100%| O|  |TAMS 0x00000000c5300000| PB 0x00000000c5300000| Untracked 
|  20|0x00000000c5400000, 0x00000000c5500000, 0x00000000c5500000|100%| O|  |TAMS 0x00000000c5400000| PB 0x00000000c5400000| Untracked 
|  21|0x00000000c5500000, 0x00000000c5600000, 0x00000000c5600000|100%| O|  |TAMS 0x00000000c5500000| PB 0x00000000c5500000| Untracked 
|  22|0x00000000c5600000, 0x00000000c5700000, 0x00000000c5700000|100%| O|  |TAMS 0x00000000c5600000| PB 0x00000000c5600000| Untracked 
|  23|0x00000000c5700000, 0x00000000c5800000, 0x00000000c5800000|100%| O|  |TAMS 0x00000000c5700000| PB 0x00000000c5700000| Untracked 
|  24|0x00000000c5800000, 0x00000000c5900000, 0x00000000c5900000|100%| O|  |TAMS 0x00000000c5800000| PB 0x00000000c5800000| Untracked 
|  25|0x00000000c5900000, 0x00000000c5a00000, 0x00000000c5a00000|100%| O|  |TAMS 0x00000000c5900000| PB 0x00000000c5900000| Untracked 
|  26|0x00000000c5a00000, 0x00000000c5b00000, 0x00000000c5b00000|100%| O|  |TAMS 0x00000000c5a00000| PB 0x00000000c5a00000| Untracked 
|  27|0x00000000c5b00000, 0x00000000c5c00000, 0x00000000c5c00000|100%| O|  |TAMS 0x00000000c5b00000| PB 0x00000000c5b00000| Untracked 
|  28|0x00000000c5c00000, 0x00000000c5d00000, 0x00000000c5d00000|100%| O|  |TAMS 0x00000000c5c00000| PB 0x00000000c5c00000| Untracked 
|  29|0x00000000c5d00000, 0x00000000c5e00000, 0x00000000c5e00000|100%| O|  |TAMS 0x00000000c5d00000| PB 0x00000000c5d00000| Untracked 
|  30|0x00000000c5e00000, 0x00000000c5f00000, 0x00000000c5f00000|100%| O|  |TAMS 0x00000000c5e00000| PB 0x00000000c5e00000| Untracked 
|  31|0x00000000c5f00000, 0x00000000c6000000, 0x00000000c6000000|100%| O|  |TAMS 0x00000000c5f00000| PB 0x00000000c5f00000| Untracked 
|  32|0x00000000c6000000, 0x00000000c6100000, 0x00000000c6100000|100%| O|  |TAMS 0x00000000c6000000| PB 0x00000000c6000000| Untracked 
|  33|0x00000000c6100000, 0x00000000c6200000, 0x00000000c6200000|100%| O|  |TAMS 0x00000000c6100000| PB 0x00000000c6100000| Untracked 
|  34|0x00000000c6200000, 0x00000000c6300000, 0x00000000c6300000|100%| O|  |TAMS 0x00000000c6200000| PB 0x00000000c6200000| Untracked 
|  35|0x00000000c6300000, 0x00000000c6400000, 0x00000000c6400000|100%| O|  |TAMS 0x00000000c6300000| PB 0x00000000c6300000| Untracked 
|  36|0x00000000c6400000, 0x00000000c6500000, 0x00000000c6500000|100%| O|  |TAMS 0x00000000c6400000| PB 0x00000000c6400000| Untracked 
|  37|0x00000000c6500000, 0x00000000c6600000, 0x00000000c6600000|100%| O|  |TAMS 0x00000000c6500000| PB 0x00000000c6500000| Untracked 
|  38|0x00000000c6600000, 0x00000000c6700000, 0x00000000c6700000|100%| O|  |TAMS 0x00000000c6600000| PB 0x00000000c6600000| Untracked 
|  39|0x00000000c6700000, 0x00000000c6800000, 0x00000000c6800000|100%| O|  |TAMS 0x00000000c6700000| PB 0x00000000c6700000| Untracked 
|  40|0x00000000c6800000, 0x00000000c6900000, 0x00000000c6900000|100%| O|  |TAMS 0x00000000c6800000| PB 0x00000000c6800000| Untracked 
|  41|0x00000000c6900000, 0x00000000c6a00000, 0x00000000c6a00000|100%| O|  |TAMS 0x00000000c6900000| PB 0x00000000c6900000| Untracked 
|  42|0x00000000c6a00000, 0x00000000c6b00000, 0x00000000c6b00000|100%| O|  |TAMS 0x00000000c6a00000| PB 0x00000000c6a00000| Untracked 
|  43|0x00000000c6b00000, 0x00000000c6c00000, 0x00000000c6c00000|100%| O|  |TAMS 0x00000000c6b00000| PB 0x00000000c6b00000| Untracked 
|  44|0x00000000c6c00000, 0x00000000c6d00000, 0x00000000c6d00000|100%| O|  |TAMS 0x00000000c6c00000| PB 0x00000000c6c00000| Untracked 
|  45|0x00000000c6d00000, 0x00000000c6e00000, 0x00000000c6e00000|100%| O|  |TAMS 0x00000000c6d00000| PB 0x00000000c6d00000| Untracked 
|  46|0x00000000c6e00000, 0x00000000c6f00000, 0x00000000c6f00000|100%| O|  |TAMS 0x00000000c6e00000| PB 0x00000000c6e00000| Untracked 
|  47|0x00000000c6f00000, 0x00000000c7000000, 0x00000000c7000000|100%| O|  |TAMS 0x00000000c6f00000| PB 0x00000000c6f00000| Untracked 
|  48|0x00000000c7000000, 0x00000000c7100000, 0x00000000c7100000|100%| O|  |TAMS 0x00000000c7000000| PB 0x00000000c7000000| Untracked 
|  49|0x00000000c7100000, 0x00000000c7200000, 0x00000000c7200000|100%| O|  |TAMS 0x00000000c7100000| PB 0x00000000c7100000| Untracked 
|  50|0x00000000c7200000, 0x00000000c7300000, 0x00000000c7300000|100%| O|  |TAMS 0x00000000c7200000| PB 0x00000000c7200000| Untracked 
|  51|0x00000000c7300000, 0x00000000c7400000, 0x00000000c7400000|100%| O|  |TAMS 0x00000000c7300000| PB 0x00000000c7300000| Untracked 
|  52|0x00000000c7400000, 0x00000000c7500000, 0x00000000c7500000|100%| O|  |TAMS 0x00000000c7400000| PB 0x00000000c7400000| Untracked 
|  53|0x00000000c7500000, 0x00000000c7600000, 0x00000000c7600000|100%| O|  |TAMS 0x00000000c7500000| PB 0x00000000c7500000| Untracked 
|  54|0x00000000c7600000, 0x00000000c7700000, 0x00000000c7700000|100%| O|  |TAMS 0x00000000c7600000| PB 0x00000000c7600000| Untracked 
|  55|0x00000000c7700000, 0x00000000c7800000, 0x00000000c7800000|100%| O|  |TAMS 0x00000000c7700000| PB 0x00000000c7700000| Untracked 
|  56|0x00000000c7800000, 0x00000000c7900000, 0x00000000c7900000|100%| O|  |TAMS 0x00000000c7800000| PB 0x00000000c7800000| Untracked 
|  57|0x00000000c7900000, 0x00000000c7a00000, 0x00000000c7a00000|100%| O|  |TAMS 0x00000000c7900000| PB 0x00000000c7900000| Untracked 
|  58|0x00000000c7a00000, 0x00000000c7b00000, 0x00000000c7b00000|100%| O|  |TAMS 0x00000000c7a00000| PB 0x00000000c7a00000| Untracked 
|  59|0x00000000c7b00000, 0x00000000c7c00000, 0x00000000c7c00000|100%| O|  |TAMS 0x00000000c7b00000| PB 0x00000000c7b00000| Untracked 
|  60|0x00000000c7c00000, 0x00000000c7d00000, 0x00000000c7d00000|100%| O|  |TAMS 0x00000000c7c00000| PB 0x00000000c7c00000| Untracked 
|  61|0x00000000c7d00000, 0x00000000c7e00000, 0x00000000c7e00000|100%| O|  |TAMS 0x00000000c7d00000| PB 0x00000000c7d00000| Untracked 
|  62|0x00000000c7e00000, 0x00000000c7f00000, 0x00000000c7f00000|100%| O|  |TAMS 0x00000000c7e00000| PB 0x00000000c7e00000| Untracked 
|  63|0x00000000c7f00000, 0x00000000c8000000, 0x00000000c8000000|100%| O|  |TAMS 0x00000000c7f00000| PB 0x00000000c7f00000| Untracked 
|  64|0x00000000c8000000, 0x00000000c8100000, 0x00000000c8100000|100%| O|  |TAMS 0x00000000c8000000| PB 0x00000000c8000000| Untracked 
|  65|0x00000000c8100000, 0x00000000c8200000, 0x00000000c8200000|100%| O|  |TAMS 0x00000000c8100000| PB 0x00000000c8100000| Untracked 
|  66|0x00000000c8200000, 0x00000000c8200000, 0x00000000c8300000|  0%| F|  |TAMS 0x00000000c8200000| PB 0x00000000c8200000| Untracked 
|  67|0x00000000c8300000, 0x00000000c8400000, 0x00000000c8400000|100%| O|  |TAMS 0x00000000c8300000| PB 0x00000000c8300000| Untracked 
|  68|0x00000000c8400000, 0x00000000c8500000, 0x00000000c8500000|100%| O|  |TAMS 0x00000000c8400000| PB 0x00000000c8400000| Untracked 
|  69|0x00000000c8500000, 0x00000000c8600000, 0x00000000c8600000|100%| O|  |TAMS 0x00000000c8500000| PB 0x00000000c8500000| Untracked 
|  70|0x00000000c8600000, 0x00000000c8700000, 0x00000000c8700000|100%| O|  |TAMS 0x00000000c8600000| PB 0x00000000c8600000| Untracked 
|  71|0x00000000c8700000, 0x00000000c8800000, 0x00000000c8800000|100%| O|  |TAMS 0x00000000c8700000| PB 0x00000000c8700000| Untracked 
|  72|0x00000000c8800000, 0x00000000c8900000, 0x00000000c8900000|100%| O|  |TAMS 0x00000000c8800000| PB 0x00000000c8800000| Untracked 
|  73|0x00000000c8900000, 0x00000000c8a00000, 0x00000000c8a00000|100%| O|  |TAMS 0x00000000c8900000| PB 0x00000000c8900000| Untracked 
|  74|0x00000000c8a00000, 0x00000000c8b00000, 0x00000000c8b00000|100%| O|  |TAMS 0x00000000c8a00000| PB 0x00000000c8a00000| Untracked 
|  75|0x00000000c8b00000, 0x00000000c8c00000, 0x00000000c8c00000|100%| O|  |TAMS 0x00000000c8b00000| PB 0x00000000c8b00000| Untracked 
|  76|0x00000000c8c00000, 0x00000000c8d00000, 0x00000000c8d00000|100%| O|  |TAMS 0x00000000c8c00000| PB 0x00000000c8c00000| Untracked 
|  77|0x00000000c8d00000, 0x00000000c8d00000, 0x00000000c8e00000|  0%| F|  |TAMS 0x00000000c8d00000| PB 0x00000000c8d00000| Untracked 
|  78|0x00000000c8e00000, 0x00000000c8f00000, 0x00000000c8f00000|100%| O|  |TAMS 0x00000000c8e00000| PB 0x00000000c8e00000| Untracked 
|  79|0x00000000c8f00000, 0x00000000c9000000, 0x00000000c9000000|100%| O|  |TAMS 0x00000000c8f00000| PB 0x00000000c8f00000| Untracked 
|  80|0x00000000c9000000, 0x00000000c9100000, 0x00000000c9100000|100%| O|  |TAMS 0x00000000c9000000| PB 0x00000000c9000000| Untracked 
|  81|0x00000000c9100000, 0x00000000c9200000, 0x00000000c9200000|100%| O|  |TAMS 0x00000000c9100000| PB 0x00000000c9100000| Untracked 
|  82|0x00000000c9200000, 0x00000000c9300000, 0x00000000c9300000|100%| O|  |TAMS 0x00000000c9200000| PB 0x00000000c9200000| Untracked 
|  83|0x00000000c9300000, 0x00000000c9400000, 0x00000000c9400000|100%| O|  |TAMS 0x00000000c9300000| PB 0x00000000c9300000| Untracked 
|  84|0x00000000c9400000, 0x00000000c9500000, 0x00000000c9500000|100%| O|  |TAMS 0x00000000c9400000| PB 0x00000000c9400000| Untracked 
|  85|0x00000000c9500000, 0x00000000c9600000, 0x00000000c9600000|100%| O|  |TAMS 0x00000000c9500000| PB 0x00000000c9500000| Untracked 
|  86|0x00000000c9600000, 0x00000000c9700000, 0x00000000c9700000|100%| O|  |TAMS 0x00000000c9600000| PB 0x00000000c9600000| Untracked 
|  87|0x00000000c9700000, 0x00000000c97fed30, 0x00000000c9800000| 99%| O|  |TAMS 0x00000000c9700000| PB 0x00000000c9700000| Untracked 
|  88|0x00000000c9800000, 0x00000000c9800000, 0x00000000c9900000|  0%| F|  |TAMS 0x00000000c9800000| PB 0x00000000c9800000| Untracked 
|  89|0x00000000c9900000, 0x00000000c9900000, 0x00000000c9a00000|  0%| F|  |TAMS 0x00000000c9900000| PB 0x00000000c9900000| Untracked 
|  90|0x00000000c9a00000, 0x00000000c9a00000, 0x00000000c9b00000|  0%| F|  |TAMS 0x00000000c9a00000| PB 0x00000000c9a00000| Untracked 
|  91|0x00000000c9b00000, 0x00000000c9b00000, 0x00000000c9c00000|  0%| F|  |TAMS 0x00000000c9b00000| PB 0x00000000c9b00000| Untracked 
|  92|0x00000000c9c00000, 0x00000000c9c00000, 0x00000000c9d00000|  0%| F|  |TAMS 0x00000000c9c00000| PB 0x00000000c9c00000| Untracked 
|  93|0x00000000c9d00000, 0x00000000c9d00000, 0x00000000c9e00000|  0%| F|  |TAMS 0x00000000c9d00000| PB 0x00000000c9d00000| Untracked 
|  94|0x00000000c9e00000, 0x00000000c9e00000, 0x00000000c9f00000|  0%| F|  |TAMS 0x00000000c9e00000| PB 0x00000000c9e00000| Untracked 
|  95|0x00000000c9f00000, 0x00000000c9f00000, 0x00000000ca000000|  0%| F|  |TAMS 0x00000000c9f00000| PB 0x00000000c9f00000| Untracked 
|  96|0x00000000ca000000, 0x00000000ca100000, 0x00000000ca100000|100%| S|CS|TAMS 0x00000000ca000000| PB 0x00000000ca000000| Complete 
|  97|0x00000000ca100000, 0x00000000ca200000, 0x00000000ca200000|100%| S|CS|TAMS 0x00000000ca100000| PB 0x00000000ca100000| Complete 
|  98|0x00000000ca200000, 0x00000000ca300000, 0x00000000ca300000|100%| S|CS|TAMS 0x00000000ca200000| PB 0x00000000ca200000| Complete 
|  99|0x00000000ca300000, 0x00000000ca400000, 0x00000000ca400000|100%| S|CS|TAMS 0x00000000ca300000| PB 0x00000000ca300000| Complete 
| 100|0x00000000ca400000, 0x00000000ca500000, 0x00000000ca500000|100%| S|CS|TAMS 0x00000000ca400000| PB 0x00000000ca400000| Complete 
| 101|0x00000000ca500000, 0x00000000ca600000, 0x00000000ca600000|100%| S|CS|TAMS 0x00000000ca500000| PB 0x00000000ca500000| Complete 
| 102|0x00000000ca600000, 0x00000000ca600000, 0x00000000ca700000|  0%| F|  |TAMS 0x00000000ca600000| PB 0x00000000ca600000| Untracked 
| 103|0x00000000ca700000, 0x00000000ca700000, 0x00000000ca800000|  0%| F|  |TAMS 0x00000000ca700000| PB 0x00000000ca700000| Untracked 
| 104|0x00000000ca800000, 0x00000000ca800000, 0x00000000ca900000|  0%| F|  |TAMS 0x00000000ca800000| PB 0x00000000ca800000| Untracked 
| 105|0x00000000ca900000, 0x00000000ca900000, 0x00000000caa00000|  0%| F|  |TAMS 0x00000000ca900000| PB 0x00000000ca900000| Untracked 
| 106|0x00000000caa00000, 0x00000000caa00000, 0x00000000cab00000|  0%| F|  |TAMS 0x00000000caa00000| PB 0x00000000caa00000| Untracked 
| 107|0x00000000cab00000, 0x00000000cab00000, 0x00000000cac00000|  0%| F|  |TAMS 0x00000000cab00000| PB 0x00000000cab00000| Untracked 
| 108|0x00000000cac00000, 0x00000000cac00000, 0x00000000cad00000|  0%| F|  |TAMS 0x00000000cac00000| PB 0x00000000cac00000| Untracked 
| 109|0x00000000cad00000, 0x00000000cad00000, 0x00000000cae00000|  0%| F|  |TAMS 0x00000000cad00000| PB 0x00000000cad00000| Untracked 
| 110|0x00000000cae00000, 0x00000000cae00000, 0x00000000caf00000|  0%| F|  |TAMS 0x00000000cae00000| PB 0x00000000cae00000| Untracked 
| 111|0x00000000caf00000, 0x00000000caf00000, 0x00000000cb000000|  0%| F|  |TAMS 0x00000000caf00000| PB 0x00000000caf00000| Untracked 
| 112|0x00000000cb000000, 0x00000000cb000000, 0x00000000cb100000|  0%| F|  |TAMS 0x00000000cb000000| PB 0x00000000cb000000| Untracked 
| 113|0x00000000cb100000, 0x00000000cb100000, 0x00000000cb200000|  0%| F|  |TAMS 0x00000000cb100000| PB 0x00000000cb100000| Untracked 
| 114|0x00000000cb200000, 0x00000000cb200000, 0x00000000cb300000|  0%| F|  |TAMS 0x00000000cb200000| PB 0x00000000cb200000| Untracked 
| 115|0x00000000cb300000, 0x00000000cb300000, 0x00000000cb400000|  0%| F|  |TAMS 0x00000000cb300000| PB 0x00000000cb300000| Untracked 
| 116|0x00000000cb400000, 0x00000000cb400000, 0x00000000cb500000|  0%| F|  |TAMS 0x00000000cb400000| PB 0x00000000cb400000| Untracked 
| 117|0x00000000cb500000, 0x00000000cb500000, 0x00000000cb600000|  0%| F|  |TAMS 0x00000000cb500000| PB 0x00000000cb500000| Untracked 
| 118|0x00000000cb600000, 0x00000000cb600000, 0x00000000cb700000|  0%| F|  |TAMS 0x00000000cb600000| PB 0x00000000cb600000| Untracked 
| 119|0x00000000cb700000, 0x00000000cb700000, 0x00000000cb800000|  0%| F|  |TAMS 0x00000000cb700000| PB 0x00000000cb700000| Untracked 
| 120|0x00000000cb800000, 0x00000000cb800000, 0x00000000cb900000|  0%| F|  |TAMS 0x00000000cb800000| PB 0x00000000cb800000| Untracked 
| 121|0x00000000cb900000, 0x00000000cb900000, 0x00000000cba00000|  0%| F|  |TAMS 0x00000000cb900000| PB 0x00000000cb900000| Untracked 
| 122|0x00000000cba00000, 0x00000000cba00000, 0x00000000cbb00000|  0%| F|  |TAMS 0x00000000cba00000| PB 0x00000000cba00000| Untracked 
| 123|0x00000000cbb00000, 0x00000000cbb00000, 0x00000000cbc00000|  0%| F|  |TAMS 0x00000000cbb00000| PB 0x00000000cbb00000| Untracked 
| 124|0x00000000cbc00000, 0x00000000cbc00000, 0x00000000cbd00000|  0%| F|  |TAMS 0x00000000cbc00000| PB 0x00000000cbc00000| Untracked 
| 125|0x00000000cbd00000, 0x00000000cbd00000, 0x00000000cbe00000|  0%| F|  |TAMS 0x00000000cbd00000| PB 0x00000000cbd00000| Untracked 
| 126|0x00000000cbe00000, 0x00000000cbe00000, 0x00000000cbf00000|  0%| F|  |TAMS 0x00000000cbe00000| PB 0x00000000cbe00000| Untracked 
| 127|0x00000000cbf00000, 0x00000000cbf00000, 0x00000000cc000000|  0%| F|  |TAMS 0x00000000cbf00000| PB 0x00000000cbf00000| Untracked 
| 128|0x00000000cc000000, 0x00000000cc000000, 0x00000000cc100000|  0%| F|  |TAMS 0x00000000cc000000| PB 0x00000000cc000000| Untracked 
| 129|0x00000000cc100000, 0x00000000cc100000, 0x00000000cc200000|  0%| F|  |TAMS 0x00000000cc100000| PB 0x00000000cc100000| Untracked 
| 130|0x00000000cc200000, 0x00000000cc200000, 0x00000000cc300000|  0%| F|  |TAMS 0x00000000cc200000| PB 0x00000000cc200000| Untracked 
| 131|0x00000000cc300000, 0x00000000cc300000, 0x00000000cc400000|  0%| F|  |TAMS 0x00000000cc300000| PB 0x00000000cc300000| Untracked 
| 132|0x00000000cc400000, 0x00000000cc400000, 0x00000000cc500000|  0%| F|  |TAMS 0x00000000cc400000| PB 0x00000000cc400000| Untracked 
| 133|0x00000000cc500000, 0x00000000cc500000, 0x00000000cc600000|  0%| F|  |TAMS 0x00000000cc500000| PB 0x00000000cc500000| Untracked 
| 134|0x00000000cc600000, 0x00000000cc600000, 0x00000000cc700000|  0%| F|  |TAMS 0x00000000cc600000| PB 0x00000000cc600000| Untracked 
| 135|0x00000000cc700000, 0x00000000cc700000, 0x00000000cc800000|  0%| F|  |TAMS 0x00000000cc700000| PB 0x00000000cc700000| Untracked 
| 136|0x00000000cc800000, 0x00000000cc800000, 0x00000000cc900000|  0%| F|  |TAMS 0x00000000cc800000| PB 0x00000000cc800000| Untracked 
| 137|0x00000000cc900000, 0x00000000cc900000, 0x00000000cca00000|  0%| F|  |TAMS 0x00000000cc900000| PB 0x00000000cc900000| Untracked 
| 138|0x00000000cca00000, 0x00000000cca00000, 0x00000000ccb00000|  0%| F|  |TAMS 0x00000000cca00000| PB 0x00000000cca00000| Untracked 
| 139|0x00000000ccb00000, 0x00000000ccb00000, 0x00000000ccc00000|  0%| F|  |TAMS 0x00000000ccb00000| PB 0x00000000ccb00000| Untracked 
| 140|0x00000000ccc00000, 0x00000000ccc00000, 0x00000000ccd00000|  0%| F|  |TAMS 0x00000000ccc00000| PB 0x00000000ccc00000| Untracked 
| 141|0x00000000ccd00000, 0x00000000ccd00000, 0x00000000cce00000|  0%| F|  |TAMS 0x00000000ccd00000| PB 0x00000000ccd00000| Untracked 
| 142|0x00000000cce00000, 0x00000000cce00000, 0x00000000ccf00000|  0%| F|  |TAMS 0x00000000cce00000| PB 0x00000000cce00000| Untracked 
| 143|0x00000000ccf00000, 0x00000000ccf00000, 0x00000000cd000000|  0%| F|  |TAMS 0x00000000ccf00000| PB 0x00000000ccf00000| Untracked 
| 144|0x00000000cd000000, 0x00000000cd000000, 0x00000000cd100000|  0%| F|  |TAMS 0x00000000cd000000| PB 0x00000000cd000000| Untracked 
| 145|0x00000000cd100000, 0x00000000cd100000, 0x00000000cd200000|  0%| F|  |TAMS 0x00000000cd100000| PB 0x00000000cd100000| Untracked 
| 146|0x00000000cd200000, 0x00000000cd200000, 0x00000000cd300000|  0%| F|  |TAMS 0x00000000cd200000| PB 0x00000000cd200000| Untracked 
| 147|0x00000000cd300000, 0x00000000cd300000, 0x00000000cd400000|  0%| F|  |TAMS 0x00000000cd300000| PB 0x00000000cd300000| Untracked 
| 148|0x00000000cd400000, 0x00000000cd400000, 0x00000000cd500000|  0%| F|  |TAMS 0x00000000cd400000| PB 0x00000000cd400000| Untracked 
| 149|0x00000000cd500000, 0x00000000cd500000, 0x00000000cd600000|  0%| F|  |TAMS 0x00000000cd500000| PB 0x00000000cd500000| Untracked 
| 150|0x00000000cd600000, 0x00000000cd600000, 0x00000000cd700000|  0%| F|  |TAMS 0x00000000cd600000| PB 0x00000000cd600000| Untracked 
| 151|0x00000000cd700000, 0x00000000cd700000, 0x00000000cd800000|  0%| F|  |TAMS 0x00000000cd700000| PB 0x00000000cd700000| Untracked 
| 152|0x00000000cd800000, 0x00000000cd800000, 0x00000000cd900000|  0%| F|  |TAMS 0x00000000cd800000| PB 0x00000000cd800000| Untracked 
| 153|0x00000000cd900000, 0x00000000cd900000, 0x00000000cda00000|  0%| F|  |TAMS 0x00000000cd900000| PB 0x00000000cd900000| Untracked 
| 154|0x00000000cda00000, 0x00000000cda00000, 0x00000000cdb00000|  0%| F|  |TAMS 0x00000000cda00000| PB 0x00000000cda00000| Untracked 
| 155|0x00000000cdb00000, 0x00000000cdb00000, 0x00000000cdc00000|  0%| F|  |TAMS 0x00000000cdb00000| PB 0x00000000cdb00000| Untracked 
| 156|0x00000000cdc00000, 0x00000000cdc00000, 0x00000000cdd00000|  0%| F|  |TAMS 0x00000000cdc00000| PB 0x00000000cdc00000| Untracked 
| 157|0x00000000cdd00000, 0x00000000cdd00000, 0x00000000cde00000|  0%| F|  |TAMS 0x00000000cdd00000| PB 0x00000000cdd00000| Untracked 
| 158|0x00000000cde00000, 0x00000000cde00000, 0x00000000cdf00000|  0%| F|  |TAMS 0x00000000cde00000| PB 0x00000000cde00000| Untracked 
| 159|0x00000000cdf00000, 0x00000000cdf00000, 0x00000000ce000000|  0%| F|  |TAMS 0x00000000cdf00000| PB 0x00000000cdf00000| Untracked 
| 160|0x00000000ce000000, 0x00000000ce000000, 0x00000000ce100000|  0%| F|  |TAMS 0x00000000ce000000| PB 0x00000000ce000000| Untracked 
| 161|0x00000000ce100000, 0x00000000ce100000, 0x00000000ce200000|  0%| F|  |TAMS 0x00000000ce100000| PB 0x00000000ce100000| Untracked 
| 162|0x00000000ce200000, 0x00000000ce200000, 0x00000000ce300000|  0%| F|  |TAMS 0x00000000ce200000| PB 0x00000000ce200000| Untracked 
| 163|0x00000000ce300000, 0x00000000ce300000, 0x00000000ce400000|  0%| F|  |TAMS 0x00000000ce300000| PB 0x00000000ce300000| Untracked 
| 164|0x00000000ce400000, 0x00000000ce400000, 0x00000000ce500000|  0%| F|  |TAMS 0x00000000ce400000| PB 0x00000000ce400000| Untracked 
| 165|0x00000000ce500000, 0x00000000ce500000, 0x00000000ce600000|  0%| F|  |TAMS 0x00000000ce500000| PB 0x00000000ce500000| Untracked 
| 166|0x00000000ce600000, 0x00000000ce600000, 0x00000000ce700000|  0%| F|  |TAMS 0x00000000ce600000| PB 0x00000000ce600000| Untracked 
| 167|0x00000000ce700000, 0x00000000ce700000, 0x00000000ce800000|  0%| F|  |TAMS 0x00000000ce700000| PB 0x00000000ce700000| Untracked 
| 168|0x00000000ce800000, 0x00000000ce800000, 0x00000000ce900000|  0%| F|  |TAMS 0x00000000ce800000| PB 0x00000000ce800000| Untracked 
| 169|0x00000000ce900000, 0x00000000ce900000, 0x00000000cea00000|  0%| F|  |TAMS 0x00000000ce900000| PB 0x00000000ce900000| Untracked 
| 170|0x00000000cea00000, 0x00000000cea00000, 0x00000000ceb00000|  0%| F|  |TAMS 0x00000000cea00000| PB 0x00000000cea00000| Untracked 
| 171|0x00000000ceb00000, 0x00000000ceb00000, 0x00000000cec00000|  0%| F|  |TAMS 0x00000000ceb00000| PB 0x00000000ceb00000| Untracked 
| 172|0x00000000cec00000, 0x00000000cec00000, 0x00000000ced00000|  0%| F|  |TAMS 0x00000000cec00000| PB 0x00000000cec00000| Untracked 
| 173|0x00000000ced00000, 0x00000000ced00000, 0x00000000cee00000|  0%| F|  |TAMS 0x00000000ced00000| PB 0x00000000ced00000| Untracked 
| 174|0x00000000cee00000, 0x00000000cee00000, 0x00000000cef00000|  0%| F|  |TAMS 0x00000000cee00000| PB 0x00000000cee00000| Untracked 
| 175|0x00000000cef00000, 0x00000000cef00000, 0x00000000cf000000|  0%| F|  |TAMS 0x00000000cef00000| PB 0x00000000cef00000| Untracked 
| 176|0x00000000cf000000, 0x00000000cf000000, 0x00000000cf100000|  0%| F|  |TAMS 0x00000000cf000000| PB 0x00000000cf000000| Untracked 
| 177|0x00000000cf100000, 0x00000000cf100000, 0x00000000cf200000|  0%| F|  |TAMS 0x00000000cf100000| PB 0x00000000cf100000| Untracked 
| 178|0x00000000cf200000, 0x00000000cf200000, 0x00000000cf300000|  0%| F|  |TAMS 0x00000000cf200000| PB 0x00000000cf200000| Untracked 
| 179|0x00000000cf300000, 0x00000000cf300000, 0x00000000cf400000|  0%| F|  |TAMS 0x00000000cf300000| PB 0x00000000cf300000| Untracked 
| 180|0x00000000cf400000, 0x00000000cf400000, 0x00000000cf500000|  0%| F|  |TAMS 0x00000000cf400000| PB 0x00000000cf400000| Untracked 
| 181|0x00000000cf500000, 0x00000000cf500000, 0x00000000cf600000|  0%| F|  |TAMS 0x00000000cf500000| PB 0x00000000cf500000| Untracked 
| 182|0x00000000cf600000, 0x00000000cf600000, 0x00000000cf700000|  0%| F|  |TAMS 0x00000000cf600000| PB 0x00000000cf600000| Untracked 
| 183|0x00000000cf700000, 0x00000000cf700000, 0x00000000cf800000|  0%| F|  |TAMS 0x00000000cf700000| PB 0x00000000cf700000| Untracked 
| 184|0x00000000cf800000, 0x00000000cf800000, 0x00000000cf900000|  0%| F|  |TAMS 0x00000000cf800000| PB 0x00000000cf800000| Untracked 
| 185|0x00000000cf900000, 0x00000000cf900000, 0x00000000cfa00000|  0%| F|  |TAMS 0x00000000cf900000| PB 0x00000000cf900000| Untracked 
| 186|0x00000000cfa00000, 0x00000000cfa00000, 0x00000000cfb00000|  0%| F|  |TAMS 0x00000000cfa00000| PB 0x00000000cfa00000| Untracked 
| 187|0x00000000cfb00000, 0x00000000cfb00000, 0x00000000cfc00000|  0%| F|  |TAMS 0x00000000cfb00000| PB 0x00000000cfb00000| Untracked 
| 188|0x00000000cfc00000, 0x00000000cfc00000, 0x00000000cfd00000|  0%| F|  |TAMS 0x00000000cfc00000| PB 0x00000000cfc00000| Untracked 
| 189|0x00000000cfd00000, 0x00000000cfd00000, 0x00000000cfe00000|  0%| F|  |TAMS 0x00000000cfd00000| PB 0x00000000cfd00000| Untracked 
| 190|0x00000000cfe00000, 0x00000000cfe00000, 0x00000000cff00000|  0%| F|  |TAMS 0x00000000cfe00000| PB 0x00000000cfe00000| Untracked 
| 191|0x00000000cff00000, 0x00000000cff00000, 0x00000000d0000000|  0%| F|  |TAMS 0x00000000cff00000| PB 0x00000000cff00000| Untracked 
| 192|0x00000000d0000000, 0x00000000d0100000, 0x00000000d0100000|100%| E|  |TAMS 0x00000000d0000000| PB 0x00000000d0000000| Complete 
| 193|0x00000000d0100000, 0x00000000d0200000, 0x00000000d0200000|100%| E|CS|TAMS 0x00000000d0100000| PB 0x00000000d0100000| Complete 
| 194|0x00000000d0200000, 0x00000000d0300000, 0x00000000d0300000|100%| E|CS|TAMS 0x00000000d0200000| PB 0x00000000d0200000| Complete 
| 195|0x00000000d0300000, 0x00000000d0400000, 0x00000000d0400000|100%| E|CS|TAMS 0x00000000d0300000| PB 0x00000000d0300000| Complete 
| 196|0x00000000d0400000, 0x00000000d0500000, 0x00000000d0500000|100%| E|CS|TAMS 0x00000000d0400000| PB 0x00000000d0400000| Complete 
| 197|0x00000000d0500000, 0x00000000d0600000, 0x00000000d0600000|100%| E|CS|TAMS 0x00000000d0500000| PB 0x00000000d0500000| Complete 
| 198|0x00000000d0600000, 0x00000000d0700000, 0x00000000d0700000|100%| E|CS|TAMS 0x00000000d0600000| PB 0x00000000d0600000| Complete 
| 199|0x00000000d0700000, 0x00000000d0800000, 0x00000000d0800000|100%| E|CS|TAMS 0x00000000d0700000| PB 0x00000000d0700000| Complete 
| 200|0x00000000d0800000, 0x00000000d0900000, 0x00000000d0900000|100%| E|CS|TAMS 0x00000000d0800000| PB 0x00000000d0800000| Complete 
| 201|0x00000000d0900000, 0x00000000d0a00000, 0x00000000d0a00000|100%| E|CS|TAMS 0x00000000d0900000| PB 0x00000000d0900000| Complete 
| 956|0x00000000ffc00000, 0x00000000ffd00000, 0x00000000ffd00000|100%| O|  |TAMS 0x00000000ffc00000| PB 0x00000000ffc00000| Untracked 
| 957|0x00000000ffd00000, 0x00000000ffe00000, 0x00000000ffe00000|100%| E|CS|TAMS 0x00000000ffd00000| PB 0x00000000ffd00000| Complete 
| 958|0x00000000ffe00000, 0x00000000fff00000, 0x00000000fff00000|100%| O|  |TAMS 0x00000000ffe00000| PB 0x00000000ffe00000| Untracked 
| 959|0x00000000fff00000, 0x0000000100000000, 0x0000000100000000|100%| O|  |TAMS 0x00000000fff00000| PB 0x00000000fff00000| Untracked 

Card table byte_map: [0x0000019ed2e20000,0x0000019ed3000000] _byte_map_base: 0x0000019ed2800000

Marking Bits: (CMBitMap*) 0x0000019ec0b1e9a0
 Bits: [0x0000019ed3000000, 0x0000019ed3f00000)

Polling page: 0x0000019ec0170000

Metaspace:

Usage:
  Non-class:     64.78 MB used.
      Class:      7.54 MB used.
       Both:     72.32 MB used.

Virtual space:
  Non-class space:      128.00 MB reserved,      65.00 MB ( 51%) committed,  2 nodes.
      Class space:        1.00 GB reserved,       7.69 MB ( <1%) committed,  1 nodes.
             Both:        1.12 GB reserved,      72.69 MB (  6%) committed. 

Chunk freelists:
   Non-Class:  14.09 MB
       Class:  8.28 MB
        Both:  22.38 MB

MaxMetaspaceSize: unlimited
CompressedClassSpaceSize: 1.00 GB
Initial GC threshold: 21.00 MB
Current GC threshold: 111.88 MB
CDS: off
 - commit_granule_bytes: 65536.
 - commit_granule_words: 8192.
 - virtual_space_node_default_size: 8388608.
 - enlarge_chunks_in_place: 1.
 - use_allocation_guard: 0.


Internal statistics:

num_allocs_failed_limit: 6.
num_arena_births: 368.
num_arena_deaths: 0.
num_vsnodes_births: 3.
num_vsnodes_deaths: 0.
num_space_committed: 1161.
num_space_uncommitted: 0.
num_chunks_returned_to_freelist: 6.
num_chunks_taken_from_freelist: 2688.
num_chunk_merges: 6.
num_chunk_splits: 2196.
num_chunks_enlarged: 1972.
num_inconsistent_stats: 0.

CodeHeap 'non-profiled nmethods': size=120000Kb used=6165Kb max_used=6165Kb free=113834Kb
 bounds [0x0000019ecb710000, 0x0000019ecbd20000, 0x0000019ed2c40000]
CodeHeap 'profiled nmethods': size=120000Kb used=38608Kb max_used=38608Kb free=81392Kb
 bounds [0x0000019ec3c40000, 0x0000019ec6200000, 0x0000019ecb170000]
CodeHeap 'non-nmethods': size=5760Kb used=1996Kb max_used=2024Kb free=3763Kb
 bounds [0x0000019ecb170000, 0x0000019ecb3e0000, 0x0000019ecb710000]
 total_blobs=11500 nmethods=10710 adapters=691
 compilation: enabled
              stopped_count=0, restarted_count=0
 full_count=0

Compilation events (20 events):
Event: 76.373 Thread 0x0000019ed657ac40 12108       4       org.jetbrains.kotlin.fir.declarations.builder.FirValueParameterBuilder::<init> (91 bytes)
Event: 76.378 Thread 0x0000019ed657d6e0 12110       3       org.jetbrains.kotlin.fir.declarations.builder.FirPropertyAccessorBuilder::setModuleData (12 bytes)
Event: 76.378 Thread 0x0000019ed657d6e0 nmethod 12110 0x0000019ec61eff90 code [0x0000019ec61f01c0, 0x0000019ec61f07a0]
Event: 76.378 Thread 0x0000019ed657d6e0 12111       3       org.jetbrains.kotlin.fir.declarations.builder.FirPropertyAccessorBuilder::setOrigin (12 bytes)
Event: 76.379 Thread 0x0000019ed657d6e0 nmethod 12111 0x0000019ec61f0a10 code [0x0000019ec61f0c40, 0x0000019ec61f1220]
Event: 76.379 Thread 0x0000019ed657d6e0 12113       3       org.jetbrains.kotlin.fir.declarations.builder.FirPropertyAccessorBuilder::setStatus (12 bytes)
Event: 76.379 Thread 0x0000019ed657d6e0 nmethod 12113 0x0000019ec61f1490 code [0x0000019ec61f16c0, 0x0000019ec61f1ca0]
Event: 76.379 Thread 0x0000019ed657d6e0 12114       3       org.jetbrains.kotlin.fir.declarations.builder.FirPropertyAccessorBuilder::setPropertySymbol (12 bytes)
Event: 76.380 Thread 0x0000019ed657d6e0 nmethod 12114 0x0000019ec61f1f10 code [0x0000019ec61f2140, 0x0000019ec61f2720]
Event: 76.380 Thread 0x0000019ed657d6e0 12112       3       org.jetbrains.kotlin.fir.declarations.builder.FirPropertyAccessorBuilder::setResolvePhase (12 bytes)
Event: 76.380 Thread 0x0000019ed657d6e0 nmethod 12112 0x0000019ec61f2990 code [0x0000019ec61f2bc0, 0x0000019ec61f31a0]
Event: 76.382 Thread 0x0000019ed657ac40 nmethod 12108 0x0000019ecbd14710 code [0x0000019ecbd14900, 0x0000019ecbd15328]
Event: 76.382 Thread 0x0000019ed657ac40 12109       4       org.jetbrains.kotlin.fir.declarations.builder.FirValueParameterBuilder::build (94 bytes)
Event: 76.397 Thread 0x0000019ed657d6e0 12116       3       org.jetbrains.kotlin.metadata.ProtoBuf$Property::hasSetterFlags (20 bytes)
Event: 76.397 Thread 0x0000019ed657d6e0 nmethod 12116 0x0000019ec61f3410 code [0x0000019ec61f35a0, 0x0000019ec61f3708]
Event: 76.406 Thread 0x0000019ed657d6e0 12117       3       org.jetbrains.kotlin.utils.StringsKt::join (29 bytes)
Event: 76.407 Thread 0x0000019ed657d6e0 nmethod 12117 0x0000019ec61f3790 code [0x0000019ec61f3a40, 0x0000019ec61f4468]
Event: 76.408 Thread 0x0000019ed657d6e0 12118       3       org.jetbrains.kotlin.fir.backend.Fir2IrDeclarationStorageKt::isStubPropertyForPureField (25 bytes)
Event: 76.409 Thread 0x0000019ed657d6e0 nmethod 12118 0x0000019ec61f4810 code [0x0000019ec61f4cc0, 0x0000019ec61f6ac0]
Event: 76.409 Thread 0x0000019ed657d6e0 12119       3       org.jetbrains.kotlin.fir.lazy.Fir2IrLazyProperty::<init> (1616 bytes)

GC Heap History (20 events):
Event: 48.164 GC heap before
{Heap before GC invocations=26 (full 0):
 garbage-first heap   total 103424K, used 83811K [0x00000000c4000000, 0x0000000100000000)
  region size 1024K, 32 young (32768K), 5 survivors (5120K)
 Metaspace       used 56477K, committed 56768K, reserved 1114112K
  class space    used 6303K, committed 6464K, reserved 1048576K
}
Event: 48.512 GC heap after
{Heap after GC invocations=27 (full 0):
 garbage-first heap   total 103424K, used 63488K [0x00000000c4000000, 0x0000000100000000)
  region size 1024K, 4 young (4096K), 4 survivors (4096K)
 Metaspace       used 56477K, committed 56768K, reserved 1114112K
  class space    used 6303K, committed 6464K, reserved 1048576K
}
Event: 52.714 GC heap before
{Heap before GC invocations=27 (full 0):
 garbage-first heap   total 103424K, used 84992K [0x00000000c4000000, 0x0000000100000000)
  region size 1024K, 25 young (25600K), 4 survivors (4096K)
 Metaspace       used 57630K, committed 57984K, reserved 1114112K
  class space    used 6365K, committed 6528K, reserved 1048576K
}
Event: 52.764 GC heap after
{Heap after GC invocations=28 (full 0):
 garbage-first heap   total 103424K, used 66471K [0x00000000c4000000, 0x0000000100000000)
  region size 1024K, 3 young (3072K), 3 survivors (3072K)
 Metaspace       used 57630K, committed 57984K, reserved 1114112K
  class space    used 6365K, committed 6528K, reserved 1048576K
}
Event: 55.429 GC heap before
{Heap before GC invocations=29 (full 0):
 garbage-first heap   total 111616K, used 87975K [0x00000000c4000000, 0x0000000100000000)
  region size 1024K, 25 young (25600K), 3 survivors (3072K)
 Metaspace       used 57859K, committed 58176K, reserved 1114112K
  class space    used 6383K, committed 6528K, reserved 1048576K
}
Event: 55.454 GC heap after
{Heap after GC invocations=30 (full 0):
 garbage-first heap   total 111616K, used 69567K [0x00000000c4000000, 0x0000000100000000)
  region size 1024K, 4 young (4096K), 4 survivors (4096K)
 Metaspace       used 57859K, committed 58176K, reserved 1114112K
  class space    used 6383K, committed 6528K, reserved 1048576K
}
Event: 61.104 GC heap before
{Heap before GC invocations=30 (full 0):
 garbage-first heap   total 111616K, used 96191K [0x00000000c4000000, 0x0000000100000000)
  region size 1024K, 30 young (30720K), 4 survivors (4096K)
 Metaspace       used 58156K, committed 58432K, reserved 1114112K
  class space    used 6395K, committed 6528K, reserved 1048576K
}
Event: 61.157 GC heap after
{Heap after GC invocations=31 (full 0):
 garbage-first heap   total 111616K, used 71267K [0x00000000c4000000, 0x0000000100000000)
  region size 1024K, 3 young (3072K), 3 survivors (3072K)
 Metaspace       used 58156K, committed 58432K, reserved 1114112K
  class space    used 6395K, committed 6528K, reserved 1048576K
}
Event: 65.705 GC heap before
{Heap before GC invocations=31 (full 0):
 garbage-first heap   total 111616K, used 97891K [0x00000000c4000000, 0x0000000100000000)
  region size 1024K, 29 young (29696K), 3 survivors (3072K)
 Metaspace       used 61533K, committed 61888K, reserved 1114112K
  class space    used 6683K, committed 6848K, reserved 1048576K
}
Event: 65.736 GC heap after
{Heap after GC invocations=32 (full 0):
 garbage-first heap   total 111616K, used 74383K [0x00000000c4000000, 0x0000000100000000)
  region size 1024K, 3 young (3072K), 3 survivors (3072K)
 Metaspace       used 61533K, committed 61888K, reserved 1114112K
  class space    used 6683K, committed 6848K, reserved 1048576K
}
Event: 70.624 GC heap before
{Heap before GC invocations=33 (full 0):
 garbage-first heap   total 124928K, used 99983K [0x00000000c4000000, 0x0000000100000000)
  region size 1024K, 28 young (28672K), 3 survivors (3072K)
 Metaspace       used 62171K, committed 62464K, reserved 1114112K
  class space    used 6705K, committed 6848K, reserved 1048576K
}
Event: 70.658 GC heap after
{Heap after GC invocations=34 (full 0):
 garbage-first heap   total 124928K, used 78380K [0x00000000c4000000, 0x0000000100000000)
  region size 1024K, 4 young (4096K), 4 survivors (4096K)
 Metaspace       used 62171K, committed 62464K, reserved 1114112K
  class space    used 6705K, committed 6848K, reserved 1048576K
}
Event: 71.727 GC heap before
{Heap before GC invocations=34 (full 0):
 garbage-first heap   total 124928K, used 110124K [0x00000000c4000000, 0x0000000100000000)
  region size 1024K, 35 young (35840K), 4 survivors (4096K)
 Metaspace       used 62583K, committed 62912K, reserved 1114112K
  class space    used 6712K, committed 6848K, reserved 1048576K
}
Event: 71.802 GC heap after
{Heap after GC invocations=35 (full 0):
 garbage-first heap   total 124928K, used 86016K [0x00000000c4000000, 0x0000000100000000)
  region size 1024K, 5 young (5120K), 5 survivors (5120K)
 Metaspace       used 62583K, committed 62912K, reserved 1114112K
  class space    used 6712K, committed 6848K, reserved 1048576K
}
Event: 73.728 GC heap before
{Heap before GC invocations=35 (full 0):
 garbage-first heap   total 124928K, used 110592K [0x00000000c4000000, 0x0000000100000000)
  region size 1024K, 29 young (29696K), 5 survivors (5120K)
 Metaspace       used 67859K, committed 68160K, reserved 1114112K
  class space    used 7219K, committed 7360K, reserved 1048576K
}
Event: 73.756 GC heap after
{Heap after GC invocations=36 (full 0):
 garbage-first heap   total 124928K, used 89043K [0x00000000c4000000, 0x0000000100000000)
  region size 1024K, 3 young (3072K), 3 survivors (3072K)
 Metaspace       used 67859K, committed 68160K, reserved 1114112K
  class space    used 7219K, committed 7360K, reserved 1048576K
}
Event: 74.637 GC heap before
{Heap before GC invocations=37 (full 0):
 garbage-first heap   total 150528K, used 112595K [0x00000000c4000000, 0x0000000100000000)
  region size 1024K, 26 young (26624K), 3 survivors (3072K)
 Metaspace       used 69379K, committed 69696K, reserved 1114112K
  class space    used 7336K, committed 7488K, reserved 1048576K
}
Event: 74.651 GC heap after
{Heap after GC invocations=38 (full 0):
 garbage-first heap   total 150528K, used 93184K [0x00000000c4000000, 0x0000000100000000)
  region size 1024K, 4 young (4096K), 4 survivors (4096K)
 Metaspace       used 69379K, committed 69696K, reserved 1114112K
  class space    used 7336K, committed 7488K, reserved 1048576K
}
Event: 76.176 GC heap before
{Heap before GC invocations=38 (full 0):
 garbage-first heap   total 150528K, used 131072K [0x00000000c4000000, 0x0000000100000000)
  region size 1024K, 42 young (43008K), 4 survivors (4096K)
 Metaspace       used 73713K, committed 74048K, reserved 1179648K
  class space    used 7692K, committed 7808K, reserved 1048576K
}
Event: 76.199 GC heap after
{Heap after GC invocations=39 (full 0):
 garbage-first heap   total 210944K, used 97275K [0x00000000c4000000, 0x0000000100000000)
  region size 1024K, 6 young (6144K), 6 survivors (6144K)
 Metaspace       used 73713K, committed 74048K, reserved 1179648K
  class space    used 7692K, committed 7808K, reserved 1048576K
}

Dll operation events (3 events):
Event: 0.017 Loaded shared library C:\Program Files\Android\Android Studio\jbr\bin\java.dll
Event: 0.032 Loaded shared library C:\Program Files\Android\Android Studio\jbr\bin\zip.dll
Event: 8.496 Loaded shared library C:\Program Files\Android\Android Studio\jbr\bin\verify.dll

Deoptimization events (20 events):
Event: 75.713 Thread 0x0000019ebe7421a0 Uncommon trap: trap_request=0xffffffde fr.pc=0x0000019ecb870de8 relative=0x0000000000000208
Event: 75.713 Thread 0x0000019ebe7421a0 Uncommon trap: reason=class_check action=maybe_recompile pc=0x0000019ecb870de8 method=java.util.regex.Pattern$BmpCharProperty.match(Ljava/util/regex/Matcher;ILjava/lang/CharSequence;)Z @ 19 c2
Event: 75.714 Thread 0x0000019ebe7421a0 DEOPT PACKING pc=0x0000019ecb870de8 sp=0x0000002d13cfab60
Event: 75.714 Thread 0x0000019ebe7421a0 DEOPT UNPACKING pc=0x0000019ecb1c7da2 sp=0x0000002d13cfaaf8 mode 2
Event: 75.714 Thread 0x0000019ebe7421a0 Uncommon trap: trap_request=0xffffffde fr.pc=0x0000019ecb870de8 relative=0x0000000000000208
Event: 75.714 Thread 0x0000019ebe7421a0 Uncommon trap: reason=class_check action=maybe_recompile pc=0x0000019ecb870de8 method=java.util.regex.Pattern$BmpCharProperty.match(Ljava/util/regex/Matcher;ILjava/lang/CharSequence;)Z @ 19 c2
Event: 75.714 Thread 0x0000019ebe7421a0 DEOPT PACKING pc=0x0000019ecb870de8 sp=0x0000002d13cfab60
Event: 75.714 Thread 0x0000019ebe7421a0 DEOPT UNPACKING pc=0x0000019ecb1c7da2 sp=0x0000002d13cfaaf8 mode 2
Event: 75.714 Thread 0x0000019ebe7421a0 Uncommon trap: trap_request=0xffffffde fr.pc=0x0000019ecb870de8 relative=0x0000000000000208
Event: 75.714 Thread 0x0000019ebe7421a0 Uncommon trap: reason=class_check action=maybe_recompile pc=0x0000019ecb870de8 method=java.util.regex.Pattern$BmpCharProperty.match(Ljava/util/regex/Matcher;ILjava/lang/CharSequence;)Z @ 19 c2
Event: 75.714 Thread 0x0000019ebe7421a0 DEOPT PACKING pc=0x0000019ecb870de8 sp=0x0000002d13cfab60
Event: 75.714 Thread 0x0000019ebe7421a0 DEOPT UNPACKING pc=0x0000019ecb1c7da2 sp=0x0000002d13cfaaf8 mode 2
Event: 75.757 Thread 0x0000019ebe7421a0 Uncommon trap: trap_request=0xffffff76 fr.pc=0x0000019ecbc5a990 relative=0x0000000000001210
Event: 75.757 Thread 0x0000019ebe7421a0 Uncommon trap: reason=predicate action=maybe_recompile pc=0x0000019ecbc5a990 method=org.jetbrains.kotlin.fir.scopes.impl.AbstractFirUseSiteMemberScope.processPropertiesByName(Lorg/jetbrains/kotlin/name/Name;Lkotlin/jvm/functions/Function1;)V @ 101 c2
Event: 75.757 Thread 0x0000019ebe7421a0 DEOPT PACKING pc=0x0000019ecbc5a990 sp=0x0000002d13cfa610
Event: 75.757 Thread 0x0000019ebe7421a0 DEOPT UNPACKING pc=0x0000019ecb1c7da2 sp=0x0000002d13cfa5c8 mode 2
Event: 75.776 Thread 0x0000019ebe7421a0 Uncommon trap: trap_request=0xffffff45 fr.pc=0x0000019ecbb0ed34 relative=0x00000000000000f4
Event: 75.776 Thread 0x0000019ebe7421a0 Uncommon trap: reason=unstable_if action=reinterpret pc=0x0000019ecbb0ed34 method=java.lang.StrictMath.floorOrCeil(DDDD)D @ 14 c2
Event: 75.776 Thread 0x0000019ebe7421a0 DEOPT PACKING pc=0x0000019ecbb0ed34 sp=0x0000002d13cfbf00
Event: 75.776 Thread 0x0000019ebe7421a0 DEOPT UNPACKING pc=0x0000019ecb1c7da2 sp=0x0000002d13cfbe28 mode 2

Classes loaded (20 events):
Event: 72.332 Loading class java/util/ServiceLoader$ProviderImpl
Event: 72.333 Loading class java/util/ServiceLoader$Provider
Event: 72.333 Loading class java/util/ServiceLoader$Provider done
Event: 72.333 Loading class java/util/ServiceLoader$ProviderImpl done
Event: 73.958 Loading class java/util/regex/Pattern$StartS
Event: 73.958 Loading class java/util/regex/Pattern$StartS done
Event: 75.646 Loading class java/util/Formatter
Event: 75.647 Loading class java/util/Formatter done
Event: 75.647 Loading class java/util/Formatter$FixedString
Event: 75.648 Loading class java/util/Formatter$FormatString
Event: 75.648 Loading class java/util/Formatter$FormatString done
Event: 75.648 Loading class java/util/Formatter$FixedString done
Event: 75.648 Loading class java/util/Formatter$Conversion
Event: 75.649 Loading class java/util/Formatter$Conversion done
Event: 75.649 Loading class java/util/Formatter$FormatSpecifier
Event: 75.651 Loading class java/util/Formatter$FormatSpecifier done
Event: 75.651 Loading class java/util/Formattable
Event: 75.651 Loading class java/util/Formattable done
Event: 75.651 Loading class java/util/Formatter$Flags
Event: 75.652 Loading class java/util/Formatter$Flags done

Classes unloaded (0 events):
No events

Classes redefined (0 events):
No events

Internal exceptions (20 events):
Event: 70.520 Thread 0x0000019ebe7421a0 Exception <a 'java/lang/NoSuchMethodError'{0x00000000ca02ae28}: 'java.lang.Object java.lang.invoke.DirectMethodHandle$Holder.invokeSpecial(java.lang.Object, java.lang.Object, java.lang.Object, int, java.lang.Object, java.lang.Object, java.lang.Object)'> (0x00000000ca02ae28) 
thrown [s\src\hotspot\share\interpreter\linkResolver.cpp, line 784]
Event: 70.521 Thread 0x0000019ebe7421a0 Exception <a 'java/lang/NoSuchMethodError'{0x00000000ca02e4a0}: 'java.lang.Object java.lang.invoke.Invokers$Holder.linkToTargetMethod(java.lang.Object, int, java.lang.Object, java.lang.Object, java.lang.Object, java.lang.Object)'> (0x00000000ca02e4a0) 
thrown [s\src\hotspot\share\interpreter\linkResolver.cpp, line 784]
Event: 72.572 Thread 0x0000019ebe7421a0 Implicit null exception at 0x0000019ecb892aa2 to 0x0000019ecb892f28
Event: 72.580 Thread 0x0000019ebe7421a0 Implicit null exception at 0x0000019ecb78aca2 to 0x0000019ecb78b128
Event: 73.427 Thread 0x0000019ebe7421a0 Exception <a 'java/lang/NoSuchMethodError'{0x00000000ca2da038}: 'java.lang.Object java.lang.invoke.DirectMethodHandle$Holder.newInvokeSpecial(java.lang.Object, java.lang.Object, java.lang.Object, java.lang.Object, java.lang.Object, java.lang.Object, java.lang.Object, java.lang.Object, int)'> (0x00000000ca2da038) 
thrown [s\src\hotspot\share\interpreter\linkResolver.cpp, line 784]
Event: 73.428 Thread 0x0000019ebe7421a0 Exception <a 'java/lang/NoSuchMethodError'{0x00000000ca2dee28}: 'java.lang.Object java.lang.invoke.DirectMethodHandle$Holder.invokeSpecial(java.lang.Object, java.lang.Object, java.lang.Object, java.lang.Object, java.lang.Object, java.lang.Object, java.lang.Object, java.lang.Object, java.lang.Object, int)'> (0x00000000ca2dee28) 
thrown [s\src\hotspot\share\interpreter\linkResolver.cpp, line 784]
Event: 73.587 Thread 0x0000019ebe7421a0 Exception <a 'java/lang/NoSuchMethodError'{0x00000000c9f2a570}: 'java.lang.Object java.lang.invoke.DirectMethodHandle$Holder.invokeStatic(java.lang.Object, java.lang.Object, int, int)'> (0x00000000c9f2a570) 
thrown [s\src\hotspot\share\interpreter\linkResolver.cpp, line 784]
Event: 73.588 Thread 0x0000019ebe7421a0 Exception <a 'java/lang/NoSuchMethodError'{0x00000000c9f31028}: 'java.lang.Object java.lang.invoke.DirectMethodHandle$Holder.newInvokeSpecial(java.lang.Object, java.lang.Object, int, int)'> (0x00000000c9f31028) 
thrown [s\src\hotspot\share\interpreter\linkResolver.cpp, line 784]
Event: 73.589 Thread 0x0000019ebe7421a0 Exception <a 'java/lang/NoSuchMethodError'{0x00000000c9f35360}: 'java.lang.Object java.lang.invoke.DirectMethodHandle$Holder.invokeSpecial(java.lang.Object, java.lang.Object, java.lang.Object, int, int)'> (0x00000000c9f35360) 
thrown [s\src\hotspot\share\interpreter\linkResolver.cpp, line 784]
Event: 73.589 Thread 0x0000019ebe7421a0 Exception <a 'java/lang/NoSuchMethodError'{0x00000000c9f38f80}: 'java.lang.Object java.lang.invoke.Invokers$Holder.linkToTargetMethod(java.lang.Object, int, int, java.lang.Object)'> (0x00000000c9f38f80) 
thrown [s\src\hotspot\share\interpreter\linkResolver.cpp, line 784]
Event: 73.963 Thread 0x0000019ebe7421a0 Exception <a 'java/lang/NoSuchMethodError'{0x00000000cb5503f0}: 'java.lang.Object java.lang.invoke.DirectMethodHandle$Holder.newInvokeSpecial(java.lang.Object, java.lang.Object, java.lang.Object, java.lang.Object, java.lang.Object, java.lang.Object, java.lang.Object, int)'> (0x00000000cb5503f0) 
thrown [s\src\hotspot\share\interpreter\linkResolver.cpp, line 784]
Event: 73.963 Thread 0x0000019ebe7421a0 Exception <a 'java/lang/NoSuchMethodError'{0x00000000cb554ae8}: 'java.lang.Object java.lang.invoke.DirectMethodHandle$Holder.invokeSpecial(java.lang.Object, java.lang.Object, java.lang.Object, java.lang.Object, java.lang.Object, java.lang.Object, java.lang.Object, java.lang.Object, int)'> (0x00000000cb554ae8) 
thrown [s\src\hotspot\share\interpreter\linkResolver.cpp, line 784]
Event: 75.408 Thread 0x0000019ebe7421a0 Exception <a 'java/lang/NoSuchMethodError'{0x00000000cb739760}: 'java.lang.Object java.lang.invoke.DirectMethodHandle$Holder.invokeStatic(java.lang.Object, java.lang.Object, int, java.lang.Object, java.lang.Object)'> (0x00000000cb739760) 
thrown [s\src\hotspot\share\interpreter\linkResolver.cpp, line 784]
Event: 75.409 Thread 0x0000019ebe7421a0 Exception <a 'java/lang/NoSuchMethodError'{0x00000000cb740f18}: 'java.lang.Object java.lang.invoke.DirectMethodHandle$Holder.newInvokeSpecial(java.lang.Object, java.lang.Object, int, java.lang.Object, java.lang.Object)'> (0x00000000cb740f18) 
thrown [s\src\hotspot\share\interpreter\linkResolver.cpp, line 784]
Event: 75.410 Thread 0x0000019ebe7421a0 Exception <a 'java/lang/NoSuchMethodError'{0x00000000cb7454c8}: 'java.lang.Object java.lang.invoke.DirectMethodHandle$Holder.invokeSpecial(java.lang.Object, java.lang.Object, java.lang.Object, int, java.lang.Object, java.lang.Object)'> (0x00000000cb7454c8) 
thrown [s\src\hotspot\share\interpreter\linkResolver.cpp, line 784]
Event: 75.410 Thread 0x0000019ebe7421a0 Exception <a 'java/lang/NoSuchMethodError'{0x00000000cb748fc0}: 'java.lang.Object java.lang.invoke.Invokers$Holder.linkToTargetMethod(java.lang.Object, int, java.lang.Object, java.lang.Object, java.lang.Object)'> (0x00000000cb748fc0) 
thrown [s\src\hotspot\share\interpreter\linkResolver.cpp, line 784]
Event: 75.741 Thread 0x0000019ebe7421a0 Exception <a 'java/lang/NoSuchMethodError'{0x00000000cad31750}: 'java.lang.Object java.lang.invoke.DirectMethodHandle$Holder.invokeStatic(java.lang.Object, java.lang.Object, java.lang.Object, java.lang.Object, java.lang.Object, java.lang.Object, int, java.lang.Object)'> (0x00000000cad31750) 
thrown [s\src\hotspot\share\interpreter\linkResolver.cpp, line 784]
Event: 75.742 Thread 0x0000019ebe7421a0 Exception <a 'java/lang/NoSuchMethodError'{0x00000000cad3b728}: 'java.lang.Object java.lang.invoke.DirectMethodHandle$Holder.newInvokeSpecial(java.lang.Object, java.lang.Object, java.lang.Object, java.lang.Object, java.lang.Object, java.lang.Object, int)'> (0x00000000cad3b728) 
thrown [s\src\hotspot\share\interpreter\linkResolver.cpp, line 784]
Event: 75.743 Thread 0x0000019ebe7421a0 Exception <a 'java/lang/NoSuchMethodError'{0x00000000cad40390}: 'java.lang.Object java.lang.invoke.DirectMethodHandle$Holder.invokeSpecial(java.lang.Object, java.lang.Object, java.lang.Object, java.lang.Object, java.lang.Object, java.lang.Object, java.lang.Object, int)'> (0x00000000cad40390) 
thrown [s\src\hotspot\share\interpreter\linkResolver.cpp, line 784]
Event: 75.743 Thread 0x0000019ebe7421a0 Exception <a 'java/lang/NoSuchMethodError'{0x00000000cad449b0}: 'java.lang.Object java.lang.invoke.Invokers$Holder.linkToTargetMethod(java.lang.Object, java.lang.Object, java.lang.Object, java.lang.Object, java.lang.Object, int, java.lang.Object)'> (0x00000000cad449b0) 
thrown [s\src\hotspot\share\interpreter\linkResolver.cpp, line 784]

ZGC Phase Switch (0 events):
No events

VM Operations (20 events):
Event: 75.510 Executing VM operation: HandshakeAllThreads (Deoptimize)
Event: 75.510 Executing VM operation: HandshakeAllThreads (Deoptimize) done
Event: 75.552 Executing VM operation: HandshakeAllThreads (Deoptimize)
Event: 75.552 Executing VM operation: HandshakeAllThreads (Deoptimize) done
Event: 75.573 Executing VM operation: ICBufferFull
Event: 75.573 Executing VM operation: ICBufferFull done
Event: 75.697 Executing VM operation: HandshakeAllThreads (Deoptimize)
Event: 75.697 Executing VM operation: HandshakeAllThreads (Deoptimize) done
Event: 75.747 Executing VM operation: HandshakeAllThreads (Deoptimize)
Event: 75.747 Executing VM operation: HandshakeAllThreads (Deoptimize) done
Event: 75.751 Executing VM operation: HandshakeAllThreads (Deoptimize)
Event: 75.751 Executing VM operation: HandshakeAllThreads (Deoptimize) done
Event: 75.756 Executing VM operation: HandshakeAllThreads (Deoptimize)
Event: 75.756 Executing VM operation: HandshakeAllThreads (Deoptimize) done
Event: 75.773 Executing VM operation: HandshakeAllThreads (Deoptimize)
Event: 75.773 Executing VM operation: HandshakeAllThreads (Deoptimize) done
Event: 75.776 Executing VM operation: ICBufferFull
Event: 75.777 Executing VM operation: ICBufferFull done
Event: 76.176 Executing VM operation: G1CollectForAllocation (G1 Evacuation Pause)
Event: 76.199 Executing VM operation: G1CollectForAllocation (G1 Evacuation Pause) done

Memory protections (0 events):
No events

Nmethod flushes (20 events):
Event: 74.195 Thread 0x0000019ed63dfde0 flushing  nmethod 0x0000019ec513a590
Event: 74.196 Thread 0x0000019ed63dfde0 flushing  nmethod 0x0000019ec514e910
Event: 74.196 Thread 0x0000019ed63dfde0 flushing  nmethod 0x0000019ec5164f10
Event: 74.196 Thread 0x0000019ed63dfde0 flushing  nmethod 0x0000019ec51a8a10
Event: 74.196 Thread 0x0000019ed63dfde0 flushing  nmethod 0x0000019ec527d590
Event: 74.196 Thread 0x0000019ed63dfde0 flushing  nmethod 0x0000019ec5392990
Event: 74.196 Thread 0x0000019ed63dfde0 flushing  nmethod 0x0000019ec53b7110
Event: 74.196 Thread 0x0000019ed63dfde0 flushing  nmethod 0x0000019ec547c690
Event: 74.196 Thread 0x0000019ed63dfde0 flushing  nmethod 0x0000019ec5480410
Event: 74.196 Thread 0x0000019ed63dfde0 flushing  nmethod 0x0000019ec54b0010
Event: 74.197 Thread 0x0000019ed63dfde0 flushing  nmethod 0x0000019ec54b3810
Event: 74.197 Thread 0x0000019ed63dfde0 flushing  nmethod 0x0000019ec5504c10
Event: 74.197 Thread 0x0000019ed63dfde0 flushing  nmethod 0x0000019ec5505710
Event: 74.197 Thread 0x0000019ed63dfde0 flushing  nmethod 0x0000019ec5506190
Event: 74.197 Thread 0x0000019ed63dfde0 flushing  nmethod 0x0000019ec5506690
Event: 74.197 Thread 0x0000019ed63dfde0 flushing  nmethod 0x0000019ec550da10
Event: 74.197 Thread 0x0000019ed63dfde0 flushing  nmethod 0x0000019ec5513010
Event: 74.197 Thread 0x0000019ed63dfde0 flushing  nmethod 0x0000019ec5514890
Event: 74.197 Thread 0x0000019ed63dfde0 flushing  nmethod 0x0000019ec5545390
Event: 74.197 Thread 0x0000019ed63dfde0 flushing  nmethod 0x0000019ec5548610

Events (15 events):
Event: 0.024 Thread 0x0000019ebe7421a0 Thread added: 0x0000019ebe7421a0
Event: 0.184 Thread 0x0000019ebe7421a0 Thread added: 0x0000019ed658fa90
Event: 0.185 Thread 0x0000019ebe7421a0 Thread added: 0x0000019ed65906d0
Event: 0.187 Thread 0x0000019ebe7421a0 Thread added: 0x0000019ed643dd10
Event: 0.187 Thread 0x0000019ebe7421a0 Thread added: 0x0000019ed643e760
Event: 0.187 Thread 0x0000019ebe7421a0 Thread added: 0x0000019ed6579470
Event: 0.187 Thread 0x0000019ebe7421a0 Thread added: 0x0000019ed6579ec0
Event: 0.187 Thread 0x0000019ebe7421a0 Thread added: 0x0000019ed657ac40
Event: 0.188 Thread 0x0000019ebe7421a0 Thread added: 0x0000019ed657d6e0
Event: 0.272 Thread 0x0000019ebe7421a0 Thread added: 0x0000019ed672b810
Event: 0.289 Thread 0x0000019ebe7421a0 Thread added: 0x0000019ed672d040
Event: 0.330 Loaded shared library C:\Program Files\Android\Android Studio\jbr\bin\net.dll
Event: 0.338 Loaded shared library C:\Program Files\Android\Android Studio\jbr\bin\nio.dll
Event: 0.529 Loaded shared library C:\Program Files\Android\Android Studio\jbr\bin\zip.dll
Event: 0.599 Loaded shared library C:\Program Files\Android\Android Studio\jbr\bin\jimage.dll


Dynamic libraries:
0x00007ff7ee4c0000 - 0x00007ff7ee4ca000 	C:\Program Files\Android\Android Studio\jbr\bin\java.exe
0x00007ffd59e80000 - 0x00007ffd5a0e5000 	C:\WINDOWS\SYSTEM32\ntdll.dll
0x00007ffd59860000 - 0x00007ffd59929000 	C:\WINDOWS\System32\KERNEL32.DLL
0x00007ffd57400000 - 0x00007ffd577e8000 	C:\WINDOWS\System32\KERNELBASE.dll
0x00007ffd57a20000 - 0x00007ffd57b6b000 	C:\WINDOWS\System32\ucrtbase.dll
0x00007ffd40ec0000 - 0x00007ffd40ed8000 	C:\Program Files\Android\Android Studio\jbr\bin\jli.dll
0x00007ffd588f0000 - 0x00007ffd58aba000 	C:\WINDOWS\System32\USER32.dll
0x00007ffd579f0000 - 0x00007ffd57a17000 	C:\WINDOWS\System32\win32u.dll
0x00007ffd590f0000 - 0x00007ffd5911b000 	C:\WINDOWS\System32\GDI32.dll
0x00007ffd578b0000 - 0x00007ffd579e7000 	C:\WINDOWS\System32\gdi32full.dll
0x00007ffd47540000 - 0x00007ffd4755b000 	C:\Program Files\Android\Android Studio\jbr\bin\VCRUNTIME140.dll
0x00007ffd57b70000 - 0x00007ffd57c13000 	C:\WINDOWS\System32\msvcp_win.dll
0x00007ffd43640000 - 0x00007ffd438da000 	C:\WINDOWS\WinSxS\amd64_microsoft.windows.common-controls_6595b64144ccf1df_6.0.26100.4202_none_3e0698d4e335f517\COMCTL32.dll
0x00007ffd59d90000 - 0x00007ffd59e39000 	C:\WINDOWS\System32\msvcrt.dll
0x00007ffd58b40000 - 0x00007ffd58b70000 	C:\WINDOWS\System32\IMM32.DLL
0x00007ffd538a0000 - 0x00007ffd538ac000 	C:\Program Files\Android\Android Studio\jbr\bin\vcruntime140_1.dll
0x00007ffd0d9d0000 - 0x00007ffd0da5d000 	C:\Program Files\Android\Android Studio\jbr\bin\msvcp140.dll
0x00007ffd05bf0000 - 0x00007ffd0687b000 	C:\Program Files\Android\Android Studio\jbr\bin\server\jvm.dll
0x00007ffd59c40000 - 0x00007ffd59cf3000 	C:\WINDOWS\System32\ADVAPI32.dll
0x00007ffd596c0000 - 0x00007ffd59766000 	C:\WINDOWS\System32\sechost.dll
0x00007ffd59b20000 - 0x00007ffd59c35000 	C:\WINDOWS\System32\RPCRT4.dll
0x00007ffd58ac0000 - 0x00007ffd58b34000 	C:\WINDOWS\System32\WS2_32.dll
0x00007ffd56e20000 - 0x00007ffd56e7e000 	C:\WINDOWS\SYSTEM32\POWRPROF.dll
0x00007ffd54860000 - 0x00007ffd54895000 	C:\WINDOWS\SYSTEM32\WINMM.dll
0x00007ffd47ce0000 - 0x00007ffd47ceb000 	C:\WINDOWS\SYSTEM32\VERSION.dll
0x00007ffd56e00000 - 0x00007ffd56e14000 	C:\WINDOWS\SYSTEM32\UMPDC.dll
0x00007ffd55d90000 - 0x00007ffd55dab000 	C:\WINDOWS\SYSTEM32\kernel.appcore.dll
0x00007ffd49400000 - 0x00007ffd4940a000 	C:\Program Files\Android\Android Studio\jbr\bin\jimage.dll
0x00007ffd54570000 - 0x00007ffd547b1000 	C:\WINDOWS\SYSTEM32\DBGHELP.DLL
0x00007ffd58b80000 - 0x00007ffd58f05000 	C:\WINDOWS\System32\combase.dll
0x00007ffd59770000 - 0x00007ffd59851000 	C:\WINDOWS\System32\OLEAUT32.dll
0x00007ffd54820000 - 0x00007ffd54859000 	C:\WINDOWS\SYSTEM32\dbgcore.DLL
0x00007ffd571e0000 - 0x00007ffd57279000 	C:\WINDOWS\System32\bcryptPrimitives.dll
0x00007ffd47500000 - 0x00007ffd47520000 	C:\Program Files\Android\Android Studio\jbr\bin\java.dll
0x00007ffd47400000 - 0x00007ffd47418000 	C:\Program Files\Android\Android Studio\jbr\bin\zip.dll
0x00007ffd57cb0000 - 0x00007ffd583f2000 	C:\WINDOWS\System32\SHELL32.dll
0x00007ffd57280000 - 0x00007ffd573f4000 	C:\WINDOWS\System32\wintypes.dll
0x00007ffd54c30000 - 0x00007ffd55488000 	C:\WINDOWS\SYSTEM32\windows.storage.dll
0x00007ffd59a20000 - 0x00007ffd59b11000 	C:\WINDOWS\System32\SHCORE.dll
0x00007ffd59d00000 - 0x00007ffd59d6a000 	C:\WINDOWS\System32\shlwapi.dll
0x00007ffd56ee0000 - 0x00007ffd56f0f000 	C:\WINDOWS\SYSTEM32\profapi.dll
0x00007ffd472d0000 - 0x00007ffd472e0000 	C:\Program Files\Android\Android Studio\jbr\bin\net.dll
0x00007ffd48fb0000 - 0x00007ffd490ce000 	C:\WINDOWS\SYSTEM32\WINHTTP.dll
0x00007ffd56300000 - 0x00007ffd5636a000 	C:\WINDOWS\system32\mswsock.dll
0x00007ffd43ec0000 - 0x00007ffd43ed6000 	C:\Program Files\Android\Android Studio\jbr\bin\nio.dll
0x00007ffd475c0000 - 0x00007ffd475d0000 	C:\Program Files\Android\Android Studio\jbr\bin\verify.dll

dbghelp: loaded successfully - version: 4.0.5 - missing functions: none
symbol engine: initialized successfully - sym options: 0x614 - pdb path: .;C:\Program Files\Android\Android Studio\jbr\bin;C:\WINDOWS\SYSTEM32;C:\WINDOWS\WinSxS\amd64_microsoft.windows.common-controls_6595b64144ccf1df_6.0.26100.4202_none_3e0698d4e335f517;C:\Program Files\Android\Android Studio\jbr\bin\server

VM Arguments:
java_command: org.jetbrains.kotlin.cli.jvm.K2JVMCompiler @C:\Users\Ryan\AndroidStudioProjects\SobrevivaANoite\app\build\20250709_5210384778762012597.compiler.options
java_class_path (initial): C:\Users\Ryan\.gradle\caches\modules-2\files-2.1\org.jetbrains.kotlin\kotlin-compiler-embeddable\2.0.21\79346ed53db48b18312a472602eb5c057070c54d\kotlin-compiler-embeddable-2.0.21.jar;C:\Users\Ryan\.gradle\caches\modules-2\files-2.1\org.jetbrains.kotlin\kotlin-stdlib\2.0.21\618b539767b4899b4660a83006e052b63f1db551\kotlin-stdlib-2.0.21.jar;C:\Users\Ryan\.gradle\caches\modules-2\files-2.1\org.jetbrains.kotlin\kotlin-script-runtime\2.0.21\c9b044380ad41f89aa89aa896c2d32a8c0b2129d\kotlin-script-runtime-2.0.21.jar;C:\Users\Ryan\.gradle\caches\modules-2\files-2.1\org.jetbrains.kotlin\kotlin-reflect\1.6.10\1cbe9c92c12a94eea200d23c2bbaedaf3daf5132\kotlin-reflect-1.6.10.jar;C:\Users\Ryan\.gradle\caches\modules-2\files-2.1\org.jetbrains.kotlin\kotlin-daemon-embeddable\2.0.21\c9e933b23287de9b5a17e2116b4657bb91aea72c\kotlin-daemon-embeddable-2.0.21.jar;C:\Users\Ryan\.gradle\caches\modules-2\files-2.1\org.jetbrains.intellij.deps\trove4j\1.0.20200330\3afb14d5f9ceb459d724e907a21145e8ff394f02\trove4j-1.0.20200330.jar;C:\Users\Ryan\.gradle\caches\modules-2\files-2.1\org.jetbrains.kotlinx\kotlinx-coroutines-core-jvm\1.6.4\2c997cd1c0ef33f3e751d3831929aeff1390cb30\kotlinx-coroutines-core-jvm-1.6.4.jar;C:\Users\Ryan\.gradle\caches\modules-2\files-2.1\org.jetbrains\annotations\13.0\919f0dfe192fb4e063e7dacadee7f8bb9a2672a9\annotations-13.0.jar
Launcher Type: SUN_STANDARD

[Global flags]
     intx CICompilerCount                          = 3                                         {product} {ergonomic}
     uint ConcGCThreads                            = 1                                         {product} {ergonomic}
     uint G1ConcRefinementThreads                  = 4                                         {product} {ergonomic}
   size_t G1HeapRegionSize                         = 1048576                                   {product} {ergonomic}
    uintx GCDrainStackTargetSize                   = 64                                        {product} {ergonomic}
   size_t InitialHeapSize                          = 62914560                                  {product} {ergonomic}
   size_t MarkStackSize                            = 4194304                                   {product} {ergonomic}
   size_t MaxHeapSize                              = 1006632960                                {product} {ergonomic}
   size_t MaxNewSize                               = 603979776                                 {product} {ergonomic}
   size_t MinHeapDeltaBytes                        = 1048576                                   {product} {ergonomic}
   size_t MinHeapSize                              = 8388608                                   {product} {ergonomic}
    uintx NonNMethodCodeHeapSize                   = 5832780                                {pd product} {ergonomic}
    uintx NonProfiledCodeHeapSize                  = 122912730                              {pd product} {ergonomic}
    uintx ProfiledCodeHeapSize                     = 122912730                              {pd product} {ergonomic}
    uintx ReservedCodeCacheSize                    = 251658240                              {pd product} {ergonomic}
     bool SegmentedCodeCache                       = true                                      {product} {ergonomic}
   size_t SoftMaxHeapSize                          = 1006632960                             {manageable} {ergonomic}
     bool UseCompressedOops                        = true                           {product lp64_product} {ergonomic}
     bool UseG1GC                                  = true                                      {product} {ergonomic}
     bool UseLargePagesIndividualAllocation        = false                                  {pd product} {ergonomic}

Logging:
Log output configuration:
 #0: stdout all=warning uptime,level,tags foldmultilines=false
 #1: stderr all=off uptime,level,tags foldmultilines=false

Environment Variables:
JAVA_HOME=C:\Program Files\Java\jdk-21
PATH=C:\Program Files\Common Files\Oracle\Java\javapath;C:\WINDOWS\system32;C:\WINDOWS;C:\WINDOWS\System32\Wbem;C:\WINDOWS\System32\WindowsPowerShell\v1.0\;C:\WINDOWS\System32\OpenSSH\;C:\Program Files\Git\cmd;C:\Program Files\Docker\Docker\resources\bin;C:\Program Files\nodejs\;C:\Program Files\apache-maven-3.9.9\bin;C:\Program Files\Java\jdk-21\bin;C:\Users\Ryan\.cargo\bin;C:\Program Files\MySQL\MySQL Shell 8.0\bin\;C:\Users\Ryan\AppData\Local\Microsoft\WindowsApps;C:\Users\Ryan\AppData\Local\Programs\Microsoft VS Code\bin;C:\Users\Ryan\AppData\Roaming\npm;C:\Users\Ryan\AppData\Local\gitkraken\bin;C:\ffmpeg-7.0.2-essentials_build\bin;;C:\Program Files\JetBrains\IntelliJ IDEA 2024.3.1.1\bin;;C:\Users\Ryan\AppData\Local\Microsoft\WindowsApps
USERNAME=Ryan
OS=Windows_NT
PROCESSOR_IDENTIFIER=Intel64 Family 6 Model 140 Stepping 1, GenuineIntel
TMP=C:\Users\Ryan\AppData\Local\Temp
TEMP=C:\Users\Ryan\AppData\Local\Temp




Periodic native trim disabled

JNI global refs:
JNI global refs: 11, weak refs: 45

JNI global refs memory usage: 835, weak refs: 833

Process memory usage:
Resident Set Size: 304972K (7% of 3930916K total physical memory with 116556K free physical memory)

OOME stack traces (most recent first):
Classloader memory used:
Loader jdk.internal.loader.ClassLoaders$AppClassLoader                                 : 61557K
Loader bootstrap                                                                       : 11116K
Loader java.net.URLClassLoader                                                         : 1403K

---------------  S Y S T E M  ---------------

OS:
 Windows 11 , 64 bit Build 26100 (10.0.26100.4202)
OS uptime: 6 days 7:12 hours
Hyper-V role detected

CPU: total 4 (initial active 4) (2 cores per cpu, 2 threads per core) family 6 model 140 stepping 1 microcode 0xbc, cx8, cmov, fxsr, ht, mmx, 3dnowpref, sse, sse2, sse3, ssse3, sse4.1, sse4.2, popcnt, lzcnt, tsc, tscinvbit, avx, avx2, aes, erms, clmul, bmi1, bmi2, adx, avx512f, avx512dq, avx512cd, avx512bw, avx512vl, sha, fma, vzeroupper, avx512_vpopcntdq, avx512_vpclmulqdq, avx512_vaes, avx512_vnni, clflush, clflushopt, clwb, avx512_vbmi2, avx512_vbmi, hv, rdtscp, rdpid, fsrm, gfni, avx512_bitalg, f16c, cet_ibt, cet_ss, avx512_ifma
Processor Information for the first 4 processors :
  Max Mhz: 1997, Current Mhz: 1997, Mhz Limit: 1997

Memory: 4k page, system-wide physical 3838M (111M free)
TotalPageFile size 15614M (AvailPageFile size 0M)
current process WorkingSet (physical memory assigned to process): 292M, peak: 315M
current process commit charge ("private bytes"): 442M, peak: 442M

vm_info: OpenJDK 64-Bit Server VM (21.0.6+-13368085-b895.109) for windows-amd64 JRE (21.0.6+-13368085-b895.109), built on 2025-04-16T17:01:31Z by "builder" with MS VC++ 16.10 / 16.11 (VS2019)

END.
