#
# There is insufficient memory for the Java Runtime Environment to continue.
# Native memory allocation (mmap) failed to map 110100480 bytes. Error detail: G1 virtual space
# Possible reasons:
#   The system is out of physical RAM or swap space
#   This process is running with CompressedOops enabled, and the Java Heap may be blocking the growth of the native heap
# Possible solutions:
#   Reduce memory load on the system
#   Increase physical memory or swap space
#   Check if swap backing store is full
#   Decrease Java heap size (-Xmx/-Xms)
#   Decrease number of Java threads
#   Decrease Java thread stack sizes (-Xss)
#   Set larger code cache with -XX:ReservedCodeCacheSize=
#   JVM is running with Unscaled Compressed Oops mode in which the Java heap is
#     placed in the first 4GB address space. The Java Heap base address is the
#     maximum limit for the native heap growth. Please use -XX:HeapBaseMinAddress
#     to set the Java Heap base and to place the Java Heap above 4GB virtual address.
# This output file may be truncated or incomplete.
#
#  Out of Memory Error (os_windows.cpp:3898), pid=8740, tid=1020
#
# JRE version: OpenJDK Runtime Environment (21.0.6) (build 21.0.6+-13368085-b895.109)
# Java VM: OpenJDK 64-Bit Server VM (21.0.6+-13368085-b895.109, mixed mode, tiered, compressed oops, compressed class ptrs, g1 gc, windows-amd64)
# No core dump will be written. Minidumps are not enabled by default on client versions of Windows
#

---------------  S U M M A R Y ------------

Command Line: org.jetbrains.kotlin.cli.jvm.K2JVMCompiler @C:\Users\Ryan\AndroidStudioProjects\SobrevivaANoite\app\build\20250703_4644612355034521533.compiler.options

Host: Intel(R) Pentium(R) Gold 7505 @ 2.00GHz, 4 cores, 3G,  Windows 11 , 64 bit Build 26100 (10.0.26100.4202)
Time: Thu Jul  3 21:43:12 2025 Hora Padrão de Buenos Aires elapsed time: 6.310614 seconds (0d 0h 0m 6s)

---------------  T H R E A D  ---------------

Current thread (0x0000016b1f99a290):  VMThread "VM Thread"          [id=1020, stack(0x0000003a6fa00000,0x0000003a6fb00000) (1024K)]

Stack: [0x0000003a6fa00000,0x0000003a6fb00000]
Native frames: (J=compiled Java code, j=interpreted, Vv=VM code, C=native code)
V  [jvm.dll+0x6d0639]
V  [jvm.dll+0x85eb03]
V  [jvm.dll+0x86105e]
V  [jvm.dll+0x861743]
V  [jvm.dll+0x27e6e6]
V  [jvm.dll+0x6ccfd5]
V  [jvm.dll+0x6c0a8a]
V  [jvm.dll+0x35537b]
V  [jvm.dll+0x35cfd6]
V  [jvm.dll+0x3aef86]
V  [jvm.dll+0x3af258]
V  [jvm.dll+0x327a2c]
V  [jvm.dll+0x327ab7]
V  [jvm.dll+0x36d93c]
V  [jvm.dll+0x36c0ee]
V  [jvm.dll+0x327181]
V  [jvm.dll+0x36b7f0]
V  [jvm.dll+0x8674c8]
V  [jvm.dll+0x868844]
V  [jvm.dll+0x868d80]
V  [jvm.dll+0x869013]
V  [jvm.dll+0x806ed8]
V  [jvm.dll+0x6cef0d]
C  [ucrtbase.dll+0x37b0]
C  [KERNEL32.DLL+0x2e8d7]
C  [ntdll.dll+0x3c34c]

VM_Operation (0x0000003a6f3fa3d0): G1CollectForAllocation, mode: safepoint, requested by thread 0x0000016b07d3f6e0


---------------  P R O C E S S  ---------------

Threads class SMR info:
_java_thread_list=0x0000016b1fcb7110, length=11, elements={
0x0000016b07d3f6e0, 0x0000016b1f9adf80, 0x0000016b1fb2b5f0, 0x0000016b1fb2ceb0,
0x0000016b1fb09500, 0x0000016b1fb140f0, 0x0000016b1fb3df90, 0x0000016b1fb16b50,
0x0000016b1fb3e9e0, 0x0000016b1fcd8320, 0x0000016b1fce0f50
}

Java Threads: ( => current thread )
  0x0000016b07d3f6e0 JavaThread "main"                              [_thread_blocked, id=16152, stack(0x0000003a6f300000,0x0000003a6f400000) (1024K)]
  0x0000016b1f9adf80 JavaThread "Reference Handler"          daemon [_thread_blocked, id=2568, stack(0x0000003a6fb00000,0x0000003a6fc00000) (1024K)]
  0x0000016b1fb2b5f0 JavaThread "Finalizer"                  daemon [_thread_blocked, id=14624, stack(0x0000003a6fc00000,0x0000003a6fd00000) (1024K)]
  0x0000016b1fb2ceb0 JavaThread "Signal Dispatcher"          daemon [_thread_blocked, id=6280, stack(0x0000003a6fd00000,0x0000003a6fe00000) (1024K)]
  0x0000016b1fb09500 JavaThread "Attach Listener"            daemon [_thread_blocked, id=2440, stack(0x0000003a6fe00000,0x0000003a6ff00000) (1024K)]
  0x0000016b1fb140f0 JavaThread "Service Thread"             daemon [_thread_blocked, id=15988, stack(0x0000003a6ff00000,0x0000003a70000000) (1024K)]
  0x0000016b1fb3df90 JavaThread "Monitor Deflation Thread"   daemon [_thread_blocked, id=17776, stack(0x0000003a70000000,0x0000003a70100000) (1024K)]
  0x0000016b1fb16b50 JavaThread "C2 CompilerThread0"         daemon [_thread_blocked, id=17532, stack(0x0000003a70100000,0x0000003a70200000) (1024K)]
  0x0000016b1fb3e9e0 JavaThread "C1 CompilerThread0"         daemon [_thread_blocked, id=6492, stack(0x0000003a70200000,0x0000003a70300000) (1024K)]
  0x0000016b1fcd8320 JavaThread "Notification Thread"        daemon [_thread_blocked, id=10980, stack(0x0000003a70300000,0x0000003a70400000) (1024K)]
  0x0000016b1fce0f50 JavaThread "Common-Cleaner"             daemon [_thread_blocked, id=17736, stack(0x0000003a70400000,0x0000003a70500000) (1024K)]
Total: 11

Other Threads:
=>0x0000016b1f99a290 VMThread "VM Thread"                           [id=1020, stack(0x0000003a6fa00000,0x0000003a6fb00000) (1024K)]
  0x0000016b0a1f7840 WatcherThread "VM Periodic Task Thread"        [id=13296, stack(0x0000003a6f900000,0x0000003a6fa00000) (1024K)]
  0x0000016b0a1702b0 WorkerThread "GC Thread#0"                     [id=18412, stack(0x0000003a6f400000,0x0000003a6f500000) (1024K)]
  0x0000016b240469c0 WorkerThread "GC Thread#1"                     [id=8480, stack(0x0000003a70500000,0x0000003a70600000) (1024K)]
  0x0000016b2437f230 WorkerThread "GC Thread#2"                     [id=16208, stack(0x0000003a70600000,0x0000003a70700000) (1024K)]
  0x0000016b2437f5d0 WorkerThread "GC Thread#3"                     [id=16220, stack(0x0000003a70700000,0x0000003a70800000) (1024K)]
  0x0000016b0a1797e0 ConcurrentGCThread "G1 Main Marker"            [id=16376, stack(0x0000003a6f500000,0x0000003a6f600000) (1024K)]
  0x0000016b0a17b0a0 WorkerThread "G1 Conc#0"                       [id=14768, stack(0x0000003a6f600000,0x0000003a6f700000) (1024K)]
  0x0000016b0a1e8300 ConcurrentGCThread "G1 Refine#0"               [id=18260, stack(0x0000003a6f700000,0x0000003a6f800000) (1024K)]
  0x0000016b0a1e8c20 ConcurrentGCThread "G1 Service"                [id=10504, stack(0x0000003a6f800000,0x0000003a6f900000) (1024K)]
Total: 10

Threads with active compile tasks:
C2 CompilerThread0  6360 5424       4       org.jetbrains.kotlin.load.kotlin.FileBasedKotlinClass::resolveNameByInternalName (178 bytes)
Total: 1

VM state: at safepoint (normal execution)

VM Mutex/Monitor currently owned by a thread:  ([mutex/lock_event])
[0x00007ffceb62e3a0] Threads_lock - owner thread: 0x0000016b1f99a290
[0x00007ffceb62e4a0] Heap_lock - owner thread: 0x0000016b07d3f6e0

Heap address: 0x00000000c4000000, size: 960 MB, Compressed Oops mode: 32-bit

CDS archive(s) not mapped
Compressed class space mapped at: 0x0000000100000000-0x0000000140000000, reserved size: 1073741824
Narrow klass base: 0x0000000000000000, Narrow klass shift: 3, Narrow klass range: 0x140000000

GC Precious Log:
 CardTable entry size: 512
 Card Set container configuration: InlinePtr #cards 5 size 8 Array Of Cards #cards 12 size 40 Howl #buckets 4 coarsen threshold 1843 Howl Bitmap #cards 512 size 80 coarsen threshold 460 Card regions per heap region 1 cards per card region 2048
 CPUs: 4 total, 4 available
 Memory: 3838M
 Large Page Support: Disabled
 NUMA Support: Disabled
 Compressed Oops: Enabled (32-bit)
 Heap Region Size: 1M
 Heap Min Capacity: 8M
 Heap Initial Capacity: 60M
 Heap Max Capacity: 960M
 Pre-touch: Disabled
 Parallel Workers: 4
 Concurrent Workers: 1
 Concurrent Refinement Workers: 4
 Periodic GC: Disabled

Heap:
 garbage-first heap   total 83968K, used 55144K [0x00000000c4000000, 0x0000000100000000)
  region size 1024K, 3 young (3072K), 3 survivors (3072K)
 Metaspace       used 54789K, committed 55040K, reserved 1114112K
  class space    used 6152K, committed 6272K, reserved 1048576K

Heap Regions: E=young(eden), S=young(survivor), O=old, HS=humongous(starts), HC=humongous(continues), CS=collection set, F=free, TAMS=top-at-mark-start, PB=parsable bottom
|   0|0x00000000c4000000, 0x00000000c4100000, 0x00000000c4100000|100%|HS|  |TAMS 0x00000000c4000000| PB 0x00000000c4000000| Complete 
|   1|0x00000000c4100000, 0x00000000c4200000, 0x00000000c4200000|100%|HC|  |TAMS 0x00000000c4100000| PB 0x00000000c4100000| Complete 
|   2|0x00000000c4200000, 0x00000000c4300000, 0x00000000c4300000|100%|HC|  |TAMS 0x00000000c4200000| PB 0x00000000c4200000| Complete 
|   3|0x00000000c4300000, 0x00000000c4400000, 0x00000000c4400000|100%| O|  |TAMS 0x00000000c4300000| PB 0x00000000c4300000| Untracked 
|   4|0x00000000c4400000, 0x00000000c4500000, 0x00000000c4500000|100%| O|  |TAMS 0x00000000c4400000| PB 0x00000000c4400000| Untracked 
|   5|0x00000000c4500000, 0x00000000c4600000, 0x00000000c4600000|100%| O|  |TAMS 0x00000000c4500000| PB 0x00000000c4500000| Untracked 
|   6|0x00000000c4600000, 0x00000000c4700000, 0x00000000c4700000|100%| O|  |TAMS 0x00000000c4600000| PB 0x00000000c4600000| Untracked 
|   7|0x00000000c4700000, 0x00000000c4800000, 0x00000000c4800000|100%| O|  |TAMS 0x00000000c4700000| PB 0x00000000c4700000| Untracked 
|   8|0x00000000c4800000, 0x00000000c4900000, 0x00000000c4900000|100%| O|  |TAMS 0x00000000c4800000| PB 0x00000000c4800000| Untracked 
|   9|0x00000000c4900000, 0x00000000c4a00000, 0x00000000c4a00000|100%| O|  |TAMS 0x00000000c4900000| PB 0x00000000c4900000| Untracked 
|  10|0x00000000c4a00000, 0x00000000c4b00000, 0x00000000c4b00000|100%| O|  |TAMS 0x00000000c4a00000| PB 0x00000000c4a00000| Untracked 
|  11|0x00000000c4b00000, 0x00000000c4c00000, 0x00000000c4c00000|100%| O|  |TAMS 0x00000000c4b00000| PB 0x00000000c4b00000| Untracked 
|  12|0x00000000c4c00000, 0x00000000c4d00000, 0x00000000c4d00000|100%| O|  |TAMS 0x00000000c4c00000| PB 0x00000000c4c00000| Untracked 
|  13|0x00000000c4d00000, 0x00000000c4e00000, 0x00000000c4e00000|100%| O|  |TAMS 0x00000000c4d00000| PB 0x00000000c4d00000| Untracked 
|  14|0x00000000c4e00000, 0x00000000c4f00000, 0x00000000c4f00000|100%| O|  |TAMS 0x00000000c4e00000| PB 0x00000000c4e00000| Untracked 
|  15|0x00000000c4f00000, 0x00000000c5000000, 0x00000000c5000000|100%| O|  |TAMS 0x00000000c4f00000| PB 0x00000000c4f00000| Untracked 
|  16|0x00000000c5000000, 0x00000000c5100000, 0x00000000c5100000|100%| O|  |TAMS 0x00000000c5000000| PB 0x00000000c5000000| Untracked 
|  17|0x00000000c5100000, 0x00000000c5200000, 0x00000000c5200000|100%| O|  |TAMS 0x00000000c5100000| PB 0x00000000c5100000| Untracked 
|  18|0x00000000c5200000, 0x00000000c5300000, 0x00000000c5300000|100%| O|  |TAMS 0x00000000c5200000| PB 0x00000000c5200000| Untracked 
|  19|0x00000000c5300000, 0x00000000c5400000, 0x00000000c5400000|100%| O|  |TAMS 0x00000000c5300000| PB 0x00000000c5300000| Untracked 
|  20|0x00000000c5400000, 0x00000000c5500000, 0x00000000c5500000|100%| O|  |TAMS 0x00000000c5400000| PB 0x00000000c5400000| Untracked 
|  21|0x00000000c5500000, 0x00000000c5600000, 0x00000000c5600000|100%| O|  |TAMS 0x00000000c5500000| PB 0x00000000c5500000| Untracked 
|  22|0x00000000c5600000, 0x00000000c5700000, 0x00000000c5700000|100%| O|  |TAMS 0x00000000c5600000| PB 0x00000000c5600000| Untracked 
|  23|0x00000000c5700000, 0x00000000c5800000, 0x00000000c5800000|100%|HS|  |TAMS 0x00000000c5700000| PB 0x00000000c5700000| Complete 
|  24|0x00000000c5800000, 0x00000000c5900000, 0x00000000c5900000|100%| O|  |TAMS 0x00000000c5800000| PB 0x00000000c5800000| Untracked 
|  25|0x00000000c5900000, 0x00000000c5a00000, 0x00000000c5a00000|100%| O|  |TAMS 0x00000000c5900000| PB 0x00000000c5900000| Untracked 
|  26|0x00000000c5a00000, 0x00000000c5b00000, 0x00000000c5b00000|100%| O|  |TAMS 0x00000000c5a00000| PB 0x00000000c5a00000| Untracked 
|  27|0x00000000c5b00000, 0x00000000c5c00000, 0x00000000c5c00000|100%| O|  |TAMS 0x00000000c5b00000| PB 0x00000000c5b00000| Untracked 
|  28|0x00000000c5c00000, 0x00000000c5d00000, 0x00000000c5d00000|100%| O|  |TAMS 0x00000000c5c00000| PB 0x00000000c5c00000| Untracked 
|  29|0x00000000c5d00000, 0x00000000c5e00000, 0x00000000c5e00000|100%| O|  |TAMS 0x00000000c5d00000| PB 0x00000000c5d00000| Untracked 
|  30|0x00000000c5e00000, 0x00000000c5f00000, 0x00000000c5f00000|100%| O|  |TAMS 0x00000000c5e00000| PB 0x00000000c5e00000| Untracked 
|  31|0x00000000c5f00000, 0x00000000c6000000, 0x00000000c6000000|100%| O|  |TAMS 0x00000000c5f00000| PB 0x00000000c5f00000| Untracked 
|  32|0x00000000c6000000, 0x00000000c6100000, 0x00000000c6100000|100%| O|  |TAMS 0x00000000c6000000| PB 0x00000000c6000000| Untracked 
|  33|0x00000000c6100000, 0x00000000c6200000, 0x00000000c6200000|100%| O|  |TAMS 0x00000000c6100000| PB 0x00000000c6100000| Untracked 
|  34|0x00000000c6200000, 0x00000000c6300000, 0x00000000c6300000|100%| O|  |TAMS 0x00000000c6200000| PB 0x00000000c6200000| Untracked 
|  35|0x00000000c6300000, 0x00000000c6300000, 0x00000000c6400000|  0%| F|  |TAMS 0x00000000c6300000| PB 0x00000000c6300000| Untracked 
|  36|0x00000000c6400000, 0x00000000c6500000, 0x00000000c6500000|100%| O|  |TAMS 0x00000000c6400000| PB 0x00000000c6400000| Untracked 
|  37|0x00000000c6500000, 0x00000000c6600000, 0x00000000c6600000|100%| O|  |TAMS 0x00000000c6500000| PB 0x00000000c6500000| Untracked 
|  38|0x00000000c6600000, 0x00000000c6700000, 0x00000000c6700000|100%| O|  |TAMS 0x00000000c6600000| PB 0x00000000c6600000| Untracked 
|  39|0x00000000c6700000, 0x00000000c6800000, 0x00000000c6800000|100%| O|  |TAMS 0x00000000c6700000| PB 0x00000000c6700000| Untracked 
|  40|0x00000000c6800000, 0x00000000c6900000, 0x00000000c6900000|100%| O|  |TAMS 0x00000000c6800000| PB 0x00000000c6800000| Untracked 
|  41|0x00000000c6900000, 0x00000000c6a00000, 0x00000000c6a00000|100%| O|  |TAMS 0x00000000c6900000| PB 0x00000000c6900000| Untracked 
|  42|0x00000000c6a00000, 0x00000000c6b00000, 0x00000000c6b00000|100%| O|  |TAMS 0x00000000c6a00000| PB 0x00000000c6a00000| Untracked 
|  43|0x00000000c6b00000, 0x00000000c6c00000, 0x00000000c6c00000|100%| O|  |TAMS 0x00000000c6b00000| PB 0x00000000c6b00000| Untracked 
|  44|0x00000000c6c00000, 0x00000000c6d00000, 0x00000000c6d00000|100%| O|  |TAMS 0x00000000c6c00000| PB 0x00000000c6c00000| Untracked 
|  45|0x00000000c6d00000, 0x00000000c6e00000, 0x00000000c6e00000|100%| O|  |TAMS 0x00000000c6d00000| PB 0x00000000c6d00000| Untracked 
|  46|0x00000000c6e00000, 0x00000000c6f00000, 0x00000000c6f00000|100%| O|  |TAMS 0x00000000c6e00000| PB 0x00000000c6e00000| Untracked 
|  47|0x00000000c6f00000, 0x00000000c6fda200, 0x00000000c7000000| 85%| O|  |TAMS 0x00000000c6f00000| PB 0x00000000c6f00000| Untracked 
|  48|0x00000000c7000000, 0x00000000c7000000, 0x00000000c7100000|  0%| F|  |TAMS 0x00000000c7000000| PB 0x00000000c7000000| Untracked 
|  49|0x00000000c7100000, 0x00000000c7100000, 0x00000000c7200000|  0%| F|  |TAMS 0x00000000c7100000| PB 0x00000000c7100000| Untracked 
|  50|0x00000000c7200000, 0x00000000c7200000, 0x00000000c7300000|  0%| F|  |TAMS 0x00000000c7200000| PB 0x00000000c7200000| Untracked 
|  51|0x00000000c7300000, 0x00000000c7300000, 0x00000000c7400000|  0%| F|  |TAMS 0x00000000c7300000| PB 0x00000000c7300000| Untracked 
|  52|0x00000000c7400000, 0x00000000c7400000, 0x00000000c7500000|  0%| F|  |TAMS 0x00000000c7400000| PB 0x00000000c7400000| Untracked 
|  53|0x00000000c7500000, 0x00000000c7600000, 0x00000000c7600000|100%| S|CS|TAMS 0x00000000c7500000| PB 0x00000000c7500000| Complete 
|  54|0x00000000c7600000, 0x00000000c7700000, 0x00000000c7700000|100%| S|CS|TAMS 0x00000000c7600000| PB 0x00000000c7600000| Complete 
|  55|0x00000000c7700000, 0x00000000c7800000, 0x00000000c7800000|100%| S|CS|TAMS 0x00000000c7700000| PB 0x00000000c7700000| Complete 
|  56|0x00000000c7800000, 0x00000000c7800000, 0x00000000c7900000|  0%| F|  |TAMS 0x00000000c7800000| PB 0x00000000c7800000| Untracked 
|  57|0x00000000c7900000, 0x00000000c7900000, 0x00000000c7a00000|  0%| F|  |TAMS 0x00000000c7900000| PB 0x00000000c7900000| Untracked 
|  58|0x00000000c7a00000, 0x00000000c7a00000, 0x00000000c7b00000|  0%| F|  |TAMS 0x00000000c7a00000| PB 0x00000000c7a00000| Untracked 
|  59|0x00000000c7b00000, 0x00000000c7b00000, 0x00000000c7c00000|  0%| F|  |TAMS 0x00000000c7b00000| PB 0x00000000c7b00000| Untracked 
|  60|0x00000000c7c00000, 0x00000000c7c00000, 0x00000000c7d00000|  0%| F|  |TAMS 0x00000000c7c00000| PB 0x00000000c7c00000| Untracked 
|  61|0x00000000c7d00000, 0x00000000c7d00000, 0x00000000c7e00000|  0%| F|  |TAMS 0x00000000c7d00000| PB 0x00000000c7d00000| Untracked 
|  62|0x00000000c7e00000, 0x00000000c7e00000, 0x00000000c7f00000|  0%| F|  |TAMS 0x00000000c7e00000| PB 0x00000000c7e00000| Untracked 
|  63|0x00000000c7f00000, 0x00000000c7f00000, 0x00000000c8000000|  0%| F|  |TAMS 0x00000000c7f00000| PB 0x00000000c7f00000| Untracked 
|  64|0x00000000c8000000, 0x00000000c8000000, 0x00000000c8100000|  0%| F|  |TAMS 0x00000000c8000000| PB 0x00000000c8000000| Untracked 
|  65|0x00000000c8100000, 0x00000000c8100000, 0x00000000c8200000|  0%| F|  |TAMS 0x00000000c8100000| PB 0x00000000c8100000| Untracked 
|  66|0x00000000c8200000, 0x00000000c8200000, 0x00000000c8300000|  0%| F|  |TAMS 0x00000000c8200000| PB 0x00000000c8200000| Untracked 
|  67|0x00000000c8300000, 0x00000000c8300000, 0x00000000c8400000|  0%| F|  |TAMS 0x00000000c8300000| PB 0x00000000c8300000| Untracked 
|  68|0x00000000c8400000, 0x00000000c8400000, 0x00000000c8500000|  0%| F|  |TAMS 0x00000000c8400000| PB 0x00000000c8400000| Untracked 
|  69|0x00000000c8500000, 0x00000000c8500000, 0x00000000c8600000|  0%| F|  |TAMS 0x00000000c8500000| PB 0x00000000c8500000| Untracked 
|  70|0x00000000c8600000, 0x00000000c8600000, 0x00000000c8700000|  0%| F|  |TAMS 0x00000000c8600000| PB 0x00000000c8600000| Untracked 
|  71|0x00000000c8700000, 0x00000000c8700000, 0x00000000c8800000|  0%| F|  |TAMS 0x00000000c8700000| PB 0x00000000c8700000| Untracked 
|  72|0x00000000c8800000, 0x00000000c8800000, 0x00000000c8900000|  0%| F|  |TAMS 0x00000000c8800000| PB 0x00000000c8800000| Untracked 
|  73|0x00000000c8900000, 0x00000000c8900000, 0x00000000c8a00000|  0%| F|  |TAMS 0x00000000c8900000| PB 0x00000000c8900000| Untracked 
|  74|0x00000000c8a00000, 0x00000000c8a00000, 0x00000000c8b00000|  0%| F|  |TAMS 0x00000000c8a00000| PB 0x00000000c8a00000| Untracked 
|  75|0x00000000c8b00000, 0x00000000c8b00000, 0x00000000c8c00000|  0%| F|  |TAMS 0x00000000c8b00000| PB 0x00000000c8b00000| Untracked 
|  76|0x00000000c8c00000, 0x00000000c8c00000, 0x00000000c8d00000|  0%| F|  |TAMS 0x00000000c8c00000| PB 0x00000000c8c00000| Untracked 
|  77|0x00000000c8d00000, 0x00000000c8d00000, 0x00000000c8e00000|  0%| F|  |TAMS 0x00000000c8d00000| PB 0x00000000c8d00000| Untracked 
| 956|0x00000000ffc00000, 0x00000000ffd00000, 0x00000000ffd00000|100%| O|  |TAMS 0x00000000ffc00000| PB 0x00000000ffc00000| Untracked 
| 957|0x00000000ffd00000, 0x00000000ffe00000, 0x00000000ffe00000|100%| O|  |TAMS 0x00000000ffd00000| PB 0x00000000ffd00000| Untracked 
| 958|0x00000000ffe00000, 0x00000000fff00000, 0x00000000fff00000|100%| O|  |TAMS 0x00000000ffe00000| PB 0x00000000ffe00000| Untracked 
| 959|0x00000000fff00000, 0x0000000100000000, 0x0000000100000000|100%| O|  |TAMS 0x00000000fff00000| PB 0x00000000fff00000| Untracked 

Card table byte_map: [0x0000016b1c290000,0x0000016b1c470000] _byte_map_base: 0x0000016b1bc70000

Marking Bits: (CMBitMap*) 0x0000016b0a1708c0
 Bits: [0x0000016b1c470000, 0x0000016b1d370000)

Polling page: 0x0000016b09720000

Metaspace:

Usage:
  Non-class:     47.50 MB used.
      Class:      6.01 MB used.
       Both:     53.51 MB used.

Virtual space:
  Non-class space:       64.00 MB reserved,      47.62 MB ( 74%) committed,  1 nodes.
      Class space:        1.00 GB reserved,       6.12 MB ( <1%) committed,  1 nodes.
             Both:        1.06 GB reserved,      53.75 MB (  5%) committed. 

Chunk freelists:
   Non-Class:  16.00 KB
       Class:  9.82 MB
        Both:  9.83 MB

MaxMetaspaceSize: unlimited
CompressedClassSpaceSize: 1.00 GB
Initial GC threshold: 21.00 MB
Current GC threshold: 87.81 MB
CDS: off
 - commit_granule_bytes: 65536.
 - commit_granule_words: 8192.
 - virtual_space_node_default_size: 8388608.
 - enlarge_chunks_in_place: 1.
 - use_allocation_guard: 0.


Internal statistics:

num_allocs_failed_limit: 6.
num_arena_births: 262.
num_arena_deaths: 0.
num_vsnodes_births: 2.
num_vsnodes_deaths: 0.
num_space_committed: 858.
num_space_uncommitted: 0.
num_chunks_returned_to_freelist: 6.
num_chunks_taken_from_freelist: 1897.
num_chunk_merges: 6.
num_chunk_splits: 1557.
num_chunks_enlarged: 1409.
num_inconsistent_stats: 0.

CodeHeap 'non-profiled nmethods': size=120000Kb used=2182Kb max_used=2182Kb free=117817Kb
 bounds [0x0000016b14d60000, 0x0000016b14fd0000, 0x0000016b1c290000]
CodeHeap 'profiled nmethods': size=120000Kb used=11501Kb max_used=11501Kb free=108498Kb
 bounds [0x0000016b0d290000, 0x0000016b0ddd0000, 0x0000016b147c0000]
CodeHeap 'non-nmethods': size=5760Kb used=1800Kb max_used=1819Kb free=3959Kb
 bounds [0x0000016b147c0000, 0x0000016b14a30000, 0x0000016b14d60000]
 total_blobs=5624 nmethods=4954 adapters=573
 compilation: enabled
              stopped_count=0, restarted_count=0
 full_count=0

Compilation events (20 events):
Event: 6.153 Thread 0x0000016b1fb3e9e0 5485       3       org.jetbrains.kotlin.fir.types.ConeTypeContext::typeConstructor (36 bytes)
Event: 6.153 Thread 0x0000016b1fb3e9e0 nmethod 5485 0x0000016b0ddc3c10 code [0x0000016b0ddc3e80, 0x0000016b0ddc4758]
Event: 6.153 Thread 0x0000016b1fb3e9e0 5486       3       org.jetbrains.kotlin.fir.types.ConeTypeUtilsKt::getConstructor (145 bytes)
Event: 6.154 Thread 0x0000016b1fb3e9e0 nmethod 5486 0x0000016b0ddc4a90 code [0x0000016b0ddc4da0, 0x0000016b0ddc6388]
Event: 6.154 Thread 0x0000016b1fb3e9e0 5487       3       org.jetbrains.kotlin.types.model.TypeSystemContext::typeConstructor (32 bytes)
Event: 6.154 Thread 0x0000016b1fb3e9e0 nmethod 5487 0x0000016b0ddc6790 code [0x0000016b0ddc69e0, 0x0000016b0ddc7200]
Event: 6.154 Thread 0x0000016b1fb3e9e0 5489       3       org.jetbrains.kotlin.utils.SmartSet::contains (79 bytes)
Event: 6.156 Thread 0x0000016b1fb3e9e0 nmethod 5489 0x0000016b0ddc7490 code [0x0000016b0ddc7800, 0x0000016b0ddc8d40]
Event: 6.156 Thread 0x0000016b1fb3e9e0 5490       3       org.jetbrains.kotlin.fir.declarations.impl.FirResolvedImportImpl::transformChildren (10 bytes)
Event: 6.156 Thread 0x0000016b1fb3e9e0 nmethod 5490 0x0000016b0ddc9410 code [0x0000016b0ddc9640, 0x0000016b0ddc9c38]
Event: 6.156 Thread 0x0000016b1fb3e9e0 5491       3       org.jetbrains.kotlin.fir.declarations.impl.FirResolvedImportImpl::transformChildren (8 bytes)
Event: 6.157 Thread 0x0000016b1fb3e9e0 nmethod 5491 0x0000016b0ddc9e90 code [0x0000016b0ddca0a0, 0x0000016b0ddca620]
Event: 6.157 Thread 0x0000016b1fb3e9e0 5488       3       org.jetbrains.kotlin.resolve.calls.inference.model.MutableVariableWithConstraints::getRawConstraintsCount (8 bytes)
Event: 6.157 Thread 0x0000016b1fb3e9e0 nmethod 5488 0x0000016b0ddca890 code [0x0000016b0ddcaa20, 0x0000016b0ddcab50]
Event: 6.157 Thread 0x0000016b1fb3e9e0 5492       1       org.jetbrains.kotlin.fir.resolve.transformers.body.resolve.FirBodyResolveTransformer::getExpressionsTransformer (5 bytes)
Event: 6.157 Thread 0x0000016b1fb3e9e0 nmethod 5492 0x0000016b14f81490 code [0x0000016b14f81620, 0x0000016b14f816e8]
Event: 6.157 Thread 0x0000016b1fb3e9e0 5493       1       org.jetbrains.kotlin.com.intellij.util.containers.LinkedCustomHashMap$Entry::access$000 (5 bytes)
Event: 6.157 Thread 0x0000016b1fb3e9e0 nmethod 5493 0x0000016b14f81790 code [0x0000016b14f81920, 0x0000016b14f819d0]
Event: 6.158 Thread 0x0000016b1fb3e9e0 5494       3       org.jetbrains.kotlin.resolve.jvm.JvmClassName::internalNameByClassId (81 bytes)
Event: 6.158 Thread 0x0000016b1fb3e9e0 nmethod 5494 0x0000016b0ddcac10 code [0x0000016b0ddcaf00, 0x0000016b0ddcbb30]

GC Heap History (20 events):
Event: 3.906 GC heap after
{Heap after GC invocations=11 (full 0):
 garbage-first heap   total 47104K, used 21598K [0x00000000c4000000, 0x0000000100000000)
  region size 1024K, 3 young (3072K), 3 survivors (3072K)
 Metaspace       used 45239K, committed 45504K, reserved 1114112K
  class space    used 5219K, committed 5376K, reserved 1048576K
}
Event: 4.270 GC heap before
{Heap before GC invocations=11 (full 0):
 garbage-first heap   total 47104K, used 39006K [0x00000000c4000000, 0x0000000100000000)
  region size 1024K, 20 young (20480K), 3 survivors (3072K)
 Metaspace       used 48472K, committed 48832K, reserved 1114112K
  class space    used 5541K, committed 5696K, reserved 1048576K
}
Event: 4.281 GC heap after
{Heap after GC invocations=12 (full 0):
 garbage-first heap   total 47104K, used 24229K [0x00000000c4000000, 0x0000000100000000)
  region size 1024K, 3 young (3072K), 3 survivors (3072K)
 Metaspace       used 48472K, committed 48832K, reserved 1114112K
  class space    used 5541K, committed 5696K, reserved 1048576K
}
Event: 4.636 GC heap before
{Heap before GC invocations=12 (full 0):
 garbage-first heap   total 47104K, used 39589K [0x00000000c4000000, 0x0000000100000000)
  region size 1024K, 18 young (18432K), 3 survivors (3072K)
 Metaspace       used 49455K, committed 49728K, reserved 1114112K
  class space    used 5626K, committed 5760K, reserved 1048576K
}
Event: 4.648 GC heap after
{Heap after GC invocations=13 (full 0):
 garbage-first heap   total 47104K, used 28672K [0x00000000c4000000, 0x0000000100000000)
  region size 1024K, 3 young (3072K), 3 survivors (3072K)
 Metaspace       used 49455K, committed 49728K, reserved 1114112K
  class space    used 5626K, committed 5760K, reserved 1048576K
}
Event: 4.956 GC heap before
{Heap before GC invocations=14 (full 0):
 garbage-first heap   total 48128K, used 39936K [0x00000000c4000000, 0x0000000100000000)
  region size 1024K, 14 young (14336K), 3 survivors (3072K)
 Metaspace       used 49957K, committed 50304K, reserved 1114112K
  class space    used 5666K, committed 5824K, reserved 1048576K
}
Event: 4.965 GC heap after
{Heap after GC invocations=15 (full 0):
 garbage-first heap   total 48128K, used 31045K [0x00000000c4000000, 0x0000000100000000)
  region size 1024K, 2 young (2048K), 2 survivors (2048K)
 Metaspace       used 49957K, committed 50304K, reserved 1114112K
  class space    used 5666K, committed 5824K, reserved 1048576K
}
Event: 4.990 GC heap before
{Heap before GC invocations=15 (full 0):
 garbage-first heap   total 48128K, used 41285K [0x00000000c4000000, 0x0000000100000000)
  region size 1024K, 12 young (12288K), 2 survivors (2048K)
 Metaspace       used 49983K, committed 50304K, reserved 1114112K
  class space    used 5667K, committed 5824K, reserved 1048576K
}
Event: 5.000 GC heap after
{Heap after GC invocations=16 (full 0):
 garbage-first heap   total 60416K, used 35640K [0x00000000c4000000, 0x0000000100000000)
  region size 1024K, 2 young (2048K), 2 survivors (2048K)
 Metaspace       used 49983K, committed 50304K, reserved 1114112K
  class space    used 5667K, committed 5824K, reserved 1048576K
}
Event: 5.073 GC heap before
{Heap before GC invocations=16 (full 0):
 garbage-first heap   total 60416K, used 48952K [0x00000000c4000000, 0x0000000100000000)
  region size 1024K, 16 young (16384K), 2 survivors (2048K)
 Metaspace       used 50041K, committed 50368K, reserved 1114112K
  class space    used 5667K, committed 5824K, reserved 1048576K
}
Event: 5.081 GC heap after
{Heap after GC invocations=17 (full 0):
 garbage-first heap   total 60416K, used 40740K [0x00000000c4000000, 0x0000000100000000)
  region size 1024K, 2 young (2048K), 2 survivors (2048K)
 Metaspace       used 50041K, committed 50368K, reserved 1114112K
  class space    used 5667K, committed 5824K, reserved 1048576K
}
Event: 5.189 GC heap before
{Heap before GC invocations=18 (full 0):
 garbage-first heap   total 68608K, used 50980K [0x00000000c4000000, 0x0000000100000000)
  region size 1024K, 12 young (12288K), 2 survivors (2048K)
 Metaspace       used 50197K, committed 50496K, reserved 1114112K
  class space    used 5674K, committed 5824K, reserved 1048576K
}
Event: 5.195 GC heap after
{Heap after GC invocations=19 (full 0):
 garbage-first heap   total 68608K, used 43835K [0x00000000c4000000, 0x0000000100000000)
  region size 1024K, 2 young (2048K), 2 survivors (2048K)
 Metaspace       used 50197K, committed 50496K, reserved 1114112K
  class space    used 5674K, committed 5824K, reserved 1048576K
}
Event: 5.286 GC heap before
{Heap before GC invocations=19 (full 0):
 garbage-first heap   total 68608K, used 57147K [0x00000000c4000000, 0x0000000100000000)
  region size 1024K, 16 young (16384K), 2 survivors (2048K)
 Metaspace       used 50611K, committed 50944K, reserved 1114112K
  class space    used 5740K, committed 5888K, reserved 1048576K
}
Event: 5.293 GC heap after
{Heap after GC invocations=20 (full 0):
 garbage-first heap   total 68608K, used 47001K [0x00000000c4000000, 0x0000000100000000)
  region size 1024K, 2 young (2048K), 2 survivors (2048K)
 Metaspace       used 50611K, committed 50944K, reserved 1114112K
  class space    used 5740K, committed 5888K, reserved 1048576K
}
Event: 5.536 GC heap before
{Heap before GC invocations=20 (full 0):
 garbage-first heap   total 68608K, used 58265K [0x00000000c4000000, 0x0000000100000000)
  region size 1024K, 14 young (14336K), 2 survivors (2048K)
 Metaspace       used 53287K, committed 53568K, reserved 1114112K
  class space    used 6027K, committed 6144K, reserved 1048576K
}
Event: 5.540 GC heap after
{Heap after GC invocations=21 (full 0):
 garbage-first heap   total 68608K, used 48890K [0x00000000c4000000, 0x0000000100000000)
  region size 1024K, 2 young (2048K), 2 survivors (2048K)
 Metaspace       used 53287K, committed 53568K, reserved 1114112K
  class space    used 6027K, committed 6144K, reserved 1048576K
}
Event: 5.739 GC heap before
{Heap before GC invocations=22 (full 0):
 garbage-first heap   total 83968K, used 60154K [0x00000000c4000000, 0x0000000100000000)
  region size 1024K, 13 young (13312K), 2 survivors (2048K)
 Metaspace       used 53790K, committed 54080K, reserved 1114112K
  class space    used 6083K, committed 6208K, reserved 1048576K
}
Event: 5.748 GC heap after
{Heap after GC invocations=23 (full 0):
 garbage-first heap   total 83968K, used 51923K [0x00000000c4000000, 0x0000000100000000)
  region size 1024K, 2 young (2048K), 2 survivors (2048K)
 Metaspace       used 53790K, committed 54080K, reserved 1114112K
  class space    used 6083K, committed 6208K, reserved 1048576K
}
Event: 6.159 GC heap before
{Heap before GC invocations=23 (full 0):
 garbage-first heap   total 83968K, used 72403K [0x00000000c4000000, 0x0000000100000000)
  region size 1024K, 22 young (22528K), 2 survivors (2048K)
 Metaspace       used 54789K, committed 55040K, reserved 1114112K
  class space    used 6152K, committed 6272K, reserved 1048576K
}

Dll operation events (3 events):
Event: 0.008 Loaded shared library C:\Program Files\Android\Android Studio\jbr\bin\java.dll
Event: 0.013 Loaded shared library C:\Program Files\Android\Android Studio\jbr\bin\zip.dll
Event: 1.175 Loaded shared library C:\Program Files\Android\Android Studio\jbr\bin\verify.dll

Deoptimization events (20 events):
Event: 6.152 Thread 0x0000016b07d3f6e0 Uncommon trap: trap_request=0xffffffde fr.pc=0x0000016b14f6be7c relative=0x000000000000019c
Event: 6.152 Thread 0x0000016b07d3f6e0 Uncommon trap: reason=class_check action=maybe_recompile pc=0x0000016b14f6be7c method=org.jetbrains.kotlin.fir.types.ConeTypeUtilsKt.getConstructor(Lorg/jetbrains/kotlin/fir/types/ConeSimpleKotlinType;)Lorg/jetbrains/kotlin/types/model/TypeConstructorMark
Event: 6.152 Thread 0x0000016b07d3f6e0 DEOPT PACKING pc=0x0000016b14f6be7c sp=0x0000003a6f3fa3a0
Event: 6.152 Thread 0x0000016b07d3f6e0 DEOPT UNPACKING pc=0x0000016b14817da2 sp=0x0000003a6f3fa2c0 mode 2
Event: 6.152 Thread 0x0000016b07d3f6e0 Uncommon trap: trap_request=0xffffffde fr.pc=0x0000016b14f65d70 relative=0x0000000000000af0
Event: 6.152 Thread 0x0000016b07d3f6e0 Uncommon trap: reason=class_check action=maybe_recompile pc=0x0000016b14f65d70 method=org.jetbrains.kotlin.fir.types.ConeTypeUtilsKt.getConstructor(Lorg/jetbrains/kotlin/fir/types/ConeSimpleKotlinType;)Lorg/jetbrains/kotlin/types/model/TypeConstructorMark
Event: 6.152 Thread 0x0000016b07d3f6e0 DEOPT PACKING pc=0x0000016b14f65d70 sp=0x0000003a6f3fa2f0
Event: 6.152 Thread 0x0000016b07d3f6e0 DEOPT UNPACKING pc=0x0000016b14817da2 sp=0x0000003a6f3fa208 mode 2
Event: 6.152 Thread 0x0000016b07d3f6e0 Uncommon trap: trap_request=0xffffffde fr.pc=0x0000016b14f6be7c relative=0x000000000000019c
Event: 6.152 Thread 0x0000016b07d3f6e0 Uncommon trap: reason=class_check action=maybe_recompile pc=0x0000016b14f6be7c method=org.jetbrains.kotlin.fir.types.ConeTypeUtilsKt.getConstructor(Lorg/jetbrains/kotlin/fir/types/ConeSimpleKotlinType;)Lorg/jetbrains/kotlin/types/model/TypeConstructorMark
Event: 6.152 Thread 0x0000016b07d3f6e0 DEOPT PACKING pc=0x0000016b14f6be7c sp=0x0000003a6f3f9fe0
Event: 6.152 Thread 0x0000016b07d3f6e0 DEOPT UNPACKING pc=0x0000016b14817da2 sp=0x0000003a6f3f9f00 mode 2
Event: 6.152 Thread 0x0000016b07d3f6e0 Uncommon trap: trap_request=0xffffffde fr.pc=0x0000016b14f6c404 relative=0x0000000000000144
Event: 6.152 Thread 0x0000016b07d3f6e0 Uncommon trap: reason=class_check action=maybe_recompile pc=0x0000016b14f6c404 method=org.jetbrains.kotlin.fir.types.ConeTypeUtilsKt.getConstructor(Lorg/jetbrains/kotlin/fir/types/ConeSimpleKotlinType;)Lorg/jetbrains/kotlin/types/model/TypeConstructorMark
Event: 6.152 Thread 0x0000016b07d3f6e0 DEOPT PACKING pc=0x0000016b14f6c404 sp=0x0000003a6f3fa220
Event: 6.152 Thread 0x0000016b07d3f6e0 DEOPT UNPACKING pc=0x0000016b14817da2 sp=0x0000003a6f3fa1b8 mode 2
Event: 6.152 Thread 0x0000016b07d3f6e0 Uncommon trap: trap_request=0xffffffde fr.pc=0x0000016b14f65d70 relative=0x0000000000000af0
Event: 6.152 Thread 0x0000016b07d3f6e0 Uncommon trap: reason=class_check action=maybe_recompile pc=0x0000016b14f65d70 method=org.jetbrains.kotlin.fir.types.ConeTypeUtilsKt.getConstructor(Lorg/jetbrains/kotlin/fir/types/ConeSimpleKotlinType;)Lorg/jetbrains/kotlin/types/model/TypeConstructorMark
Event: 6.152 Thread 0x0000016b07d3f6e0 DEOPT PACKING pc=0x0000016b14f65d70 sp=0x0000003a6f3fa5a0
Event: 6.152 Thread 0x0000016b07d3f6e0 DEOPT UNPACKING pc=0x0000016b14817da2 sp=0x0000003a6f3fa4b8 mode 2

Classes loaded (20 events):
Event: 4.020 Loading class java/lang/Deprecated
Event: 4.020 Loading class java/lang/Deprecated done
Event: 4.020 Loading class java/lang/Override
Event: 4.020 Loading class java/lang/Override done
Event: 4.191 Loading class java/text/StringCharacterIterator
Event: 4.192 Loading class java/text/CharacterIterator
Event: 4.192 Loading class java/text/CharacterIterator done
Event: 4.192 Loading class java/text/StringCharacterIterator done
Event: 4.489 Loading class java/util/ArrayList$SubList$1
Event: 4.489 Loading class java/util/ArrayList$SubList$1 done
Event: 4.588 Loading class java/util/AbstractList$ListItr
Event: 4.589 Loading class java/util/AbstractList$ListItr done
Event: 5.306 Loading class java/util/AbstractMap$SimpleImmutableEntry
Event: 5.306 Loading class java/util/AbstractMap$SimpleImmutableEntry done
Event: 5.514 Loading class java/util/AbstractList$RandomAccessSubList
Event: 5.514 Loading class java/util/AbstractList$SubList
Event: 5.514 Loading class java/util/AbstractList$SubList done
Event: 5.514 Loading class java/util/AbstractList$RandomAccessSubList done
Event: 5.534 Loading class java/util/AbstractList$SubList$1
Event: 5.534 Loading class java/util/AbstractList$SubList$1 done

Classes unloaded (0 events):
No events

Classes redefined (0 events):
No events

Internal exceptions (20 events):
Event: 1.229 Thread 0x0000016b07d3f6e0 Exception <a 'java/lang/NoSuchMethodError'{0x00000000c4fa2118}: 'long java.lang.invoke.DirectMethodHandle$Holder.invokeStatic(java.lang.Object, java.lang.Object, int)'> (0x00000000c4fa2118) 
thrown [s\src\hotspot\share\interpreter\linkResolver.cpp, line 784]
Event: 1.230 Thread 0x0000016b07d3f6e0 Exception <a 'java/lang/NoSuchMethodError'{0x00000000c4fad100}: 'java.lang.Object java.lang.invoke.DelegatingMethodHandle$Holder.reinvoke_L(java.lang.Object, int, long, java.lang.Object, java.lang.Object, int, java.lang.Object)'> (0x00000000c4fad100) 
thrown [s\src\hotspot\share\interpreter\linkResolver.cpp, line 784]
Event: 1.235 Thread 0x0000016b07d3f6e0 Exception <a 'java/lang/NoSuchMethodError'{0x00000000c4fd4660}: 'java.lang.Object java.lang.invoke.DirectMethodHandle$Holder.invokeStatic(java.lang.Object, java.lang.Object, int)'> (0x00000000c4fd4660) 
thrown [s\src\hotspot\share\interpreter\linkResolver.cpp, line 784]
Event: 1.236 Thread 0x0000016b07d3f6e0 Exception <a 'java/lang/NoSuchMethodError'{0x00000000c4fdfcc0}: 'void java.lang.invoke.DelegatingMethodHandle$Holder.delegate(java.lang.Object, java.lang.Object, int, java.lang.Object)'> (0x00000000c4fdfcc0) 
thrown [s\src\hotspot\share\interpreter\linkResolver.cpp, line 784]
Event: 1.448 Thread 0x0000016b07d3f6e0 Exception <a 'java/lang/NoSuchMethodError'{0x00000000c58d6ba0}: 'java.lang.Object java.lang.invoke.DirectMethodHandle$Holder.invokeStatic(java.lang.Object, java.lang.Object, int, java.lang.Object)'> (0x00000000c58d6ba0) 
thrown [s\src\hotspot\share\interpreter\linkResolver.cpp, line 784]
Event: 1.635 Thread 0x0000016b07d3f6e0 Exception <a 'java/lang/NoSuchMethodError'{0x00000000c51c7880}: 'java.lang.Object java.lang.invoke.DirectMethodHandle$Holder.newInvokeSpecial(java.lang.Object, java.lang.Object, java.lang.Object, java.lang.Object, java.lang.Object, java.lang.Object)'> (0x00000000c51c7880) 
thrown [s\src\hotspot\share\interpreter\linkResolver.cpp, line 784]
Event: 2.562 Thread 0x0000016b07d3f6e0 Exception <a 'java/lang/NoSuchMethodError'{0x00000000c6e48e50}: 'java.lang.Object java.lang.invoke.DirectMethodHandle$Holder.newInvokeSpecial(java.lang.Object, java.lang.Object, java.lang.Object, java.lang.Object, java.lang.Object, java.lang.Object, java.lang.Object)'> (0x00000000c6e48e50) 
thrown [s\src\hotspot\share\interpreter\linkResolver.cpp, line 784]
Event: 3.093 Thread 0x0000016b07d3f6e0 Exception <a 'java/lang/NoSuchMethodError'{0x00000000c609c0e0}: 'java.lang.Object java.lang.invoke.DirectMethodHandle$Holder.invokeVirtual(java.lang.Object, java.lang.Object, java.lang.Object)'> (0x00000000c609c0e0) 
thrown [s\src\hotspot\share\interpreter\linkResolver.cpp, line 784]
Event: 3.140 Thread 0x0000016b07d3f6e0 Exception <a 'java/lang/NoSuchMethodError'{0x00000000c5e14c20}: 'java.lang.Object java.lang.invoke.DirectMethodHandle$Holder.newInvokeSpecial(java.lang.Object, java.lang.Object, int)'> (0x00000000c5e14c20) 
thrown [s\src\hotspot\share\interpreter\linkResolver.cpp, line 784]
Event: 3.370 Thread 0x0000016b07d3f6e0 Exception <a 'java/lang/NoSuchMethodError'{0x00000000c579f0d8}: 'int java.lang.invoke.DirectMethodHandle$Holder.invokeStaticInit(java.lang.Object, int)'> (0x00000000c579f0d8) 
thrown [s\src\hotspot\share\interpreter\linkResolver.cpp, line 784]
Event: 3.760 Thread 0x0000016b07d3f6e0 Implicit null exception at 0x0000016b14e6d4ec to 0x0000016b14e6e2f0
Event: 3.760 Thread 0x0000016b07d3f6e0 Implicit null exception at 0x0000016b14e33fe3 to 0x0000016b14e34075
Event: 3.993 Thread 0x0000016b07d3f6e0 Exception <a 'java/lang/NoSuchMethodError'{0x00000000c66f8690}: 'java.lang.Object java.lang.invoke.DirectMethodHandle$Holder.newInvokeSpecial(java.lang.Object, java.lang.Object, java.lang.Object, int, java.lang.Object)'> (0x00000000c66f8690) 
thrown [s\src\hotspot\share\interpreter\linkResolver.cpp, line 784]
Event: 4.103 Thread 0x0000016b07d3f6e0 Implicit null exception at 0x0000016b14e987a0 to 0x0000016b14e989d0
Event: 5.380 Thread 0x0000016b07d3f6e0 Exception <a 'java/lang/NoSuchMethodError'{0x00000000c7b7f540}: 'java.lang.Object java.lang.invoke.DirectMethodHandle$Holder.newInvokeSpecial(java.lang.Object, java.lang.Object, java.lang.Object, java.lang.Object, int, java.lang.Object, java.lang.Object)'> (0x00000000c7b7f540) 
thrown [s\src\hotspot\share\interpreter\linkResolver.cpp, line 784]
Event: 5.380 Thread 0x0000016b07d3f6e0 Exception <a 'java/lang/NoSuchMethodError'{0x00000000c7b87720}: 'java.lang.Object java.lang.invoke.Invokers$Holder.linkToTargetMethod(java.lang.Object, java.lang.Object, java.lang.Object, int, java.lang.Object, java.lang.Object, java.lang.Object)'> (0x00000000c7b87720) 
thrown [s\src\hotspot\share\interpreter\linkResolver.cpp, line 784]
Event: 5.566 Thread 0x0000016b07d3f6e0 Exception <a 'java/lang/NoSuchMethodError'{0x00000000c7edbb68}: 'java.lang.Object java.lang.invoke.DirectMethodHandle$Holder.newInvokeSpecial(java.lang.Object, java.lang.Object, java.lang.Object, java.lang.Object, int)'> (0x00000000c7edbb68) 
thrown [s\src\hotspot\share\interpreter\linkResolver.cpp, line 784]
Event: 5.566 Thread 0x0000016b07d3f6e0 Exception <a 'java/lang/NoSuchMethodError'{0x00000000c7ee01f0}: 'java.lang.Object java.lang.invoke.DirectMethodHandle$Holder.invokeSpecial(java.lang.Object, java.lang.Object, java.lang.Object, java.lang.Object, java.lang.Object, int)'> (0x00000000c7ee01f0) 
thrown [s\src\hotspot\share\interpreter\linkResolver.cpp, line 784]
Event: 5.566 Thread 0x0000016b07d3f6e0 Exception <a 'java/lang/NoSuchMethodError'{0x00000000c7ee3f30}: 'java.lang.Object java.lang.invoke.Invokers$Holder.linkToTargetMethod(java.lang.Object, java.lang.Object, java.lang.Object, int, java.lang.Object)'> (0x00000000c7ee3f30) 
thrown [s\src\hotspot\share\interpreter\linkResolver.cpp, line 784]
Event: 5.925 Thread 0x0000016b07d3f6e0 Exception <a 'java/lang/NoSuchMethodError'{0x00000000c89a59b0}: 'java.lang.Object java.lang.invoke.DirectMethodHandle$Holder.invokeSpecial(java.lang.Object, java.lang.Object, int, java.lang.Object, java.lang.Object)'> (0x00000000c89a59b0) 
thrown [s\src\hotspot\share\interpreter\linkResolver.cpp, line 784]

ZGC Phase Switch (0 events):
No events

VM Operations (20 events):
Event: 5.151 Executing VM operation: G1PauseRemark done
Event: 5.173 Executing VM operation: G1PauseCleanup
Event: 5.173 Executing VM operation: G1PauseCleanup done
Event: 5.189 Executing VM operation: G1CollectForAllocation (G1 Evacuation Pause)
Event: 5.195 Executing VM operation: G1CollectForAllocation (G1 Evacuation Pause) done
Event: 5.286 Executing VM operation: G1CollectForAllocation (G1 Evacuation Pause)
Event: 5.293 Executing VM operation: G1CollectForAllocation (G1 Evacuation Pause) done
Event: 5.536 Executing VM operation: G1CollectForAllocation (G1 Evacuation Pause)
Event: 5.540 Executing VM operation: G1CollectForAllocation (G1 Evacuation Pause) done
Event: 5.615 Executing VM operation: G1PauseRemark
Event: 5.619 Executing VM operation: G1PauseRemark done
Event: 5.648 Executing VM operation: G1PauseCleanup
Event: 5.648 Executing VM operation: G1PauseCleanup done
Event: 5.739 Executing VM operation: G1CollectForAllocation (G1 Evacuation Pause)
Event: 5.748 Executing VM operation: G1CollectForAllocation (G1 Evacuation Pause) done
Event: 5.959 Executing VM operation: ICBufferFull
Event: 5.959 Executing VM operation: ICBufferFull done
Event: 6.097 Executing VM operation: ICBufferFull
Event: 6.097 Executing VM operation: ICBufferFull done
Event: 6.159 Executing VM operation: G1CollectForAllocation (G1 Evacuation Pause)

Memory protections (0 events):
No events

Nmethod flushes (20 events):
Event: 5.619 Thread 0x0000016b1f99a290 flushing  nmethod 0x0000016b0d60fb90
Event: 5.619 Thread 0x0000016b1f99a290 flushing  nmethod 0x0000016b0d614890
Event: 5.619 Thread 0x0000016b1f99a290 flushing  nmethod 0x0000016b0d688f90
Event: 5.619 Thread 0x0000016b1f99a290 flushing  nmethod 0x0000016b0d689590
Event: 5.619 Thread 0x0000016b1f99a290 flushing  nmethod 0x0000016b0d7d5010
Event: 5.619 Thread 0x0000016b1f99a290 flushing  nmethod 0x0000016b0d7d7a90
Event: 5.619 Thread 0x0000016b1f99a290 flushing  nmethod 0x0000016b0d862290
Event: 5.619 Thread 0x0000016b1f99a290 flushing  nmethod 0x0000016b0d872510
Event: 5.619 Thread 0x0000016b1f99a290 flushing  nmethod 0x0000016b0d90d510
Event: 5.619 Thread 0x0000016b1f99a290 flushing  nmethod 0x0000016b0d90da10
Event: 5.619 Thread 0x0000016b1f99a290 flushing  nmethod 0x0000016b0d912710
Event: 5.619 Thread 0x0000016b1f99a290 flushing  nmethod 0x0000016b0d912a90
Event: 5.619 Thread 0x0000016b1f99a290 flushing  nmethod 0x0000016b0d913990
Event: 5.619 Thread 0x0000016b1f99a290 flushing  nmethod 0x0000016b0d91bd10
Event: 5.619 Thread 0x0000016b1f99a290 flushing  nmethod 0x0000016b0d924690
Event: 5.619 Thread 0x0000016b1f99a290 flushing  nmethod 0x0000016b0d926510
Event: 5.619 Thread 0x0000016b1f99a290 flushing  nmethod 0x0000016b0d92ab90
Event: 5.619 Thread 0x0000016b1f99a290 flushing  nmethod 0x0000016b0d92db10
Event: 5.619 Thread 0x0000016b1f99a290 flushing  nmethod 0x0000016b0d945e90
Event: 5.619 Thread 0x0000016b1f99a290 flushing  nmethod 0x0000016b0d94ca10

Events (15 events):
Event: 0.012 Thread 0x0000016b07d3f6e0 Thread added: 0x0000016b07d3f6e0
Event: 0.052 Thread 0x0000016b07d3f6e0 Thread added: 0x0000016b1f9adf80
Event: 0.053 Thread 0x0000016b07d3f6e0 Thread added: 0x0000016b1fb2b5f0
Event: 0.053 Thread 0x0000016b07d3f6e0 Thread added: 0x0000016b1fb2ceb0
Event: 0.054 Thread 0x0000016b07d3f6e0 Thread added: 0x0000016b1fb09500
Event: 0.054 Thread 0x0000016b07d3f6e0 Thread added: 0x0000016b1fb140f0
Event: 0.054 Thread 0x0000016b07d3f6e0 Thread added: 0x0000016b1fb3df90
Event: 0.054 Thread 0x0000016b07d3f6e0 Thread added: 0x0000016b1fb16b50
Event: 0.054 Thread 0x0000016b07d3f6e0 Thread added: 0x0000016b1fb3e9e0
Event: 0.086 Thread 0x0000016b07d3f6e0 Thread added: 0x0000016b1fcd8320
Event: 0.091 Thread 0x0000016b07d3f6e0 Thread added: 0x0000016b1fce0f50
Event: 0.098 Loaded shared library C:\Program Files\Android\Android Studio\jbr\bin\net.dll
Event: 0.100 Loaded shared library C:\Program Files\Android\Android Studio\jbr\bin\nio.dll
Event: 0.125 Loaded shared library C:\Program Files\Android\Android Studio\jbr\bin\zip.dll
Event: 0.149 Loaded shared library C:\Program Files\Android\Android Studio\jbr\bin\jimage.dll


Dynamic libraries:
0x00007ff60d160000 - 0x00007ff60d16a000 	C:\Program Files\Android\Android Studio\jbr\bin\java.exe
0x00007ffd59e80000 - 0x00007ffd5a0e5000 	C:\WINDOWS\SYSTEM32\ntdll.dll
0x00007ffd59860000 - 0x00007ffd59929000 	C:\WINDOWS\System32\KERNEL32.DLL
0x00007ffd57400000 - 0x00007ffd577e8000 	C:\WINDOWS\System32\KERNELBASE.dll
0x00007ffd57a20000 - 0x00007ffd57b6b000 	C:\WINDOWS\System32\ucrtbase.dll
0x00007ffd41830000 - 0x00007ffd41848000 	C:\Program Files\Android\Android Studio\jbr\bin\jli.dll
0x00007ffd525f0000 - 0x00007ffd5260b000 	C:\Program Files\Android\Android Studio\jbr\bin\VCRUNTIME140.dll
0x00007ffd588f0000 - 0x00007ffd58aba000 	C:\WINDOWS\System32\USER32.dll
0x00007ffd579f0000 - 0x00007ffd57a17000 	C:\WINDOWS\System32\win32u.dll
0x00007ffd43640000 - 0x00007ffd438da000 	C:\WINDOWS\WinSxS\amd64_microsoft.windows.common-controls_6595b64144ccf1df_6.0.26100.4202_none_3e0698d4e335f517\COMCTL32.dll
0x00007ffd590f0000 - 0x00007ffd5911b000 	C:\WINDOWS\System32\GDI32.dll
0x00007ffd59d90000 - 0x00007ffd59e39000 	C:\WINDOWS\System32\msvcrt.dll
0x00007ffd578b0000 - 0x00007ffd579e7000 	C:\WINDOWS\System32\gdi32full.dll
0x00007ffd57b70000 - 0x00007ffd57c13000 	C:\WINDOWS\System32\msvcp_win.dll
0x00007ffd58b40000 - 0x00007ffd58b70000 	C:\WINDOWS\System32\IMM32.DLL
0x00007ffd538d0000 - 0x00007ffd538dc000 	C:\Program Files\Android\Android Studio\jbr\bin\vcruntime140_1.dll
0x00007ffd20d90000 - 0x00007ffd20e1d000 	C:\Program Files\Android\Android Studio\jbr\bin\msvcp140.dll
0x00007ffceaa80000 - 0x00007ffceb70b000 	C:\Program Files\Android\Android Studio\jbr\bin\server\jvm.dll
0x00007ffd59c40000 - 0x00007ffd59cf3000 	C:\WINDOWS\System32\ADVAPI32.dll
0x00007ffd596c0000 - 0x00007ffd59766000 	C:\WINDOWS\System32\sechost.dll
0x00007ffd59b20000 - 0x00007ffd59c35000 	C:\WINDOWS\System32\RPCRT4.dll
0x00007ffd58ac0000 - 0x00007ffd58b34000 	C:\WINDOWS\System32\WS2_32.dll
0x00007ffd54860000 - 0x00007ffd54895000 	C:\WINDOWS\SYSTEM32\WINMM.dll
0x00007ffd47ce0000 - 0x00007ffd47ceb000 	C:\WINDOWS\SYSTEM32\VERSION.dll
0x00007ffd56e20000 - 0x00007ffd56e7e000 	C:\WINDOWS\SYSTEM32\POWRPROF.dll
0x00007ffd56e00000 - 0x00007ffd56e14000 	C:\WINDOWS\SYSTEM32\UMPDC.dll
0x00007ffd55d90000 - 0x00007ffd55dab000 	C:\WINDOWS\SYSTEM32\kernel.appcore.dll
0x00007ffd538a0000 - 0x00007ffd538aa000 	C:\Program Files\Android\Android Studio\jbr\bin\jimage.dll
0x00007ffd54570000 - 0x00007ffd547b1000 	C:\WINDOWS\SYSTEM32\DBGHELP.DLL
0x00007ffd58b80000 - 0x00007ffd58f05000 	C:\WINDOWS\System32\combase.dll
0x00007ffd59770000 - 0x00007ffd59851000 	C:\WINDOWS\System32\OLEAUT32.dll
0x00007ffd54820000 - 0x00007ffd54859000 	C:\WINDOWS\SYSTEM32\dbgcore.DLL
0x00007ffd571e0000 - 0x00007ffd57279000 	C:\WINDOWS\System32\bcryptPrimitives.dll
0x00007ffd47490000 - 0x00007ffd474b0000 	C:\Program Files\Android\Android Studio\jbr\bin\java.dll
0x00007ffd47400000 - 0x00007ffd47418000 	C:\Program Files\Android\Android Studio\jbr\bin\zip.dll
0x00007ffd57cb0000 - 0x00007ffd583f2000 	C:\WINDOWS\System32\SHELL32.dll
0x00007ffd57280000 - 0x00007ffd573f4000 	C:\WINDOWS\System32\wintypes.dll
0x00007ffd54c30000 - 0x00007ffd55488000 	C:\WINDOWS\SYSTEM32\windows.storage.dll
0x00007ffd59a20000 - 0x00007ffd59b11000 	C:\WINDOWS\System32\SHCORE.dll
0x00007ffd59d00000 - 0x00007ffd59d6a000 	C:\WINDOWS\System32\shlwapi.dll
0x00007ffd56ee0000 - 0x00007ffd56f0f000 	C:\WINDOWS\SYSTEM32\profapi.dll
0x00007ffd49400000 - 0x00007ffd49410000 	C:\Program Files\Android\Android Studio\jbr\bin\net.dll
0x00007ffd48fb0000 - 0x00007ffd490ce000 	C:\WINDOWS\SYSTEM32\WINHTTP.dll
0x00007ffd56300000 - 0x00007ffd5636a000 	C:\WINDOWS\system32\mswsock.dll
0x00007ffd43ec0000 - 0x00007ffd43ed6000 	C:\Program Files\Android\Android Studio\jbr\bin\nio.dll
0x00007ffd432f0000 - 0x00007ffd43300000 	C:\Program Files\Android\Android Studio\jbr\bin\verify.dll

dbghelp: loaded successfully - version: 4.0.5 - missing functions: none
symbol engine: initialized successfully - sym options: 0x614 - pdb path: .;C:\Program Files\Android\Android Studio\jbr\bin;C:\WINDOWS\SYSTEM32;C:\WINDOWS\WinSxS\amd64_microsoft.windows.common-controls_6595b64144ccf1df_6.0.26100.4202_none_3e0698d4e335f517;C:\Program Files\Android\Android Studio\jbr\bin\server

VM Arguments:
java_command: org.jetbrains.kotlin.cli.jvm.K2JVMCompiler @C:\Users\Ryan\AndroidStudioProjects\SobrevivaANoite\app\build\20250703_4644612355034521533.compiler.options
java_class_path (initial): C:\Users\Ryan\.gradle\caches\modules-2\files-2.1\org.jetbrains.kotlin\kotlin-compiler-embeddable\2.0.21\79346ed53db48b18312a472602eb5c057070c54d\kotlin-compiler-embeddable-2.0.21.jar;C:\Users\Ryan\.gradle\caches\modules-2\files-2.1\org.jetbrains.kotlin\kotlin-stdlib\2.0.21\618b539767b4899b4660a83006e052b63f1db551\kotlin-stdlib-2.0.21.jar;C:\Users\Ryan\.gradle\caches\modules-2\files-2.1\org.jetbrains.kotlin\kotlin-script-runtime\2.0.21\c9b044380ad41f89aa89aa896c2d32a8c0b2129d\kotlin-script-runtime-2.0.21.jar;C:\Users\Ryan\.gradle\caches\modules-2\files-2.1\org.jetbrains.kotlin\kotlin-reflect\1.6.10\1cbe9c92c12a94eea200d23c2bbaedaf3daf5132\kotlin-reflect-1.6.10.jar;C:\Users\Ryan\.gradle\caches\modules-2\files-2.1\org.jetbrains.kotlin\kotlin-daemon-embeddable\2.0.21\c9e933b23287de9b5a17e2116b4657bb91aea72c\kotlin-daemon-embeddable-2.0.21.jar;C:\Users\Ryan\.gradle\caches\modules-2\files-2.1\org.jetbrains.intellij.deps\trove4j\1.0.20200330\3afb14d5f9ceb459d724e907a21145e8ff394f02\trove4j-1.0.20200330.jar;C:\Users\Ryan\.gradle\caches\modules-2\files-2.1\org.jetbrains.kotlinx\kotlinx-coroutines-core-jvm\1.6.4\2c997cd1c0ef33f3e751d3831929aeff1390cb30\kotlinx-coroutines-core-jvm-1.6.4.jar;C:\Users\Ryan\.gradle\caches\modules-2\files-2.1\org.jetbrains\annotations\13.0\919f0dfe192fb4e063e7dacadee7f8bb9a2672a9\annotations-13.0.jar
Launcher Type: SUN_STANDARD

[Global flags]
     intx CICompilerCount                          = 3                                         {product} {ergonomic}
     uint ConcGCThreads                            = 1                                         {product} {ergonomic}
     uint G1ConcRefinementThreads                  = 4                                         {product} {ergonomic}
   size_t G1HeapRegionSize                         = 1048576                                   {product} {ergonomic}
    uintx GCDrainStackTargetSize                   = 64                                        {product} {ergonomic}
   size_t InitialHeapSize                          = 62914560                                  {product} {ergonomic}
   size_t MarkStackSize                            = 4194304                                   {product} {ergonomic}
   size_t MaxHeapSize                              = 1006632960                                {product} {ergonomic}
   size_t MaxNewSize                               = 603979776                                 {product} {ergonomic}
   size_t MinHeapDeltaBytes                        = 1048576                                   {product} {ergonomic}
   size_t MinHeapSize                              = 8388608                                   {product} {ergonomic}
    uintx NonNMethodCodeHeapSize                   = 5832780                                {pd product} {ergonomic}
    uintx NonProfiledCodeHeapSize                  = 122912730                              {pd product} {ergonomic}
    uintx ProfiledCodeHeapSize                     = 122912730                              {pd product} {ergonomic}
    uintx ReservedCodeCacheSize                    = 251658240                              {pd product} {ergonomic}
     bool SegmentedCodeCache                       = true                                      {product} {ergonomic}
   size_t SoftMaxHeapSize                          = 1006632960                             {manageable} {ergonomic}
     bool UseCompressedOops                        = true                           {product lp64_product} {ergonomic}
     bool UseG1GC                                  = true                                      {product} {ergonomic}
     bool UseLargePagesIndividualAllocation        = false                                  {pd product} {ergonomic}

Logging:
Log output configuration:
 #0: stdout all=warning uptime,level,tags foldmultilines=false
 #1: stderr all=off uptime,level,tags foldmultilines=false

Environment Variables:
JAVA_HOME=C:\Program Files\Java\jdk-21
PATH=C:\Program Files\Common Files\Oracle\Java\javapath;C:\WINDOWS\system32;C:\WINDOWS;C:\WINDOWS\System32\Wbem;C:\WINDOWS\System32\WindowsPowerShell\v1.0\;C:\WINDOWS\System32\OpenSSH\;C:\Program Files\Git\cmd;C:\Program Files\Docker\Docker\resources\bin;C:\Program Files\nodejs\;C:\Program Files\apache-maven-3.9.9\bin;C:\Program Files\Java\jdk-21\bin;C:\Users\Ryan\.cargo\bin;C:\Program Files\MySQL\MySQL Shell 8.0\bin\;C:\Users\Ryan\AppData\Local\Microsoft\WindowsApps;C:\Users\Ryan\AppData\Local\Programs\Microsoft VS Code\bin;C:\Users\Ryan\AppData\Roaming\npm;C:\Users\Ryan\AppData\Local\gitkraken\bin;C:\ffmpeg-7.0.2-essentials_build\bin;;C:\Program Files\JetBrains\IntelliJ IDEA 2024.3.1.1\bin;;C:\Users\Ryan\AppData\Local\Microsoft\WindowsApps
USERNAME=Ryan
OS=Windows_NT
PROCESSOR_IDENTIFIER=Intel64 Family 6 Model 140 Stepping 1, GenuineIntel
TMP=C:\Users\Ryan\AppData\Local\Temp
TEMP=C:\Users\Ryan\AppData\Local\Temp




Periodic native trim disabled

JNI global refs:
JNI global refs: 9, weak refs: 5

JNI global refs memory usage: 835, weak refs: 833

Process memory usage:
Resident Set Size: 243240K (6% of 3930916K total physical memory with 142952K free physical memory)

OOME stack traces (most recent first):
Classloader memory used:
Loader jdk.internal.loader.ClassLoaders$AppClassLoader                                 : 43951K
Loader bootstrap                                                                       : 10579K
Loader java.net.URLClassLoader                                                         : 258K

---------------  S Y S T E M  ---------------

OS:
 Windows 11 , 64 bit Build 26100 (10.0.26100.4202)
OS uptime: 0 days 10:18 hours
Hyper-V role detected

CPU: total 4 (initial active 4) (2 cores per cpu, 2 threads per core) family 6 model 140 stepping 1 microcode 0xbc, cx8, cmov, fxsr, ht, mmx, 3dnowpref, sse, sse2, sse3, ssse3, sse4.1, sse4.2, popcnt, lzcnt, tsc, tscinvbit, avx, avx2, aes, erms, clmul, bmi1, bmi2, adx, avx512f, avx512dq, avx512cd, avx512bw, avx512vl, sha, fma, vzeroupper, avx512_vpopcntdq, avx512_vpclmulqdq, avx512_vaes, avx512_vnni, clflush, clflushopt, clwb, avx512_vbmi2, avx512_vbmi, hv, rdtscp, rdpid, fsrm, gfni, avx512_bitalg, f16c, cet_ibt, cet_ss, avx512_ifma
Processor Information for processor 0
  Max Mhz: 1997, Current Mhz: 1198, Mhz Limit: 1997
Processor Information for processor 1
  Max Mhz: 1997, Current Mhz: 1997, Mhz Limit: 1997
Processor Information for processor 2
  Max Mhz: 1997, Current Mhz: 1198, Mhz Limit: 1997
Processor Information for processor 3
  Max Mhz: 1997, Current Mhz: 1997, Mhz Limit: 1997

Memory: 4k page, system-wide physical 3838M (139M free)
TotalPageFile size 15614M (AvailPageFile size 77M)
current process WorkingSet (physical memory assigned to process): 237M, peak: 237M
current process commit charge ("private bytes"): 258M, peak: 364M

vm_info: OpenJDK 64-Bit Server VM (21.0.6+-13368085-b895.109) for windows-amd64 JRE (21.0.6+-13368085-b895.109), built on 2025-04-16T17:01:31Z by "builder" with MS VC++ 16.10 / 16.11 (VS2019)

END.
