#
# There is insufficient memory for the Java Runtime Environment to continue.
# Native memory allocation (malloc) failed to allocate 1627056 bytes. Error detail: Chunk::new
# Possible reasons:
#   The system is out of physical RAM or swap space
#   This process is running with CompressedOops enabled, and the Java Heap may be blocking the growth of the native heap
# Possible solutions:
#   Reduce memory load on the system
#   Increase physical memory or swap space
#   Check if swap backing store is full
#   Decrease Java heap size (-Xmx/-Xms)
#   Decrease number of Java threads
#   Decrease Java thread stack sizes (-Xss)
#   Set larger code cache with -XX:ReservedCodeCacheSize=
#   JVM is running with Unscaled Compressed Oops mode in which the Java heap is
#     placed in the first 4GB address space. The Java Heap base address is the
#     maximum limit for the native heap growth. Please use -XX:HeapBaseMinAddress
#     to set the Java Heap base and to place the Java Heap above 4GB virtual address.
# This output file may be truncated or incomplete.
#
#  Out of Memory Error (arena.cpp:168), pid=10684, tid=3228
#
# JRE version: OpenJDK Runtime Environment (21.0.6) (build 21.0.6+-13368085-b895.109)
# Java VM: OpenJDK 64-Bit Server VM (21.0.6+-13368085-b895.109, mixed mode, tiered, compressed oops, compressed class ptrs, g1 gc, windows-amd64)
# No core dump will be written. Minidumps are not enabled by default on client versions of Windows
#

---------------  S U M M A R Y ------------

Command Line: org.jetbrains.kotlin.cli.jvm.K2JVMCompiler @C:\Users\Ryan\AndroidStudioProjects\SobrevivaANoite\app\build\20250630_12544178038844773907.compiler.options

Host: Intel(R) Pentium(R) Gold 7505 @ 2.00GHz, 4 cores, 3G,  Windows 11 , 64 bit Build 26100 (10.0.26100.4202)
Time: Mon Jun 30 23:01:09 2025 Hora Padrão de Buenos Aires elapsed time: 3.305188 seconds (0d 0h 0m 3s)

---------------  T H R E A D  ---------------

Current thread (0x000001776a8a2410):  JavaThread "C2 CompilerThread0" daemon [_thread_in_native, id=3228, stack(0x00000050f5d00000,0x00000050f5e00000) (1024K)]


Current CompileTask:
C2:3305 1568   !   4       jdk.internal.loader.BuiltinClassLoader::loadClassOrNull (143 bytes)

Stack: [0x00000050f5d00000,0x00000050f5e00000]
Native frames: (J=compiled Java code, j=interpreted, Vv=VM code, C=native code)
V  [jvm.dll+0x6d0639]
V  [jvm.dll+0x85eb03]
V  [jvm.dll+0x86105e]
V  [jvm.dll+0x861743]
V  [jvm.dll+0x27e6e6]
V  [jvm.dll+0xbff6d]
V  [jvm.dll+0xc04a3]
V  [jvm.dll+0x3b6171]
V  [jvm.dll+0x3820c7]
V  [jvm.dll+0x38153a]
V  [jvm.dll+0x247c82]
V  [jvm.dll+0x247251]
V  [jvm.dll+0x1c5f04]
V  [jvm.dll+0x2569ac]
V  [jvm.dll+0x254ef6]
V  [jvm.dll+0x3f0e96]
V  [jvm.dll+0x806ed8]
V  [jvm.dll+0x6cef0d]
C  [ucrtbase.dll+0x37b0]
C  [KERNEL32.DLL+0x2e8d7]
C  [ntdll.dll+0x3c34c]


---------------  P R O C E S S  ---------------

Threads class SMR info:
_java_thread_list=0x000001776aa53cf0, length=11, elements={
0x0000017754ed93b0, 0x000001776a74cb80, 0x000001776a74d7d0, 0x000001776a8c0dc0,
0x000001776a8b7010, 0x000001776a8b7a60, 0x000001776a8a12e0, 0x000001776a8a2410,
0x000001776a8d4e50, 0x000001776aa78bb0, 0x000001776aa7d7f0
}

Java Threads: ( => current thread )
  0x0000017754ed93b0 JavaThread "main"                              [_thread_in_native, id=13928, stack(0x00000050f4f00000,0x00000050f5000000) (1024K)]
  0x000001776a74cb80 JavaThread "Reference Handler"          daemon [_thread_blocked, id=9024, stack(0x00000050f5700000,0x00000050f5800000) (1024K)]
  0x000001776a74d7d0 JavaThread "Finalizer"                  daemon [_thread_blocked, id=8956, stack(0x00000050f5800000,0x00000050f5900000) (1024K)]
  0x000001776a8c0dc0 JavaThread "Signal Dispatcher"          daemon [_thread_blocked, id=15284, stack(0x00000050f5900000,0x00000050f5a00000) (1024K)]
  0x000001776a8b7010 JavaThread "Attach Listener"            daemon [_thread_blocked, id=896, stack(0x00000050f5a00000,0x00000050f5b00000) (1024K)]
  0x000001776a8b7a60 JavaThread "Service Thread"             daemon [_thread_blocked, id=6920, stack(0x00000050f5b00000,0x00000050f5c00000) (1024K)]
  0x000001776a8a12e0 JavaThread "Monitor Deflation Thread"   daemon [_thread_blocked, id=15240, stack(0x00000050f5c00000,0x00000050f5d00000) (1024K)]
=>0x000001776a8a2410 JavaThread "C2 CompilerThread0"         daemon [_thread_in_native, id=3228, stack(0x00000050f5d00000,0x00000050f5e00000) (1024K)]
  0x000001776a8d4e50 JavaThread "C1 CompilerThread0"         daemon [_thread_blocked, id=11080, stack(0x00000050f5e00000,0x00000050f5f00000) (1024K)]
  0x000001776aa78bb0 JavaThread "Notification Thread"        daemon [_thread_blocked, id=14148, stack(0x00000050f5f00000,0x00000050f6000000) (1024K)]
  0x000001776aa7d7f0 JavaThread "Common-Cleaner"             daemon [_thread_blocked, id=5380, stack(0x00000050f6000000,0x00000050f6100000) (1024K)]
Total: 11

Other Threads:
  0x000001776a6f82b0 VMThread "VM Thread"                           [id=15344, stack(0x00000050f5600000,0x00000050f5700000) (1024K)]
  0x000001776a691a80 WatcherThread "VM Periodic Task Thread"        [id=10704, stack(0x00000050f5500000,0x00000050f5600000) (1024K)]
  0x0000017754f0c290 WorkerThread "GC Thread#0"                     [id=15496, stack(0x00000050f5000000,0x00000050f5100000) (1024K)]
  0x000001776f3552a0 WorkerThread "GC Thread#1"                     [id=2388, stack(0x00000050f6100000,0x00000050f6200000) (1024K)]
  0x000001776f33bec0 WorkerThread "GC Thread#2"                     [id=1152, stack(0x00000050f6200000,0x00000050f6300000) (1024K)]
  0x000001776f376570 WorkerThread "GC Thread#3"                     [id=11288, stack(0x00000050f6300000,0x00000050f6400000) (1024K)]
  0x0000017754f16290 ConcurrentGCThread "G1 Main Marker"            [id=14556, stack(0x00000050f5100000,0x00000050f5200000) (1024K)]
  0x0000017754f17bd0 WorkerThread "G1 Conc#0"                       [id=14232, stack(0x00000050f5200000,0x00000050f5300000) (1024K)]
  0x000001776a560090 ConcurrentGCThread "G1 Refine#0"               [id=1384, stack(0x00000050f5300000,0x00000050f5400000) (1024K)]
  0x000001776a561ab0 ConcurrentGCThread "G1 Service"                [id=888, stack(0x00000050f5400000,0x00000050f5500000) (1024K)]
Total: 10

Threads with active compile tasks:
C2 CompilerThread0  3331 1568   !   4       jdk.internal.loader.BuiltinClassLoader::loadClassOrNull (143 bytes)
Total: 1

VM state: not at safepoint (normal execution)

VM Mutex/Monitor currently owned by a thread: None

Heap address: 0x00000000c4000000, size: 960 MB, Compressed Oops mode: 32-bit

CDS archive(s) not mapped
Compressed class space mapped at: 0x0000000100000000-0x0000000140000000, reserved size: 1073741824
Narrow klass base: 0x0000000000000000, Narrow klass shift: 3, Narrow klass range: 0x140000000

GC Precious Log:
 CardTable entry size: 512
 Card Set container configuration: InlinePtr #cards 5 size 8 Array Of Cards #cards 12 size 40 Howl #buckets 4 coarsen threshold 1843 Howl Bitmap #cards 512 size 80 coarsen threshold 460 Card regions per heap region 1 cards per card region 2048
 CPUs: 4 total, 4 available
 Memory: 3838M
 Large Page Support: Disabled
 NUMA Support: Disabled
 Compressed Oops: Enabled (32-bit)
 Heap Region Size: 1M
 Heap Min Capacity: 8M
 Heap Initial Capacity: 60M
 Heap Max Capacity: 960M
 Pre-touch: Disabled
 Parallel Workers: 4
 Concurrent Workers: 1
 Concurrent Refinement Workers: 4
 Periodic GC: Disabled

Heap:
 garbage-first heap   total 47104K, used 18143K [0x00000000c4000000, 0x0000000100000000)
  region size 1024K, 7 young (7168K), 3 survivors (3072K)
 Metaspace       used 29284K, committed 29504K, reserved 1114112K
  class space    used 3099K, committed 3200K, reserved 1048576K

Heap Regions: E=young(eden), S=young(survivor), O=old, HS=humongous(starts), HC=humongous(continues), CS=collection set, F=free, TAMS=top-at-mark-start, PB=parsable bottom
|   0|0x00000000c4000000, 0x00000000c4100000, 0x00000000c4100000|100%|HS|  |TAMS 0x00000000c4000000| PB 0x00000000c4000000| Complete 
|   1|0x00000000c4100000, 0x00000000c4200000, 0x00000000c4200000|100%|HC|  |TAMS 0x00000000c4100000| PB 0x00000000c4100000| Complete 
|   2|0x00000000c4200000, 0x00000000c4300000, 0x00000000c4300000|100%|HC|  |TAMS 0x00000000c4200000| PB 0x00000000c4200000| Complete 
|   3|0x00000000c4300000, 0x00000000c4400000, 0x00000000c4400000|100%| O|  |TAMS 0x00000000c4300000| PB 0x00000000c4300000| Untracked 
|   4|0x00000000c4400000, 0x00000000c4500000, 0x00000000c4500000|100%| O|  |TAMS 0x00000000c4400000| PB 0x00000000c4400000| Untracked 
|   5|0x00000000c4500000, 0x00000000c4500000, 0x00000000c4600000|  0%| F|  |TAMS 0x00000000c4500000| PB 0x00000000c4500000| Untracked 
|   6|0x00000000c4600000, 0x00000000c4700000, 0x00000000c4700000|100%| O|  |TAMS 0x00000000c4600000| PB 0x00000000c4600000| Untracked 
|   7|0x00000000c4700000, 0x00000000c4800000, 0x00000000c4800000|100%| O|  |TAMS 0x00000000c4700000| PB 0x00000000c4700000| Untracked 
|   8|0x00000000c4800000, 0x00000000c4900000, 0x00000000c4900000|100%| O|  |TAMS 0x00000000c4800000| PB 0x00000000c4800000| Untracked 
|   9|0x00000000c4900000, 0x00000000c4a00000, 0x00000000c4a00000|100%| O|  |TAMS 0x00000000c4900000| PB 0x00000000c4900000| Untracked 
|  10|0x00000000c4a00000, 0x00000000c4b00000, 0x00000000c4b00000|100%| O|  |TAMS 0x00000000c4a00000| PB 0x00000000c4a00000| Untracked 
|  11|0x00000000c4b00000, 0x00000000c4b4c8e8, 0x00000000c4c00000| 29%| O|  |TAMS 0x00000000c4b00000| PB 0x00000000c4b00000| Untracked 
|  12|0x00000000c4c00000, 0x00000000c4c00000, 0x00000000c4d00000|  0%| F|  |TAMS 0x00000000c4c00000| PB 0x00000000c4c00000| Untracked 
|  13|0x00000000c4d00000, 0x00000000c4d6b368, 0x00000000c4e00000| 41%| S|CS|TAMS 0x00000000c4d00000| PB 0x00000000c4d00000| Complete 
|  14|0x00000000c4e00000, 0x00000000c4f00000, 0x00000000c4f00000|100%| S|CS|TAMS 0x00000000c4e00000| PB 0x00000000c4e00000| Complete 
|  15|0x00000000c4f00000, 0x00000000c5000000, 0x00000000c5000000|100%| S|CS|TAMS 0x00000000c4f00000| PB 0x00000000c4f00000| Complete 
|  16|0x00000000c5000000, 0x00000000c5000000, 0x00000000c5100000|  0%| F|  |TAMS 0x00000000c5000000| PB 0x00000000c5000000| Untracked 
|  17|0x00000000c5100000, 0x00000000c5100000, 0x00000000c5200000|  0%| F|  |TAMS 0x00000000c5100000| PB 0x00000000c5100000| Untracked 
|  18|0x00000000c5200000, 0x00000000c5200000, 0x00000000c5300000|  0%| F|  |TAMS 0x00000000c5200000| PB 0x00000000c5200000| Untracked 
|  19|0x00000000c5300000, 0x00000000c5300000, 0x00000000c5400000|  0%| F|  |TAMS 0x00000000c5300000| PB 0x00000000c5300000| Untracked 
|  20|0x00000000c5400000, 0x00000000c5400000, 0x00000000c5500000|  0%| F|  |TAMS 0x00000000c5400000| PB 0x00000000c5400000| Untracked 
|  21|0x00000000c5500000, 0x00000000c5500000, 0x00000000c5600000|  0%| F|  |TAMS 0x00000000c5500000| PB 0x00000000c5500000| Untracked 
|  22|0x00000000c5600000, 0x00000000c5600000, 0x00000000c5700000|  0%| F|  |TAMS 0x00000000c5600000| PB 0x00000000c5600000| Untracked 
|  23|0x00000000c5700000, 0x00000000c5700000, 0x00000000c5800000|  0%| F|  |TAMS 0x00000000c5700000| PB 0x00000000c5700000| Untracked 
|  24|0x00000000c5800000, 0x00000000c5800000, 0x00000000c5900000|  0%| F|  |TAMS 0x00000000c5800000| PB 0x00000000c5800000| Untracked 
|  25|0x00000000c5900000, 0x00000000c5900000, 0x00000000c5a00000|  0%| F|  |TAMS 0x00000000c5900000| PB 0x00000000c5900000| Untracked 
|  26|0x00000000c5a00000, 0x00000000c5a00000, 0x00000000c5b00000|  0%| F|  |TAMS 0x00000000c5a00000| PB 0x00000000c5a00000| Untracked 
|  27|0x00000000c5b00000, 0x00000000c5b00000, 0x00000000c5c00000|  0%| F|  |TAMS 0x00000000c5b00000| PB 0x00000000c5b00000| Untracked 
|  28|0x00000000c5c00000, 0x00000000c5c00000, 0x00000000c5d00000|  0%| F|  |TAMS 0x00000000c5c00000| PB 0x00000000c5c00000| Untracked 
|  29|0x00000000c5d00000, 0x00000000c5d00000, 0x00000000c5e00000|  0%| F|  |TAMS 0x00000000c5d00000| PB 0x00000000c5d00000| Untracked 
|  30|0x00000000c5e00000, 0x00000000c5e00000, 0x00000000c5f00000|  0%| F|  |TAMS 0x00000000c5e00000| PB 0x00000000c5e00000| Untracked 
|  31|0x00000000c5f00000, 0x00000000c5f00000, 0x00000000c6000000|  0%| F|  |TAMS 0x00000000c5f00000| PB 0x00000000c5f00000| Untracked 
|  32|0x00000000c6000000, 0x00000000c6000000, 0x00000000c6100000|  0%| F|  |TAMS 0x00000000c6000000| PB 0x00000000c6000000| Untracked 
|  33|0x00000000c6100000, 0x00000000c6100000, 0x00000000c6200000|  0%| F|  |TAMS 0x00000000c6100000| PB 0x00000000c6100000| Untracked 
|  34|0x00000000c6200000, 0x00000000c6200000, 0x00000000c6300000|  0%| F|  |TAMS 0x00000000c6200000| PB 0x00000000c6200000| Untracked 
|  35|0x00000000c6300000, 0x00000000c6300000, 0x00000000c6400000|  0%| F|  |TAMS 0x00000000c6300000| PB 0x00000000c6300000| Untracked 
|  36|0x00000000c6400000, 0x00000000c6400000, 0x00000000c6500000|  0%| F|  |TAMS 0x00000000c6400000| PB 0x00000000c6400000| Untracked 
|  37|0x00000000c6500000, 0x00000000c6500000, 0x00000000c6600000|  0%| F|  |TAMS 0x00000000c6500000| PB 0x00000000c6500000| Untracked 
|  38|0x00000000c6600000, 0x00000000c6600000, 0x00000000c6700000|  0%| F|  |TAMS 0x00000000c6600000| PB 0x00000000c6600000| Untracked 
|  44|0x00000000c6c00000, 0x00000000c6d00000, 0x00000000c6d00000|100%| E|  |TAMS 0x00000000c6c00000| PB 0x00000000c6c00000| Complete 
|  45|0x00000000c6d00000, 0x00000000c6e00000, 0x00000000c6e00000|100%| E|CS|TAMS 0x00000000c6d00000| PB 0x00000000c6d00000| Complete 
|  46|0x00000000c6e00000, 0x00000000c6f00000, 0x00000000c6f00000|100%| E|CS|TAMS 0x00000000c6e00000| PB 0x00000000c6e00000| Complete 
|  59|0x00000000c7b00000, 0x00000000c7c00000, 0x00000000c7c00000|100%| E|  |TAMS 0x00000000c7b00000| PB 0x00000000c7b00000| Complete 
| 957|0x00000000ffd00000, 0x00000000ffe00000, 0x00000000ffe00000|100%| O|  |TAMS 0x00000000ffd00000| PB 0x00000000ffd00000| Untracked 
| 958|0x00000000ffe00000, 0x00000000fff00000, 0x00000000fff00000|100%| O|  |TAMS 0x00000000ffe00000| PB 0x00000000ffe00000| Untracked 
| 959|0x00000000fff00000, 0x0000000100000000, 0x0000000100000000|100%| O|  |TAMS 0x00000000fff00000| PB 0x00000000fff00000| Untracked 

Card table byte_map: [0x0000017767030000,0x0000017767210000] _byte_map_base: 0x0000017766a10000

Marking Bits: (CMBitMap*) 0x0000017754f0d9a0
 Bits: [0x0000017767210000, 0x0000017768110000)

Polling page: 0x0000017752ee0000

Metaspace:

Usage:
  Non-class:     25.58 MB used.
      Class:      3.03 MB used.
       Both:     28.61 MB used.

Virtual space:
  Non-class space:       64.00 MB reserved,      25.69 MB ( 40%) committed,  1 nodes.
      Class space:        1.00 GB reserved,       3.12 MB ( <1%) committed,  1 nodes.
             Both:        1.06 GB reserved,      28.81 MB (  3%) committed. 

Chunk freelists:
   Non-Class:  5.89 MB
       Class:  12.77 MB
        Both:  18.66 MB

MaxMetaspaceSize: unlimited
CompressedClassSpaceSize: 1.00 GB
Initial GC threshold: 21.00 MB
Current GC threshold: 35.25 MB
CDS: off
 - commit_granule_bytes: 65536.
 - commit_granule_words: 8192.
 - virtual_space_node_default_size: 8388608.
 - enlarge_chunks_in_place: 1.
 - use_allocation_guard: 0.


Internal statistics:

num_allocs_failed_limit: 3.
num_arena_births: 204.
num_arena_deaths: 0.
num_vsnodes_births: 2.
num_vsnodes_deaths: 0.
num_space_committed: 461.
num_space_uncommitted: 0.
num_chunks_returned_to_freelist: 3.
num_chunks_taken_from_freelist: 990.
num_chunk_merges: 3.
num_chunk_splits: 760.
num_chunks_enlarged: 656.
num_inconsistent_stats: 0.

CodeHeap 'non-profiled nmethods': size=120000Kb used=640Kb max_used=640Kb free=119360Kb
 bounds [0x000001775fb00000, 0x000001775fd70000, 0x0000017767030000]
CodeHeap 'profiled nmethods': size=120000Kb used=2794Kb max_used=2794Kb free=117206Kb
 bounds [0x0000017758030000, 0x00000177582f0000, 0x000001775f560000]
CodeHeap 'non-nmethods': size=5760Kb used=1581Kb max_used=1599Kb free=4178Kb
 bounds [0x000001775f560000, 0x000001775f7d0000, 0x000001775fb00000]
 total_blobs=2124 nmethods=1584 adapters=445
 compilation: enabled
              stopped_count=0, restarted_count=0
 full_count=0

Compilation events (20 events):
Event: 3.159 Thread 0x000001776a8d4e50 1575       3       kotlin.reflect.jvm.internal.impl.name.FqName::isRoot (8 bytes)
Event: 3.159 Thread 0x000001776a8d4e50 nmethod 1575 0x00000177582e6210 code [0x00000177582e63c0, 0x00000177582e6600]
Event: 3.186 Thread 0x000001776a8d4e50 1579       3       kotlin.reflect.jvm.internal.ReflectProperties$Val::<init> (5 bytes)
Event: 3.186 Thread 0x000001776a8d4e50 nmethod 1579 0x00000177582e6710 code [0x00000177582e68c0, 0x00000177582e6a28]
Event: 3.186 Thread 0x000001776a8d4e50 1580       3       kotlin.reflect.jvm.internal.ReflectProperties::lazySoft (18 bytes)
Event: 3.186 Thread 0x000001776a8d4e50 nmethod 1580 0x00000177582e6b10 code [0x00000177582e6cc0, 0x00000177582e6ec0]
Event: 3.188 Thread 0x000001776a8d4e50 1581       3       kotlin.reflect.jvm.internal.ReflectProperties::lazySoft (14 bytes)
Event: 3.189 Thread 0x000001776a8d4e50 nmethod 1581 0x00000177582e6f90 code [0x00000177582e7160, 0x00000177582e7410]
Event: 3.216 Thread 0x000001776a8d4e50 1582       3       kotlin.reflect.jvm.internal.impl.name.FqName::toUnsafe (13 bytes)
Event: 3.217 Thread 0x000001776a8d4e50 nmethod 1582 0x00000177582e7510 code [0x00000177582e76c0, 0x00000177582e7840]
Event: 3.217 Thread 0x000001776a8d4e50 1583       3       kotlin.reflect.jvm.internal.impl.name.FqName::asString (16 bytes)
Event: 3.217 Thread 0x000001776a8d4e50 nmethod 1583 0x00000177582e7910 code [0x00000177582e7ae0, 0x00000177582e7d30]
Event: 3.217 Thread 0x000001776a8d4e50 1584       3       kotlin.reflect.jvm.internal.impl.name.FqNameUnsafe::asString (13 bytes)
Event: 3.217 Thread 0x000001776a8d4e50 nmethod 1584 0x00000177582e7e10 code [0x00000177582e7fc0, 0x00000177582e8140]
Event: 3.247 Thread 0x000001776a8d4e50 1585       3       java.lang.NamedPackage::<init> (59 bytes)
Event: 3.248 Thread 0x000001776a8d4e50 nmethod 1585 0x00000177582e8210 code [0x00000177582e84a0, 0x00000177582e8ee8]
Event: 3.262 Thread 0x000001776a8d4e50 1586       3       kotlin.reflect.jvm.internal.ReflectProperties$LazySoftVal::<init> (43 bytes)
Event: 3.262 Thread 0x000001776a8d4e50 nmethod 1586 0x00000177582e9310 code [0x00000177582e9520, 0x00000177582e9cc0]
Event: 3.274 Thread 0x000001776a8d4e50 1588       3       kotlin.reflect.jvm.internal.impl.name.FqNameUnsafe::hashCode (8 bytes)
Event: 3.275 Thread 0x000001776a8d4e50 nmethod 1588 0x00000177582e9f10 code [0x00000177582ea0c0, 0x00000177582ea200]

GC Heap History (10 events):
Event: 0.646 GC heap before
{Heap before GC invocations=0 (full 0):
 garbage-first heap   total 61440K, used 16384K [0x00000000c4000000, 0x0000000100000000)
  region size 1024K, 13 young (13312K), 0 survivors (0K)
 Metaspace       used 11159K, committed 11328K, reserved 1114112K
  class space    used 942K, committed 1024K, reserved 1048576K
}
Event: 0.653 GC heap after
{Heap after GC invocations=1 (full 0):
 garbage-first heap   total 61440K, used 5445K [0x00000000c4000000, 0x0000000100000000)
  region size 1024K, 2 young (2048K), 2 survivors (2048K)
 Metaspace       used 11159K, committed 11328K, reserved 1114112K
  class space    used 942K, committed 1024K, reserved 1048576K
}
Event: 1.139 GC heap before
{Heap before GC invocations=1 (full 0):
 garbage-first heap   total 61440K, used 23877K [0x00000000c4000000, 0x0000000100000000)
  region size 1024K, 21 young (21504K), 2 survivors (2048K)
 Metaspace       used 16630K, committed 16832K, reserved 1114112K
  class space    used 1605K, committed 1664K, reserved 1048576K
}
Event: 1.145 GC heap after
{Heap after GC invocations=2 (full 0):
 garbage-first heap   total 61440K, used 7166K [0x00000000c4000000, 0x0000000100000000)
  region size 1024K, 2 young (2048K), 2 survivors (2048K)
 Metaspace       used 16630K, committed 16832K, reserved 1114112K
  class space    used 1605K, committed 1664K, reserved 1048576K
}
Event: 1.632 GC heap before
{Heap before GC invocations=2 (full 0):
 garbage-first heap   total 61440K, used 19454K [0x00000000c4000000, 0x0000000100000000)
  region size 1024K, 15 young (15360K), 2 survivors (2048K)
 Metaspace       used 21308K, committed 21504K, reserved 1114112K
  class space    used 2164K, committed 2240K, reserved 1048576K
}
Event: 1.636 GC heap after
{Heap after GC invocations=3 (full 0):
 garbage-first heap   total 61440K, used 7806K [0x00000000c4000000, 0x0000000100000000)
  region size 1024K, 3 young (3072K), 3 survivors (3072K)
 Metaspace       used 21308K, committed 21504K, reserved 1114112K
  class space    used 2164K, committed 2240K, reserved 1048576K
}
Event: 2.533 GC heap before
{Heap before GC invocations=4 (full 0):
 garbage-first heap   total 30720K, used 29310K [0x00000000c4000000, 0x0000000100000000)
  region size 1024K, 24 young (24576K), 3 survivors (3072K)
 Metaspace       used 25208K, committed 25408K, reserved 1114112K
  class space    used 2651K, committed 2752K, reserved 1048576K
}
Event: 2.547 GC heap after
{Heap after GC invocations=5 (full 0):
 garbage-first heap   total 38912K, used 13663K [0x00000000c4000000, 0x0000000100000000)
  region size 1024K, 5 young (5120K), 5 survivors (5120K)
 Metaspace       used 25208K, committed 25408K, reserved 1114112K
  class space    used 2651K, committed 2752K, reserved 1048576K
}
Event: 3.172 GC heap before
{Heap before GC invocations=5 (full 0):
 garbage-first heap   total 38912K, used 27999K [0x00000000c4000000, 0x0000000100000000)
  region size 1024K, 19 young (19456K), 5 survivors (5120K)
 Metaspace       used 28195K, committed 28416K, reserved 1114112K
  class space    used 3015K, committed 3136K, reserved 1048576K
}
Event: 3.184 GC heap after
{Heap after GC invocations=6 (full 0):
 garbage-first heap   total 47104K, used 16095K [0x00000000c4000000, 0x0000000100000000)
  region size 1024K, 3 young (3072K), 3 survivors (3072K)
 Metaspace       used 28195K, committed 28416K, reserved 1114112K
  class space    used 3015K, committed 3136K, reserved 1048576K
}

Dll operation events (3 events):
Event: 0.013 Loaded shared library C:\Program Files\Android\Android Studio\jbr\bin\java.dll
Event: 0.020 Loaded shared library C:\Program Files\Android\Android Studio\jbr\bin\zip.dll
Event: 2.078 Loaded shared library C:\Program Files\Android\Android Studio\jbr\bin\verify.dll

Deoptimization events (20 events):
Event: 2.846 Thread 0x0000017754ed93b0 Uncommon trap: trap_request=0xffffff54 fr.pc=0x000001775fb75a98 relative=0x0000000000000078
Event: 2.846 Thread 0x0000017754ed93b0 Uncommon trap: reason=speculate_null_assert action=make_not_entrant pc=0x000001775fb75a98 method=jdk.internal.misc.Unsafe.getIntUnaligned(Ljava/lang/Object;JZ)I @ 5 c2
Event: 2.846 Thread 0x0000017754ed93b0 DEOPT PACKING pc=0x000001775fb75a98 sp=0x00000050f4ffe080
Event: 2.846 Thread 0x0000017754ed93b0 DEOPT UNPACKING pc=0x000001775f5b7da2 sp=0x00000050f4ffe010 mode 2
Event: 3.004 Thread 0x0000017754ed93b0 Uncommon trap: trap_request=0xffffff45 fr.pc=0x000001775fb752a0 relative=0x00000000000005e0
Event: 3.004 Thread 0x0000017754ed93b0 Uncommon trap: reason=unstable_if action=reinterpret pc=0x000001775fb752a0 method=java.lang.String.<init>([CIILjava/lang/Void;)V @ 5 c2
Event: 3.004 Thread 0x0000017754ed93b0 DEOPT PACKING pc=0x000001775fb752a0 sp=0x00000050f4ffe4d0
Event: 3.004 Thread 0x0000017754ed93b0 DEOPT UNPACKING pc=0x000001775f5b7da2 sp=0x00000050f4ffe3b0 mode 2
Event: 3.060 Thread 0x0000017754ed93b0 Uncommon trap: trap_request=0xffffffde fr.pc=0x000001775fb8f178 relative=0x00000000000005d8
Event: 3.060 Thread 0x0000017754ed93b0 Uncommon trap: reason=class_check action=maybe_recompile pc=0x000001775fb8f178 method=java.util.HashMap.getNode(Ljava/lang/Object;)Ljava/util/HashMap$Node; @ 128 c2
Event: 3.060 Thread 0x0000017754ed93b0 DEOPT PACKING pc=0x000001775fb8f178 sp=0x00000050f4ffd9e0
Event: 3.060 Thread 0x0000017754ed93b0 DEOPT UNPACKING pc=0x000001775f5b7da2 sp=0x00000050f4ffd8f8 mode 2
Event: 3.074 Thread 0x0000017754ed93b0 Uncommon trap: trap_request=0xffffffde fr.pc=0x000001775fb8f178 relative=0x00000000000005d8
Event: 3.074 Thread 0x0000017754ed93b0 Uncommon trap: reason=class_check action=maybe_recompile pc=0x000001775fb8f178 method=java.util.HashMap.getNode(Ljava/lang/Object;)Ljava/util/HashMap$Node; @ 128 c2
Event: 3.074 Thread 0x0000017754ed93b0 DEOPT PACKING pc=0x000001775fb8f178 sp=0x00000050f4ffd9e0
Event: 3.074 Thread 0x0000017754ed93b0 DEOPT UNPACKING pc=0x000001775f5b7da2 sp=0x00000050f4ffd8f8 mode 2
Event: 3.078 Thread 0x0000017754ed93b0 Uncommon trap: trap_request=0xffffffde fr.pc=0x000001775fb8e050 relative=0x00000000000005b0
Event: 3.078 Thread 0x0000017754ed93b0 Uncommon trap: reason=class_check action=maybe_recompile pc=0x000001775fb8e050 method=java.util.HashMap.getNode(Ljava/lang/Object;)Ljava/util/HashMap$Node; @ 128 c2
Event: 3.078 Thread 0x0000017754ed93b0 DEOPT PACKING pc=0x000001775fb8e050 sp=0x00000050f4ffd970
Event: 3.078 Thread 0x0000017754ed93b0 DEOPT UNPACKING pc=0x000001775f5b7da2 sp=0x00000050f4ffd8f8 mode 2

Classes loaded (20 events):
Event: 2.845 Loading class java/lang/invoke/VarHandleByteArrayAsInts$ArrayHandle
Event: 2.845 Loading class java/lang/invoke/VarHandleByteArrayAsInts$ByteArrayViewVarHandle
Event: 2.845 Loading class java/lang/invoke/VarHandleByteArrayAsInts$ByteArrayViewVarHandle done
Event: 2.845 Loading class java/lang/invoke/VarHandleByteArrayAsInts$ArrayHandle done
Event: 2.845 Loading class java/lang/invoke/VarHandleByteArrayAsFloats$ArrayHandle
Event: 2.845 Loading class java/lang/invoke/VarHandleByteArrayAsFloats$ByteArrayViewVarHandle
Event: 2.845 Loading class java/lang/invoke/VarHandleByteArrayAsFloats$ByteArrayViewVarHandle done
Event: 2.845 Loading class java/lang/invoke/VarHandleByteArrayAsFloats$ArrayHandle done
Event: 2.845 Loading class java/lang/invoke/VarHandleByteArrayAsLongs$ArrayHandle
Event: 2.846 Loading class java/lang/invoke/VarHandleByteArrayAsLongs$ByteArrayViewVarHandle
Event: 2.846 Loading class java/lang/invoke/VarHandleByteArrayAsLongs$ByteArrayViewVarHandle done
Event: 2.846 Loading class java/lang/invoke/VarHandleByteArrayAsLongs$ArrayHandle done
Event: 2.846 Loading class java/lang/invoke/VarHandleByteArrayAsDoubles$ArrayHandle
Event: 2.846 Loading class java/lang/invoke/VarHandleByteArrayAsDoubles$ByteArrayViewVarHandle
Event: 2.846 Loading class java/lang/invoke/VarHandleByteArrayAsDoubles$ByteArrayViewVarHandle done
Event: 2.846 Loading class java/lang/invoke/VarHandleByteArrayAsDoubles$ArrayHandle done
Event: 2.893 Loading class java/lang/Long$LongCache
Event: 2.893 Loading class java/lang/Long$LongCache done
Event: 3.128 Loading class java/util/Collections$SingletonMap
Event: 3.128 Loading class java/util/Collections$SingletonMap done

Classes unloaded (0 events):
No events

Classes redefined (0 events):
No events

Internal exceptions (20 events):
Event: 1.398 Thread 0x0000017754ed93b0 Exception <a 'java/lang/NoSuchMethodError'{0x00000000c758c5e8}: 'int java.lang.invoke.DirectMethodHandle$Holder.invokeSpecial(java.lang.Object, java.lang.Object, java.lang.Object, java.lang.Object)'> (0x00000000c758c5e8) 
thrown [s\src\hotspot\share\interpreter\linkResolver.cpp, line 784]
Event: 1.400 Thread 0x0000017754ed93b0 Exception <a 'java/lang/NoSuchMethodError'{0x00000000c759ad08}: 'void java.lang.invoke.DelegatingMethodHandle$Holder.reinvoke_L(java.lang.Object, java.lang.Object, java.lang.Object, long, java.lang.Object, long, long)'> (0x00000000c759ad08) 
thrown [s\src\hotspot\share\interpreter\linkResolver.cpp, line 784]
Event: 1.401 Thread 0x0000017754ed93b0 Exception <a 'java/lang/NoSuchMethodError'{0x00000000c75a1b08}: 'long java.lang.invoke.Invokers$Holder.invokeExact_MT(java.lang.Object, java.lang.Object, java.lang.Object)'> (0x00000000c75a1b08) 
thrown [s\src\hotspot\share\interpreter\linkResolver.cpp, line 784]
Event: 1.403 Thread 0x0000017754ed93b0 Exception <a 'java/lang/NoSuchMethodError'{0x00000000c75a5a40}: 'int java.lang.invoke.Invokers$Holder.invokeExact_MT(java.lang.Object, java.lang.Object, java.lang.Object)'> (0x00000000c75a5a40) 
thrown [s\src\hotspot\share\interpreter\linkResolver.cpp, line 784]
Event: 1.446 Thread 0x0000017754ed93b0 Exception <a 'java/lang/NoSuchMethodError'{0x00000000c7486bf0}: 'int java.lang.invoke.DirectMethodHandle$Holder.invokeStaticInit(java.lang.Object, java.lang.Object, java.lang.Object)'> (0x00000000c7486bf0) 
thrown [s\src\hotspot\share\interpreter\linkResolver.cpp, line 784]
Event: 1.453 Thread 0x0000017754ed93b0 Exception <a 'java/lang/NoSuchMethodError'{0x00000000c74b2e00}: 'int java.lang.invoke.DirectMethodHandle$Holder.invokeStaticInit(java.lang.Object, java.lang.Object)'> (0x00000000c74b2e00) 
thrown [s\src\hotspot\share\interpreter\linkResolver.cpp, line 784]
Event: 1.476 Thread 0x0000017754ed93b0 Exception <a 'java/lang/NoSuchMethodError'{0x00000000c736f6d8}: 'int java.lang.invoke.DirectMethodHandle$Holder.invokeStatic(java.lang.Object)'> (0x00000000c736f6d8) 
thrown [s\src\hotspot\share\interpreter\linkResolver.cpp, line 784]
Event: 1.477 Thread 0x0000017754ed93b0 Exception <a 'java/lang/NoSuchMethodError'{0x00000000c7372b20}: 'int java.lang.invoke.DirectMethodHandle$Holder.invokeStaticInit(java.lang.Object)'> (0x00000000c7372b20) 
thrown [s\src\hotspot\share\interpreter\linkResolver.cpp, line 784]
Event: 1.676 Thread 0x0000017754ed93b0 Exception <a 'java/lang/NoSuchMethodError'{0x00000000c5903a08}: 'void java.lang.invoke.DirectMethodHandle$Holder.invokeStatic(java.lang.Object, java.lang.Object, java.lang.Object, java.lang.Object)'> (0x00000000c5903a08) 
thrown [s\src\hotspot\share\interpreter\linkResolver.cpp, line 784]
Event: 1.747 Thread 0x0000017754ed93b0 Exception <a 'java/lang/NoSuchMethodError'{0x00000000c585be58}: 'java.lang.Object java.lang.invoke.DirectMethodHandle$Holder.invokeInterface(java.lang.Object, java.lang.Object)'> (0x00000000c585be58) 
thrown [s\src\hotspot\share\interpreter\linkResolver.cpp, line 784]
Event: 1.852 Thread 0x0000017754ed93b0 Exception <a 'java/lang/NoSuchMethodError'{0x00000000c56fe108}: 'void java.lang.invoke.DirectMethodHandle$Holder.invokeStaticInit(java.lang.Object, java.lang.Object)'> (0x00000000c56fe108) 
thrown [s\src\hotspot\share\interpreter\linkResolver.cpp, line 784]
Event: 1.949 Thread 0x0000017754ed93b0 Exception <a 'java/lang/NoSuchMethodError'{0x00000000c54e04f0}: 'int java.lang.invoke.DirectMethodHandle$Holder.invokeVirtual(java.lang.Object, java.lang.Object, java.lang.Object)'> (0x00000000c54e04f0) 
thrown [s\src\hotspot\share\interpreter\linkResolver.cpp, line 784]
Event: 2.017 Thread 0x0000017754ed93b0 Exception <a 'java/lang/NoSuchMethodError'{0x00000000c52ba390}: 'void java.lang.invoke.Invokers$Holder.invokeExact_MT(java.lang.Object, int, java.lang.Object)'> (0x00000000c52ba390) 
thrown [s\src\hotspot\share\interpreter\linkResolver.cpp, line 784]
Event: 2.158 Thread 0x0000017754ed93b0 Exception <a 'java/lang/NoSuchMethodError'{0x00000000c4f31710}: 'void java.lang.invoke.DirectMethodHandle$Holder.invokeVirtual(java.lang.Object, java.lang.Object)'> (0x00000000c4f31710) 
thrown [s\src\hotspot\share\interpreter\linkResolver.cpp, line 784]
Event: 2.193 Thread 0x0000017754ed93b0 Exception <a 'java/lang/NoSuchMethodError'{0x00000000c4fa52f8}: 'long java.lang.invoke.DirectMethodHandle$Holder.invokeStatic(java.lang.Object, java.lang.Object, int)'> (0x00000000c4fa52f8) 
thrown [s\src\hotspot\share\interpreter\linkResolver.cpp, line 784]
Event: 2.196 Thread 0x0000017754ed93b0 Exception <a 'java/lang/NoSuchMethodError'{0x00000000c4fb02e0}: 'java.lang.Object java.lang.invoke.DelegatingMethodHandle$Holder.reinvoke_L(java.lang.Object, int, long, java.lang.Object, java.lang.Object, int, java.lang.Object)'> (0x00000000c4fb02e0) 
thrown [s\src\hotspot\share\interpreter\linkResolver.cpp, line 784]
Event: 2.271 Thread 0x0000017754ed93b0 Exception <a 'java/lang/NoSuchMethodError'{0x00000000c4fd7840}: 'java.lang.Object java.lang.invoke.DirectMethodHandle$Holder.invokeStatic(java.lang.Object, java.lang.Object, int)'> (0x00000000c4fd7840) 
thrown [s\src\hotspot\share\interpreter\linkResolver.cpp, line 784]
Event: 2.289 Thread 0x0000017754ed93b0 Exception <a 'java/lang/NoSuchMethodError'{0x00000000c4fe2ea0}: 'void java.lang.invoke.DelegatingMethodHandle$Holder.delegate(java.lang.Object, java.lang.Object, int, java.lang.Object)'> (0x00000000c4fe2ea0) 
thrown [s\src\hotspot\share\interpreter\linkResolver.cpp, line 784]
Event: 2.672 Thread 0x0000017754ed93b0 Exception <a 'java/lang/NoSuchMethodError'{0x00000000c58db068}: 'java.lang.Object java.lang.invoke.DirectMethodHandle$Holder.invokeStatic(java.lang.Object, java.lang.Object, int, java.lang.Object)'> (0x00000000c58db068) 
thrown [s\src\hotspot\share\interpreter\linkResolver.cpp, line 784]
Event: 3.099 Thread 0x0000017754ed93b0 Exception <a 'java/lang/NoSuchMethodError'{0x00000000c51cfeb0}: 'java.lang.Object java.lang.invoke.DirectMethodHandle$Holder.newInvokeSpecial(java.lang.Object, java.lang.Object, java.lang.Object, java.lang.Object, java.lang.Object, java.lang.Object)'> (0x00000000c51cfeb0) 
thrown [s\src\hotspot\share\interpreter\linkResolver.cpp, line 784]

ZGC Phase Switch (0 events):
No events

VM Operations (20 events):
Event: 1.645 Executing VM operation: G1PauseCleanup
Event: 1.647 Executing VM operation: G1PauseCleanup done
Event: 2.264 Executing VM operation: HandshakeAllThreads (Deoptimize)
Event: 2.265 Executing VM operation: HandshakeAllThreads (Deoptimize) done
Event: 2.533 Executing VM operation: G1CollectForAllocation (G1 Evacuation Pause)
Event: 2.547 Executing VM operation: G1CollectForAllocation (G1 Evacuation Pause) done
Event: 2.574 Executing VM operation: HandshakeAllThreads (Deoptimize)
Event: 2.574 Executing VM operation: HandshakeAllThreads (Deoptimize) done
Event: 2.575 Executing VM operation: HandshakeAllThreads (Deoptimize)
Event: 2.575 Executing VM operation: HandshakeAllThreads (Deoptimize) done
Event: 2.614 Executing VM operation: HandshakeAllThreads (Deoptimize)
Event: 2.614 Executing VM operation: HandshakeAllThreads (Deoptimize) done
Event: 2.766 Executing VM operation: HandshakeAllThreads (Deoptimize)
Event: 2.766 Executing VM operation: HandshakeAllThreads (Deoptimize) done
Event: 2.767 Executing VM operation: HandshakeAllThreads (Deoptimize)
Event: 2.767 Executing VM operation: HandshakeAllThreads (Deoptimize) done
Event: 3.070 Executing VM operation: HandshakeAllThreads (Deoptimize)
Event: 3.070 Executing VM operation: HandshakeAllThreads (Deoptimize) done
Event: 3.172 Executing VM operation: G1CollectForAllocation (G1 Evacuation Pause)
Event: 3.184 Executing VM operation: G1CollectForAllocation (G1 Evacuation Pause) done

Memory protections (0 events):
No events

Nmethod flushes (0 events):
No events

Events (15 events):
Event: 0.018 Thread 0x0000017754ed93b0 Thread added: 0x0000017754ed93b0
Event: 0.089 Thread 0x0000017754ed93b0 Thread added: 0x000001776a74cb80
Event: 0.089 Thread 0x0000017754ed93b0 Thread added: 0x000001776a74d7d0
Event: 0.090 Thread 0x0000017754ed93b0 Thread added: 0x000001776a8c0dc0
Event: 0.090 Thread 0x0000017754ed93b0 Thread added: 0x000001776a8b7010
Event: 0.090 Thread 0x0000017754ed93b0 Thread added: 0x000001776a8b7a60
Event: 0.090 Thread 0x0000017754ed93b0 Thread added: 0x000001776a8a12e0
Event: 0.090 Thread 0x0000017754ed93b0 Thread added: 0x000001776a8a2410
Event: 0.091 Thread 0x0000017754ed93b0 Thread added: 0x000001776a8d4e50
Event: 0.145 Thread 0x0000017754ed93b0 Thread added: 0x000001776aa78bb0
Event: 0.154 Thread 0x0000017754ed93b0 Thread added: 0x000001776aa7d7f0
Event: 0.167 Loaded shared library C:\Program Files\Android\Android Studio\jbr\bin\net.dll
Event: 0.171 Loaded shared library C:\Program Files\Android\Android Studio\jbr\bin\nio.dll
Event: 0.206 Loaded shared library C:\Program Files\Android\Android Studio\jbr\bin\zip.dll
Event: 0.257 Loaded shared library C:\Program Files\Android\Android Studio\jbr\bin\jimage.dll


Dynamic libraries:
0x00007ff7f9750000 - 0x00007ff7f975a000 	C:\Program Files\Android\Android Studio\jbr\bin\java.exe
0x00007ffc4c0c0000 - 0x00007ffc4c325000 	C:\WINDOWS\SYSTEM32\ntdll.dll
0x00007ffc4b3d0000 - 0x00007ffc4b499000 	C:\WINDOWS\System32\KERNEL32.DLL
0x00007ffc49210000 - 0x00007ffc495f8000 	C:\WINDOWS\System32\KERNELBASE.dll
0x00007ffc49ae0000 - 0x00007ffc49c2b000 	C:\WINDOWS\System32\ucrtbase.dll
0x00007ffc34980000 - 0x00007ffc3499b000 	C:\Program Files\Android\Android Studio\jbr\bin\VCRUNTIME140.dll
0x00007ffc349c0000 - 0x00007ffc349d8000 	C:\Program Files\Android\Android Studio\jbr\bin\jli.dll
0x00007ffc4a400000 - 0x00007ffc4a5ca000 	C:\WINDOWS\System32\USER32.dll
0x00007ffc49690000 - 0x00007ffc496b7000 	C:\WINDOWS\System32\win32u.dll
0x00007ffc4a640000 - 0x00007ffc4a66b000 	C:\WINDOWS\System32\GDI32.dll
0x00007ffc35550000 - 0x00007ffc357ea000 	C:\WINDOWS\WinSxS\amd64_microsoft.windows.common-controls_6595b64144ccf1df_6.0.26100.4202_none_3e0698d4e335f517\COMCTL32.dll
0x00007ffc49900000 - 0x00007ffc49a37000 	C:\WINDOWS\System32\gdi32full.dll
0x00007ffc4b500000 - 0x00007ffc4b5a9000 	C:\WINDOWS\System32\msvcrt.dll
0x00007ffc49c30000 - 0x00007ffc49cd3000 	C:\WINDOWS\System32\msvcp_win.dll
0x00007ffc4b5b0000 - 0x00007ffc4b5e0000 	C:\WINDOWS\System32\IMM32.DLL
0x00007ffc34e10000 - 0x00007ffc34e1c000 	C:\Program Files\Android\Android Studio\jbr\bin\vcruntime140_1.dll
0x00007ffc1d1a0000 - 0x00007ffc1d22d000 	C:\Program Files\Android\Android Studio\jbr\bin\msvcp140.dll
0x00007ffbc8670000 - 0x00007ffbc92fb000 	C:\Program Files\Android\Android Studio\jbr\bin\server\jvm.dll
0x00007ffc49ee0000 - 0x00007ffc49f93000 	C:\WINDOWS\System32\ADVAPI32.dll
0x00007ffc4a350000 - 0x00007ffc4a3f6000 	C:\WINDOWS\System32\sechost.dll
0x00007ffc4b5f0000 - 0x00007ffc4b705000 	C:\WINDOWS\System32\RPCRT4.dll
0x00007ffc49e60000 - 0x00007ffc49ed4000 	C:\WINDOWS\System32\WS2_32.dll
0x00007ffc49060000 - 0x00007ffc490be000 	C:\WINDOWS\SYSTEM32\POWRPROF.dll
0x00007ffc396b0000 - 0x00007ffc396bb000 	C:\WINDOWS\SYSTEM32\VERSION.dll
0x00007ffc46a60000 - 0x00007ffc46a95000 	C:\WINDOWS\SYSTEM32\WINMM.dll
0x00007ffc49040000 - 0x00007ffc49054000 	C:\WINDOWS\SYSTEM32\UMPDC.dll
0x00007ffc47fd0000 - 0x00007ffc47feb000 	C:\WINDOWS\SYSTEM32\kernel.appcore.dll
0x00007ffc34a50000 - 0x00007ffc34a5a000 	C:\Program Files\Android\Android Studio\jbr\bin\jimage.dll
0x00007ffc467d0000 - 0x00007ffc46a11000 	C:\WINDOWS\SYSTEM32\DBGHELP.DLL
0x00007ffc49fc0000 - 0x00007ffc4a345000 	C:\WINDOWS\System32\combase.dll
0x00007ffc4a670000 - 0x00007ffc4a751000 	C:\WINDOWS\System32\OLEAUT32.dll
0x00007ffc46aa0000 - 0x00007ffc46ad9000 	C:\WINDOWS\SYSTEM32\dbgcore.DLL
0x00007ffc49a40000 - 0x00007ffc49ad9000 	C:\WINDOWS\System32\bcryptPrimitives.dll
0x00007ffc26c20000 - 0x00007ffc26c40000 	C:\Program Files\Android\Android Studio\jbr\bin\java.dll
0x00007ffc251d0000 - 0x00007ffc251e8000 	C:\Program Files\Android\Android Studio\jbr\bin\zip.dll
0x00007ffc4b790000 - 0x00007ffc4bed2000 	C:\WINDOWS\System32\SHELL32.dll
0x00007ffc49ce0000 - 0x00007ffc49e54000 	C:\WINDOWS\System32\wintypes.dll
0x00007ffc46e70000 - 0x00007ffc476c8000 	C:\WINDOWS\SYSTEM32\windows.storage.dll
0x00007ffc4bef0000 - 0x00007ffc4bfe1000 	C:\WINDOWS\System32\SHCORE.dll
0x00007ffc4a760000 - 0x00007ffc4a7ca000 	C:\WINDOWS\System32\shlwapi.dll
0x00007ffc49120000 - 0x00007ffc4914f000 	C:\WINDOWS\SYSTEM32\profapi.dll
0x00007ffc349e0000 - 0x00007ffc349f0000 	C:\Program Files\Android\Android Studio\jbr\bin\net.dll
0x00007ffc3b6e0000 - 0x00007ffc3b7fe000 	C:\WINDOWS\SYSTEM32\WINHTTP.dll
0x00007ffc48540000 - 0x00007ffc485aa000 	C:\WINDOWS\system32\mswsock.dll
0x00007ffc22de0000 - 0x00007ffc22df6000 	C:\Program Files\Android\Android Studio\jbr\bin\nio.dll
0x00007ffc326b0000 - 0x00007ffc326c0000 	C:\Program Files\Android\Android Studio\jbr\bin\verify.dll

dbghelp: loaded successfully - version: 4.0.5 - missing functions: none
symbol engine: initialized successfully - sym options: 0x614 - pdb path: .;C:\Program Files\Android\Android Studio\jbr\bin;C:\WINDOWS\SYSTEM32;C:\WINDOWS\WinSxS\amd64_microsoft.windows.common-controls_6595b64144ccf1df_6.0.26100.4202_none_3e0698d4e335f517;C:\Program Files\Android\Android Studio\jbr\bin\server

VM Arguments:
java_command: org.jetbrains.kotlin.cli.jvm.K2JVMCompiler @C:\Users\Ryan\AndroidStudioProjects\SobrevivaANoite\app\build\20250630_12544178038844773907.compiler.options
java_class_path (initial): C:\Users\Ryan\.gradle\caches\modules-2\files-2.1\org.jetbrains.kotlin\kotlin-compiler-embeddable\2.0.21\79346ed53db48b18312a472602eb5c057070c54d\kotlin-compiler-embeddable-2.0.21.jar;C:\Users\Ryan\.gradle\caches\modules-2\files-2.1\org.jetbrains.kotlin\kotlin-stdlib\2.0.21\618b539767b4899b4660a83006e052b63f1db551\kotlin-stdlib-2.0.21.jar;C:\Users\Ryan\.gradle\caches\modules-2\files-2.1\org.jetbrains.kotlin\kotlin-script-runtime\2.0.21\c9b044380ad41f89aa89aa896c2d32a8c0b2129d\kotlin-script-runtime-2.0.21.jar;C:\Users\Ryan\.gradle\caches\modules-2\files-2.1\org.jetbrains.kotlin\kotlin-reflect\1.6.10\1cbe9c92c12a94eea200d23c2bbaedaf3daf5132\kotlin-reflect-1.6.10.jar;C:\Users\Ryan\.gradle\caches\modules-2\files-2.1\org.jetbrains.kotlin\kotlin-daemon-embeddable\2.0.21\c9e933b23287de9b5a17e2116b4657bb91aea72c\kotlin-daemon-embeddable-2.0.21.jar;C:\Users\Ryan\.gradle\caches\modules-2\files-2.1\org.jetbrains.intellij.deps\trove4j\1.0.20200330\3afb14d5f9ceb459d724e907a21145e8ff394f02\trove4j-1.0.20200330.jar;C:\Users\Ryan\.gradle\caches\modules-2\files-2.1\org.jetbrains.kotlinx\kotlinx-coroutines-core-jvm\1.6.4\2c997cd1c0ef33f3e751d3831929aeff1390cb30\kotlinx-coroutines-core-jvm-1.6.4.jar;C:\Users\Ryan\.gradle\caches\modules-2\files-2.1\org.jetbrains\annotations\13.0\919f0dfe192fb4e063e7dacadee7f8bb9a2672a9\annotations-13.0.jar
Launcher Type: SUN_STANDARD

[Global flags]
     intx CICompilerCount                          = 3                                         {product} {ergonomic}
     uint ConcGCThreads                            = 1                                         {product} {ergonomic}
     uint G1ConcRefinementThreads                  = 4                                         {product} {ergonomic}
   size_t G1HeapRegionSize                         = 1048576                                   {product} {ergonomic}
    uintx GCDrainStackTargetSize                   = 64                                        {product} {ergonomic}
   size_t InitialHeapSize                          = 62914560                                  {product} {ergonomic}
   size_t MarkStackSize                            = 4194304                                   {product} {ergonomic}
   size_t MaxHeapSize                              = 1006632960                                {product} {ergonomic}
   size_t MaxNewSize                               = 603979776                                 {product} {ergonomic}
   size_t MinHeapDeltaBytes                        = 1048576                                   {product} {ergonomic}
   size_t MinHeapSize                              = 8388608                                   {product} {ergonomic}
    uintx NonNMethodCodeHeapSize                   = 5832780                                {pd product} {ergonomic}
    uintx NonProfiledCodeHeapSize                  = 122912730                              {pd product} {ergonomic}
    uintx ProfiledCodeHeapSize                     = 122912730                              {pd product} {ergonomic}
    uintx ReservedCodeCacheSize                    = 251658240                              {pd product} {ergonomic}
     bool SegmentedCodeCache                       = true                                      {product} {ergonomic}
   size_t SoftMaxHeapSize                          = 1006632960                             {manageable} {ergonomic}
     bool UseCompressedOops                        = true                           {product lp64_product} {ergonomic}
     bool UseG1GC                                  = true                                      {product} {ergonomic}
     bool UseLargePagesIndividualAllocation        = false                                  {pd product} {ergonomic}

Logging:
Log output configuration:
 #0: stdout all=warning uptime,level,tags foldmultilines=false
 #1: stderr all=off uptime,level,tags foldmultilines=false

Environment Variables:
JAVA_HOME=C:\Program Files\Java\jdk-21
PATH=C:\Program Files\Common Files\Oracle\Java\javapath;C:\WINDOWS\system32;C:\WINDOWS;C:\WINDOWS\System32\Wbem;C:\WINDOWS\System32\WindowsPowerShell\v1.0\;C:\WINDOWS\System32\OpenSSH\;C:\Program Files\Git\cmd;C:\Program Files\Docker\Docker\resources\bin;C:\Program Files\nodejs\;C:\Program Files\apache-maven-3.9.9\bin;C:\Program Files\Java\jdk-21\bin;C:\Users\Ryan\.cargo\bin;C:\Program Files\MySQL\MySQL Shell 8.0\bin\;C:\Users\Ryan\AppData\Local\Microsoft\WindowsApps;C:\Users\Ryan\AppData\Local\Programs\Microsoft VS Code\bin;C:\Users\Ryan\AppData\Roaming\npm;C:\Users\Ryan\AppData\Local\gitkraken\bin;C:\ffmpeg-7.0.2-essentials_build\bin;;C:\Program Files\JetBrains\IntelliJ IDEA 2024.3.1.1\bin;;C:\Users\Ryan\AppData\Local\Microsoft\WindowsApps
USERNAME=Ryan
OS=Windows_NT
PROCESSOR_IDENTIFIER=Intel64 Family 6 Model 140 Stepping 1, GenuineIntel
TMP=C:\Users\Ryan\AppData\Local\Temp
TEMP=C:\Users\Ryan\AppData\Local\Temp




Periodic native trim disabled

JNI global refs:
JNI global refs: 7, weak refs: 0

JNI global refs memory usage: 835, weak refs: 833

Process memory usage:
Resident Set Size: 133000K (3% of 3930916K total physical memory with 127892K free physical memory)

OOME stack traces (most recent first):
Classloader memory used:
Loader jdk.internal.loader.ClassLoaders$AppClassLoader                                 : 19208K
Loader bootstrap                                                                       : 9915K
Loader java.net.URLClassLoader                                                         : 200K

---------------  S Y S T E M  ---------------

OS:
 Windows 11 , 64 bit Build 26100 (10.0.26100.4202)
OS uptime: 0 days 4:05 hours
Hyper-V role detected

CPU: total 4 (initial active 4) (2 cores per cpu, 2 threads per core) family 6 model 140 stepping 1 microcode 0xbc, cx8, cmov, fxsr, ht, mmx, 3dnowpref, sse, sse2, sse3, ssse3, sse4.1, sse4.2, popcnt, lzcnt, tsc, tscinvbit, avx, avx2, aes, erms, clmul, bmi1, bmi2, adx, avx512f, avx512dq, avx512cd, avx512bw, avx512vl, sha, fma, vzeroupper, avx512_vpopcntdq, avx512_vpclmulqdq, avx512_vaes, avx512_vnni, clflush, clflushopt, clwb, avx512_vbmi2, avx512_vbmi, hv, rdtscp, rdpid, fsrm, gfni, avx512_bitalg, f16c, cet_ibt, cet_ss, avx512_ifma
Processor Information for the first 4 processors :
  Max Mhz: 1997, Current Mhz: 1997, Mhz Limit: 1997

Memory: 4k page, system-wide physical 3838M (124M free)
TotalPageFile size 15614M (AvailPageFile size 6M)
current process WorkingSet (physical memory assigned to process): 130M, peak: 130M
current process commit charge ("private bytes"): 164M, peak: 167M

vm_info: OpenJDK 64-Bit Server VM (21.0.6+-13368085-b895.109) for windows-amd64 JRE (21.0.6+-13368085-b895.109), built on 2025-04-16T17:01:31Z by "builder" with MS VC++ 16.10 / 16.11 (VS2019)

END.
